                            OLS Regression Results                            
==============================================================================
Dep. Variable:           Conservation   R-squared:                       0.215
Model:                            OLS   Adj. R-squared:                  0.212
Method:                 Least Squares   F-statistic:                     72.76
Date:                Fri, 24 Apr 2020   Prob (F-statistic):           1.14e-15
Time:                        22:17:25   Log-Likelihood:                -345.97
No. Observations:                 267   AIC:                             695.9
Df Residuals:                     265   BIC:                             703.1
Df Model:                           1                                         
Covariance Type:            nonrobust                                         
==============================================================================
                 coef    std err          t      P>|t|      [0.025      0.975]
------------------------------------------------------------------------------
const         -0.8054      0.109     -7.394      0.000      -1.020      -0.591
Site           0.0060      0.001      8.530      0.000       0.005       0.007
==============================================================================
Omnibus:                        3.543   Durbin-Watson:                   1.949
Prob(Omnibus):                  0.170   Jarque-Bera (JB):                3.606
Skew:                           0.276   Prob(JB):                        0.165
Kurtosis:                       2.859   Cond. No.                         310.
==============================================================================

Warnings:
[1] Standard Errors assume that the covariance matrix of the errors is correctly specified.

              R^2                   0.2154190222093184,
              Pearson Correlation   0.4641325481037915,
              Spearman Correlation  0.4454476734952688
