IQ-TREE multicore version 2.0.3 for Linux 64-bit built Apr 26 2020
Developed by Bui Quang Minh, Nguyen Lam Tung, Olga Chernomor,
Heiko Schmidt, Dominik Schrempf, Michael Woodhams.

Host:    lenovo-b50 (AVX2, FMA3, 7 GB RAM)
Command: iqtree -s mammals_mafft_trimmed.aln --prefix mammals_phylogeny -B 1000 --alrt 1000 -nt 4
Seed:    310767 (Using SPRNG - Scalable Parallel Random Number Generator)
Time:    Tue Nov 17 17:01:15 2020
Kernel:  AVX+FMA - 4 threads (4 CPU cores detected)

Reading alignment file mammals_mafft_trimmed.aln ... Fasta format detected
Alignment most likely contains protein sequences
Alignment has 106 sequences with 268 columns, 268 distinct patterns
243 parsimony-informative, 23 singleton sites, 2 constant sites
                                                    Gap/Ambiguity  Composition  p-value
   1  Gorilla_gorilla_ENSGGOP00000033442                    0.37%    passed     99.99%
   2  Pan_troglodytes_ENSPTRP00000080550                    0.37%    passed     99.99%
   3  Pan_paniscus_ENSPPAP00000007656                       0.37%    passed     99.99%
   4  Pan_troglodytes_ENSPTRP00000007404                    0.37%    passed     99.99%
   5  Nomascus_leucogenys_ENSNLEP00000008947                0.37%    passed     99.85%
   6  Piliocolobus_tephrosceles_ENSPTEP00000022375          0.37%    passed     97.01%
   7  Macaca_fascicularis_ENSMFAP00000037249                0.37%    passed     99.46%
   8  Colobus_angolensis_palliatus_ENSCANP00000040304       0.37%    passed     97.11%
   9  Cercocebus_atys_ENSCATP00000044852                    0.37%    passed     99.46%
  10  Macaca_nemestrina_ENSMNEP00000035632                  0.37%    passed     99.93%
  11  Papio_anubis_ENSPANP00000006074                       0.37%    passed     99.46%
  12  Mandrillus_leucophaeus_ENSMLEP00000035049             0.37%    passed     99.46%
  13  Macaca_mulatta_ENSMMUP00000021209                     0.37%    passed     99.46%
  14  Theropithecus_gelada_ENSTGEP00000026520               0.37%    passed     99.46%
  15  Chlorocebus_sabaeus_ENSCSAP00000015337                0.37%    passed     99.45%
  16  Rhinopithecus_roxellana_ENSRROP00000041818            0.37%    passed     98.13%
  17  Rhinopithecus_bieti_ENSRBIP00000043069                0.37%    passed     98.38%
  18  Cebus_capucinus_ENSCCAP00000013613                    0.37%    passed     98.87%
  19  Callithrix_jacchus_ENSCJAP00000023173                 0.75%    passed     94.26%
  20  Saimiri_boliviensis_boliviensis_ENSSBOP00000022311    0.75%    passed     99.64%
  21  Aotus_nancymaae_ENSANAP00000033484                    1.12%    passed     97.48%
  22  Carlito_syrichta_ENSTSYP00000021888                   0.75%    passed     99.78%
  23  Otolemur_garnettii_ENSOGAP00000020480                 0.75%    passed     99.97%
  24  Propithecus_coquereli_ENSPCOP00000003211              1.12%    passed     99.96%
  25  Microcebus_murinus_ENSMICP00000036936                 0.75%    passed     99.72%
  26  Prolemur_simus_ENSPSMP00000000253                     0.75%    passed     99.95%
  27  Cricetulus_griseus_picr_ENSCGRP00015025344            1.49%    passed     93.36%
  28  Heterocephalus_glaber_male_ENSHGLP00100014646         1.87%    passed     32.76%
  29  Chinchilla_lanigera_ENSCLAP00000016837                1.49%    passed     98.11%
  30  Fukomys_damarensis_ENSFDAP00000018576                 1.49%    passed     37.53%
  31  Nannospalax_galili_ENSNGAP00000019853                 1.49%    passed     98.75%
  32  Cricetulus_griseus_crigri_ENSCGRP00000019384          1.49%    passed     93.36%
  33  Sciurus_vulgaris_ENSSVLP00005028052                   1.12%    passed     99.99%
  34  Cavia_porcellus_ENSCPOP00000032306                    1.49%    passed     99.89%
  35  Dipodomys_ordii_ENSDORP00000011659                    1.49%    passed     99.96%
  36  Meriones_unguiculatus_ENSMUGP00000015766              1.49%    passed     61.12%
  37  Urocitellus_parryii_ENSUPAP00010007066                1.49%    passed    100.00%
  38  Heterocephalus_glaber_female_ENSHGLP00000027468       1.49%    passed     31.39%
  39  Microtus_ochrogaster_ENSMOCP00000019788               1.12%    passed     95.73%
  40  Cavia_aperea_ENSCAPP00000008812                       1.49%    passed     99.93%
  41  Cricetulus_griseus_chok1gshd_ENSCGRP00001027089       1.49%    passed     93.36%
  42  Castor_canadensis_ENSCCNP00000017901                  1.49%    passed    100.00%
  43  Octodon_degus_ENSODEP00000012142                      1.87%    passed     99.99%
  44  Ochotona_princeps_ENSOPRP00000016294                  1.87%    passed     99.55%
  45  Jaculus_jaculus_ENSJJAP00000010024                    1.49%    passed     99.82%
  46  Mus_musculus_ENSMUSP00000034588                       1.49%    passed     94.64%
  47  Mus_spicilegus_ENSMSIP00000012851                     1.49%    passed     98.57%
  48  Rattus_norvegicus_ENSRNOP00000065206                  3.36%    failed      0.47%
  49  Oryctolagus_cuniculus_ENSOCUP00000009241              0.75%    passed     99.92%
  50  Marmota_marmota_marmota_ENSMMMP00000026221            1.49%    passed     99.92%
  51  Mesocricetus_auratus_ENSMAUP00000019954               1.49%    passed     77.90%
  52  Ictidomys_tridecemlineatus_ENSSTOP00000002077         1.49%    passed     99.99%
  53  Mus_caroli_MGP_CAROLIEiJ_P0087687                     1.49%    passed     98.34%
  54  Mus_pahari_MGP_PahariEiJ_P0023342                     1.49%    passed     83.06%
  55  Mus_spretus_MGP_SPRETEiJ_P0091280                     1.49%    passed     96.84%
  56  Peromyscus_maniculatus_bairdii_ENSPEMP00000011287     1.49%    passed     71.11%
  57  Spermophilus_dauricus_ENSSDAP00000014821              1.49%    passed    100.00%
  58  Panthera_pardus_ENSPPRP00000001916                    0.75%    passed    100.00%
  59  Lynx_canadensis_ENSLCNP00005015953                    0.75%    passed    100.00%
  60  Canis_lupus_familiarisbasenji_ENSCAFP00030009795      0.75%    passed     99.90%
  61  Canis_lupus_familiarisgreatdane_ENSCAFP00040004612    0.75%    passed     99.90%
  62  Vulpes_vulpes_ENSVVUP00000034996                      0.75%    passed     99.48%
  63  Ailuropoda_melanoleuca_ENSAMEP00000009115             0.75%    passed     99.90%
  64  Neovison_vison_ENSNVIP00000007881                     0.75%    passed     99.97%
  65  Sus_scrofa_ENSSSCP00000033805                         5.22%    failed      1.64%
  66  Canis_lupus_dingo_ENSCAFP00020002685                  0.75%    passed     99.90%
  67  Equus_caballus_ENSECAP00000007649                     0.75%    passed     99.99%
  68  Ursus_thibetanus_thibetanus_ENSUTTP00000020530        0.37%    passed     99.93%
  69  Ursus_americanus_ENSUAMP00000025573                   0.75%    passed     99.96%
  70  Canis_lupus_familiaris_ENSCAFP00000019630             0.75%    passed     99.90%
  71  Zalophus_californianus_ENSZCAP00015033404             0.75%    passed     99.68%
  72  Felis_catus_ENSFCAP00000016102                        0.37%    passed     77.79%
  73  Mustela_putorius_furo_ENSMPUP00000004184              0.75%    passed     99.97%
  74  Rhinolophus_ferrumequinum_ENSRFEP00010013048          1.12%    passed     99.87%
  75  Equus_asinus_asinus_ENSEASP00005009167                0.75%    passed     99.99%
  76  Panthera_leo_ENSPLOP00000025470                       0.75%    passed    100.00%
  77  Procavia_capensis_ENSPCAP00000001437                  1.87%    passed     95.72%
  78  Dasypus_novemcinctus_ENSDNOP00000015747               2.24%    passed     99.39%
  79  Monodon_monoceros_ENSMMNP00015023340                  0.75%    passed     99.56%
  80  Balaenoptera_musculus_ENSBMSP00010006480              1.12%    passed     99.99%
  81  Capra_hircus_blackbengal_ENSCHIP00010011233           1.12%    passed     99.99%
  82  Bos_grunniens_ENSBGRP00000005993                      1.12%    passed    100.00%
  83  Bos_taurus_ENSBTAP00000002914                         1.12%    passed     99.98%
  84  Bison_bison_bison_ENSBBBP00000016449                  6.34%    passed     99.98%
  85  Bos_indicus_hybrid_ENSBIXP00005041040                 1.12%    passed     99.98%
  86  Moschus_moschiferus_ENSMMSP00000027806                1.12%    passed    100.00%
  87  Phocoena_sinus_ENSPSNP00000006449                     1.12%    passed     99.42%
  88  Delphinapterus_leucas_ENSDLEP00000014868              1.12%    passed     99.22%
  89  Camelus_dromedarius_ENSCDRP00005025823                0.75%    passed     99.98%
  90  Ovis_aries_rambouillet_ENSOARP00020032164             1.12%    passed     99.99%
  91  Cervus_hanglu_yarkandensis_ENSCHYP00000004610         1.12%    passed     99.69%
  92  Capra_hircus_ENSCHIP00000023988                       1.12%    passed     99.99%
  93  Physeter_catodon_ENSPCTP00005026118                   1.12%    passed     99.98%
  94  Catagonus_wagneri_ENSCWAP00000005209                  1.12%    passed     99.17%
  95  Bos_taurus_hybrid_ENSBIXP00000029002                  1.12%    passed     99.98%
  96  Cyprinus_carpio_hebaored_ENSCCRP00020054428           1.12%    passed     99.99%
  97  Ovis_aries_ENSOARP00000002748                         3.36%    passed     99.98%
  98  Ursus_maritimus_ENSUMAP00000004530                    4.85%    passed     91.38%
  99  Phascolarctos_cinereus_ENSPCIP00000032276             2.99%    failed      0.00%
 100  Vombatus_ursinus_ENSVURP00010032044                   0.75%    failed      0.38%
 101  Monodelphis_domestica_ENSMODP00000059859              1.49%    failed      0.00%
 102  Sarcophilus_harrisii_ENSSHAP00000015521               0.37%    failed      0.01%
 103  Homo_sapiens_ENSP00000350425                          3.73%    passed     49.20%
 104  Homo_sapiens_ENSP00000252486                          3.36%    failed      0.00%
 105  Homo_sapiens_ENSP00000445002                         11.57%    failed      3.02%
 106  Homo_sapiens_ENSP00000364472                          0.37%    passed     99.99%
****  TOTAL                                                 1.33%  8 sequences failed composition chi2 test (p-value<5%; df=19)
NOTE: Pan_troglodytes_ENSPTRP00000080550 is identical to Gorilla_gorilla_ENSGGOP00000033442 but kept for subsequent analysis
NOTE: Cercocebus_atys_ENSCATP00000044852 is identical to Macaca_fascicularis_ENSMFAP00000037249 but kept for subsequent analysis
NOTE: Cricetulus_griseus_crigri_ENSCGRP00000019384 is identical to Cricetulus_griseus_picr_ENSCGRP00015025344 but kept for subsequent analysis
NOTE: Panthera_leo_ENSPLOP00000025470 is identical to Panthera_pardus_ENSPPRP00000001916 but kept for subsequent analysis
NOTE: Canis_lupus_familiarisgreatdane_ENSCAFP00040004612 is identical to Canis_lupus_familiarisbasenji_ENSCAFP00030009795 but kept for subsequent analysis
NOTE: Mustela_putorius_furo_ENSMPUP00000004184 is identical to Neovison_vison_ENSNVIP00000007881 but kept for subsequent analysis
NOTE: Bos_indicus_hybrid_ENSBIXP00005041040 is identical to Bos_taurus_ENSBTAP00000002914 but kept for subsequent analysis
NOTE: Capra_hircus_ENSCHIP00000023988 is identical to Ovis_aries_rambouillet_ENSOARP00020032164 but kept for subsequent analysis
NOTE: 11 identical sequences (see below) will be ignored for subsequent analysis
NOTE: Pan_troglodytes_ENSPTRP00000007404 (identical to Gorilla_gorilla_ENSGGOP00000033442) is ignored but added at the end
NOTE: Homo_sapiens_ENSP00000364472 (identical to Gorilla_gorilla_ENSGGOP00000033442) is ignored but added at the end
NOTE: Papio_anubis_ENSPANP00000006074 (identical to Macaca_fascicularis_ENSMFAP00000037249) is ignored but added at the end
NOTE: Mandrillus_leucophaeus_ENSMLEP00000035049 (identical to Macaca_fascicularis_ENSMFAP00000037249) is ignored but added at the end
NOTE: Macaca_mulatta_ENSMMUP00000021209 (identical to Macaca_fascicularis_ENSMFAP00000037249) is ignored but added at the end
NOTE: Theropithecus_gelada_ENSTGEP00000026520 (identical to Macaca_fascicularis_ENSMFAP00000037249) is ignored but added at the end
NOTE: Cricetulus_griseus_chok1gshd_ENSCGRP00001027089 (identical to Cricetulus_griseus_picr_ENSCGRP00015025344) is ignored but added at the end
NOTE: Canis_lupus_dingo_ENSCAFP00020002685 (identical to Canis_lupus_familiarisbasenji_ENSCAFP00030009795) is ignored but added at the end
NOTE: Canis_lupus_familiaris_ENSCAFP00000019630 (identical to Canis_lupus_familiarisbasenji_ENSCAFP00030009795) is ignored but added at the end
NOTE: Bos_taurus_hybrid_ENSBIXP00000029002 (identical to Bos_taurus_ENSBTAP00000002914) is ignored but added at the end
NOTE: Cyprinus_carpio_hebaored_ENSCCRP00020054428 (identical to Ovis_aries_rambouillet_ENSOARP00020032164) is ignored but added at the end
Alignment was printed to mammals_phylogeny.uniqueseq.phy

For your convenience alignment with unique sequences printed to mammals_phylogeny.uniqueseq.phy


Create initial parsimony tree by phylogenetic likelihood library (PLL)... 0.032 seconds
Perform fast likelihood tree search using LG+I+G model...
Estimate model parameters (epsilon = 5.000)
Perform nearest neighbor interchange...
Estimate model parameters (epsilon = 1.000)
1. Initial log-likelihood: -12899.190
Optimal log-likelihood: -12899.185
Proportion of invariable sites: 0.002
Gamma shape alpha: 2.354
Parameters optimization took 1 rounds (0.243 sec)
Time for fast ML tree search: 2.031 seconds

NOTE: ModelFinder requires 43 MB RAM!
ModelFinder will test up to 546 protein models (sample size: 268) ...
 No. Model         -LnL         df  AIC          AICc         BIC
  1  LG            13097.553    187 26569.106    27448.006    27240.621
  2  LG+I          13091.364    188 26558.727    27458.272    27233.833
  3  LG+G4         12899.340    188 26174.680    27074.225    26849.786
  4  LG+I+G4       12899.185    189 26176.370    27097.139    26855.066
  5  LG+R2         12919.052    189 26216.104    27136.873    26894.801
  6  LG+R3         12894.120    191 26170.241    27135.293    26856.119
  7  LG+R4         12892.798    193 26171.595    27183.541    26864.656
 16  LG+F+G4       12904.671    207 26223.343    27658.543    26966.677
 17  LG+F+I+G4     12904.067    208 26224.134    27697.761    26971.059
 19  LG+F+R3       12898.961    210 26217.923    27772.660    26972.030
 29  WAG+G4        12973.079    188 26322.157    27221.701    26997.263
 30  WAG+I+G4      12972.803    189 26323.606    27244.375    27002.302
 32  WAG+R3        12964.974    191 26311.947    27277.000    26997.826
 42  WAG+F+G4      13061.060    207 26536.121    27971.321    27279.455
 43  WAG+F+I+G4    13060.285    208 26536.570    28010.197    27283.495
 45  WAG+F+R3      13054.727    210 26529.455    28084.191    27283.562
 55  JTT+G4        12831.166    188 26038.332    26937.877    26713.438
 56  JTT+I+G4      12831.205    189 26040.409    26961.178    26719.106
 58  JTT+R3        12824.960    191 26031.920    26996.973    26717.799
 68  JTT+F+G4      12836.222    207 26086.443    27521.643    26829.778
 69  JTT+F+I+G4    12836.122    208 26088.244    27561.871    26835.169
 71  JTT+F+R3      12829.835    210 26079.670    27634.407    26833.777
 81  JTTDCMut+G4   12836.149    188 26048.298    26947.842    26723.403
 82  JTTDCMut+I+G4 12836.188    189 26050.377    26971.146    26729.073
 84  JTTDCMut+R3   12829.821    191 26041.642    27006.694    26727.520
 94  JTTDCMut+F+G4 12846.443    207 26106.885    27542.085    26850.220
 95  JTTDCMut+F+I+G4 12846.331    208 26108.662    27582.289    26855.587
 97  JTTDCMut+F+R3 12840.073    210 26100.147    27654.883    26854.254
107  DCMut+G4      12988.463    188 26352.927    27252.471    27028.032
108  DCMut+I+G4    12988.315    189 26354.630    27275.400    27033.327
110  DCMut+R3      12981.519    191 26345.039    27310.091    27030.917
120  DCMut+F+G4    12988.993    207 26391.987    27827.187    27135.321
121  DCMut+F+I+G4  12988.378    208 26392.755    27866.382    27139.680
123  DCMut+F+R3    12984.294    210 26388.589    27943.325    27142.696
133  VT+G4         13026.193    188 26428.386    27327.930    27103.491
134  VT+I+G4       13026.149    189 26430.299    27351.068    27108.995
136  VT+R3         13020.213    191 26422.427    27387.479    27108.305
146  VT+F+G4       13074.712    207 26563.425    27998.625    27306.759
147  VT+F+I+G4     13074.453    208 26564.905    28038.532    27311.831
149  VT+F+R3       13068.274    210 26556.548    28111.285    27310.655
159  PMB+G4        13252.205    188 26880.411    27779.955    27555.516
160  PMB+I+G4      13252.175    189 26882.351    27803.120    27561.047
162  PMB+R3        13248.185    191 26878.371    27843.423    27564.249
172  PMB+F+G4      13296.039    207 27006.079    28441.279    27749.413
173  PMB+F+I+G4    13295.712    208 27007.425    28481.052    27754.350
175  PMB+F+R3      13289.890    210 26999.779    28554.516    27753.887
185  Blosum62+G4   13282.333    188 26940.667    27840.211    27615.772
186  Blosum62+I+G4 13282.262    189 26942.525    27863.294    27621.221
188  Blosum62+R3   13278.036    191 26938.071    27903.124    27623.950
198  Blosum62+F+G4 13323.102    207 27060.204    28495.404    27803.538
199  Blosum62+F+I+G4 13322.614    208 27061.229    28534.856    27808.154
201  Blosum62+F+R3 13317.736    210 27055.472    28610.209    27809.579
211  Dayhoff+G4    12986.254    188 26348.508    27248.053    27023.614
212  Dayhoff+I+G4  12986.107    189 26350.214    27270.984    27028.911
214  Dayhoff+R3    12979.293    191 26340.587    27305.640    27026.465
224  Dayhoff+F+G4  12987.129    207 26388.259    27823.459    27131.593
225  Dayhoff+F+I+G4 12986.515    208 26389.030    27862.657    27135.955
227  Dayhoff+F+R3  12982.425    210 26384.849    27939.586    27138.956
237  mtREV+G4      13574.549    188 27525.098    28424.643    28200.204
238  mtREV+I+G4    13574.556    189 27527.112    28447.881    28205.809
240  mtREV+R3      13575.598    191 27533.195    28498.248    28219.074
250  mtREV+F+G4    13028.915    207 26471.831    27907.031    27215.165
251  mtREV+F+I+G4  13028.254    208 26472.507    27946.134    27219.433
253  mtREV+F+R3    13028.182    210 26476.364    28031.101    27230.472
263  mtART+G4      13840.336    188 28056.672    28956.217    28731.778
264  mtART+I+G4    13840.336    189 28058.673    28979.442    28737.369
266  mtART+R3      13845.172    191 28072.344    29037.397    28758.223
276  mtART+F+G4    13135.592    207 26685.183    28120.383    27428.518
277  mtART+F+I+G4  13135.536    208 26687.072    28160.699    27433.997
279  mtART+F+R3    13137.183    210 26694.366    28249.103    27448.473
289  mtZOA+G4      13379.154    188 27134.308    28033.852    27809.414
290  mtZOA+I+G4    13379.155    189 27136.311    28057.080    27815.007
292  mtZOA+R3      13379.506    191 27141.012    28106.065    27826.891
302  mtZOA+F+G4    12913.837    207 26241.674    27676.874    26985.008
303  mtZOA+F+I+G4  12913.488    208 26242.976    27716.603    26989.901
305  mtZOA+F+R3    12912.309    210 26244.619    27799.356    26998.726
315  mtMet+G4      13527.213    188 27430.426    28329.971    28105.532
316  mtMet+I+G4    13527.215    189 27432.429    28353.199    28111.126
318  mtMet+R3      13526.919    191 27435.839    28400.891    28121.717
328  mtMet+F+G4    12847.450    207 26108.900    27544.100    26852.235
329  mtMet+F+I+G4  12847.113    208 26110.225    27583.852    26857.151
331  mtMet+F+R3    12844.185    210 26108.370    27663.107    26862.478
341  mtVer+G4      13529.100    188 27434.200    28333.745    28109.306
342  mtVer+I+G4    13529.101    189 27436.202    28356.971    28114.899
344  mtVer+R3      13530.118    191 27442.236    28407.289    28128.115
354  mtVer+F+G4    12981.273    207 26376.546    27811.746    27119.880
355  mtVer+F+I+G4  12981.092    208 26378.185    27851.812    27125.110
357  mtVer+F+R3    12978.755    210 26377.509    27932.246    27131.616
367  mtInv+G4      13696.960    188 27769.920    28669.464    28445.025
368  mtInv+I+G4    13696.963    189 27771.926    28692.695    28450.622
370  mtInv+R3      13696.657    191 27775.313    28740.366    28461.192
380  mtInv+F+G4    12845.501    207 26105.002    27540.202    26848.336
381  mtInv+F+I+G4  12845.022    208 26106.045    27579.672    26852.970
383  mtInv+F+R3    12841.697    210 26103.395    27658.132    26857.502
393  mtMAM+G4      13751.337    188 27878.675    28778.219    28553.780
394  mtMAM+I+G4    13751.338    189 27880.675    28801.444    28559.372
396  mtMAM+R3      13758.219    191 27898.439    28863.491    28584.317
406  mtMAM+F+G4    13138.105    207 26690.209    28125.409    27433.544
407  mtMAM+F+I+G4  13138.045    208 26692.091    28165.718    27439.016
409  mtMAM+F+R3    13139.068    210 26698.135    28252.872    27452.243
419  HIVb+G4       13093.490    188 26562.981    27462.525    27238.086
420  HIVb+I+G4     13093.497    189 26564.993    27485.763    27243.690
422  HIVb+R3       13093.648    191 26569.296    27534.349    27255.175
432  HIVb+F+G4     12969.946    207 26353.892    27789.092    27097.226
433  HIVb+F+I+G4   12969.965    208 26355.930    27829.557    27102.855
435  HIVb+F+R3     12970.743    210 26361.486    27916.223    27115.593
445  HIVw+G4       13748.335    188 27872.671    28772.215    28547.777
446  HIVw+I+G4     13748.337    189 27874.674    28795.443    28553.370
448  HIVw+R3       13743.229    191 27868.457    28833.510    28554.336
458  HIVw+F+G4     13466.763    207 27347.526    28782.726    28090.861
459  HIVw+F+I+G4   13466.773    208 27349.545    28823.172    28096.470
461  HIVw+F+R3     13466.878    210 27353.755    28908.492    28107.862
471  FLU+G4        13201.443    188 26778.885    27678.429    27453.991
472  FLU+I+G4      13201.452    189 26780.904    27701.673    27459.600
474  FLU+R3        13197.661    191 26777.322    27742.375    27463.201
484  FLU+F+G4      13054.027    207 26522.055    27957.255    27265.389
485  FLU+F+I+G4    13054.049    208 26524.098    27997.726    27271.024
487  FLU+F+R3      13052.802    210 26525.603    28080.340    27279.710
497  rtREV+G4      13053.506    188 26483.012    27382.556    27158.118
498  rtREV+I+G4    13053.240    189 26484.480    27405.249    27163.176
500  rtREV+R3      13049.366    191 26480.731    27445.784    27166.610
510  rtREV+F+G4    13005.455    207 26424.910    27860.110    27168.244
511  rtREV+F+I+G4  13004.750    208 26425.500    27899.127    27172.425
513  rtREV+F+R3    13001.590    210 26423.179    27977.916    27177.286
523  cpREV+G4      13131.840    188 26639.680    27539.224    27314.785
524  cpREV+I+G4    13131.835    189 26641.669    27562.438    27320.366
526  cpREV+R3      13125.751    191 26633.501    27598.554    27319.380
536  cpREV+F+G4    13178.179    207 26770.359    28205.559    27513.693
537  cpREV+F+I+G4  13177.574    208 26771.149    28244.776    27518.074
539  cpREV+F+R3    13175.183    210 26770.365    28325.102    27524.472
Akaike Information Criterion:           JTT+R3
Corrected Akaike Information Criterion: JTT+G4
Bayesian Information Criterion:         JTT+G4
Best-fit model: JTT+G4 chosen according to BIC

All model information printed to mammals_phylogeny.model.gz
CPU time for ModelFinder: 685.395 seconds (0h:11m:25s)
Wall-clock time for ModelFinder: 220.467 seconds (0h:3m:40s)
Generating 1000 samples for ultrafast bootstrap (seed: 310767)...

NOTE: 18 MB RAM (0 GB) is required!
Estimate model parameters (epsilon = 0.100)
1. Initial log-likelihood: -12831.166
Optimal log-likelihood: -12831.165
Gamma shape alpha: 2.483
Parameters optimization took 1 rounds (0.214 sec)
Computing ML distances based on estimated model parameters... 1.617 sec
Computing BIONJ tree...
0.007 seconds
Log-likelihood of BIONJ tree: -12833.688
--------------------------------------------------------------------
|             INITIALIZING CANDIDATE TREE SET                      |
--------------------------------------------------------------------
Generating 98 parsimony trees... 3.280 second
Computing log-likelihood of 98 initial trees ... 7.459 seconds
Current best score: -12831.165

Do NNI search on 20 best initial trees
Estimate model parameters (epsilon = 0.100)
BETTER TREE FOUND at iteration 1: -12823.900
Estimate model parameters (epsilon = 0.100)
BETTER TREE FOUND at iteration 2: -12813.978
Estimate model parameters (epsilon = 0.100)
BETTER TREE FOUND at iteration 4: -12811.859
Estimate model parameters (epsilon = 0.100)
BETTER TREE FOUND at iteration 8: -12811.269
Iteration 10 / LogL: -12816.312 / Time: 0h:0m:25s
Estimate model parameters (epsilon = 0.100)
BETTER TREE FOUND at iteration 12: -12810.894
Iteration 20 / LogL: -12819.612 / Time: 0h:0m:40s
Finish initializing candidate tree set (19)
Current best tree score: -12810.894 / CPU time: 39.604
Number of iterations: 20
--------------------------------------------------------------------
|               OPTIMIZING CANDIDATE TREE SET                      |
--------------------------------------------------------------------
Estimate model parameters (epsilon = 0.100)
BETTER TREE FOUND at iteration 27: -12810.075
Iteration 30 / LogL: -12810.589 / Time: 0h:1m:0s (0h:3m:21s left)
Estimate model parameters (epsilon = 0.100)
BETTER TREE FOUND at iteration 32: -12809.917
Estimate model parameters (epsilon = 0.100)
BETTER TREE FOUND at iteration 38: -12808.675
Iteration 40 / LogL: -12822.034 / Time: 0h:1m:19s (0h:3m:20s left)
Estimate model parameters (epsilon = 0.100)
BETTER TREE FOUND at iteration 44: -12808.647
Iteration 50 / LogL: -12808.693 / Time: 0h:1m:57s (0h:3m:46s left)
Log-likelihood cutoff on original alignment: -12846.128
Iteration 60 / LogL: -12820.094 / Time: 0h:2m:17s (0h:3m:15s left)
Iteration 70 / LogL: -12814.401 / Time: 0h:2m:51s (0h:3m:3s left)
Iteration 80 / LogL: -12809.856 / Time: 0h:3m:24s (0h:2m:45s left)
Iteration 90 / LogL: -12809.856 / Time: 0h:4m:10s (0h:2m:31s left)
Iteration 100 / LogL: -12817.993 / Time: 0h:4m:44s (0h:2m:6s left)
Log-likelihood cutoff on original alignment: -12846.128
NOTE: Bootstrap correlation coefficient of split occurrence frequencies: 0.998
Iteration 110 / LogL: -12809.024 / Time: 0h:5m:19s (0h:4m:24s left)
Iteration 120 / LogL: -12808.647 / Time: 0h:5m:53s (0h:3m:57s left)
Estimate model parameters (epsilon = 0.100)
BETTER TREE FOUND at iteration 124: -12807.619
Iteration 130 / LogL: -12807.619 / Time: 0h:6m:17s (0h:4m:35s left)
Iteration 140 / LogL: -12808.907 / Time: 0h:6m:38s (0h:4m:0s left)
Iteration 150 / LogL: -12816.585 / Time: 0h:6m:58s (0h:3m:27s left)
Log-likelihood cutoff on original alignment: -12846.128
Iteration 160 / LogL: -12807.977 / Time: 0h:7m:20s (0h:2m:57s left)
Iteration 170 / LogL: -12813.667 / Time: 0h:7m:45s (0h:2m:28s left)
Iteration 180 / LogL: -12818.265 / Time: 0h:8m:12s (0h:2m:1s left)
UPDATE BEST LOG-LIKELIHOOD: -12807.618
Iteration 190 / LogL: -12811.940 / Time: 0h:8m:47s (0h:1m:34s left)
Iteration 200 / LogL: -12809.605 / Time: 0h:9m:10s (0h:1m:6s left)
Log-likelihood cutoff on original alignment: -12846.128
NOTE: Bootstrap correlation coefficient of split occurrence frequencies: 0.997
Iteration 210 / LogL: -12819.503 / Time: 0h:10m:14s (0h:4m:24s left)
Iteration 220 / LogL: -12807.976 / Time: 0h:11m:10s (0h:4m:4s left)
TREE SEARCH COMPLETED AFTER 225 ITERATIONS / Time: 0h:11m:49s

--------------------------------------------------------------------
|                    FINALIZING TREE SEARCH                        |
--------------------------------------------------------------------
Performs final model parameters optimization
Estimate model parameters (epsilon = 0.010)
1. Initial log-likelihood: -12807.618
Optimal log-likelihood: -12807.618
Gamma shape alpha: 2.474
Parameters optimization took 1 rounds (0.192 sec)
BEST SCORE FOUND : -12807.618

Testing tree branches by SH-like aLRT with 1000 replicates...
0.491 sec.
Creating bootstrap support values...
Split supports printed to NEXUS file mammals_phylogeny.splits.nex
Total tree length: 14.057

Total number of iterations: 225
CPU time used for tree search: 2185.958 sec (0h:36m:25s)
Wall-clock time used for tree search: 707.931 sec (0h:11m:47s)
Total CPU time used: 2192.966 sec (0h:36m:32s)
Total wall-clock time used: 710.120 sec (0h:11m:50s)

Computing bootstrap consensus tree...
Reading input file mammals_phylogeny.splits.nex...
95 taxa and 574 splits.
Consensus tree written to mammals_phylogeny.contree
Reading input trees file mammals_phylogeny.contree
Log-likelihood of consensus tree: -12812.644

Analysis results written to: 
  IQ-TREE report:                mammals_phylogeny.iqtree
  Maximum-likelihood tree:       mammals_phylogeny.treefile
  Likelihood distances:          mammals_phylogeny.mldist

Ultrafast bootstrap approximation results written to:
  Split support values:          mammals_phylogeny.splits.nex
  Consensus tree:                mammals_phylogeny.contree
  Screen log file:               mammals_phylogeny.log

Date and Time: Tue Nov 17 17:16:47 2020
