IQ-TREE multicore version 2.0.3 for Linux 64-bit built Dec 20 2020
Developed by Bui Quang Minh, Nguyen Lam Tung, Olga Chernomor,
Heiko Schmidt, Dominik Schrempf, Michael Woodhams.

Host:    lenovo-B50 (AVX2, FMA3, 7 GB RAM)
Command: iqtree -s apr_evolution/sarcopterygii_clustalo.faa --prefix apr_evolution/sarcopterygii_phylogeny_suppl --ufboot 1000 --alrt 1000 -nt 4 -o Xenopus_tropicalis_ENSXETP00000008146,Leptobrachium_leishanense_ENSLLEP00000049402
Seed:    107486 (Using SPRNG - Scalable Parallel Random Number Generator)
Time:    Sat Feb 27 04:47:25 2021
Kernel:  AVX+FMA - 4 threads (4 CPU cores detected)

Reading alignment file apr_evolution/sarcopterygii_clustalo.faa ... Fasta format detected
Alignment most likely contains protein sequences
Alignment has 104 sequences with 669 columns, 491 distinct patterns
248 parsimony-informative, 157 singleton sites, 264 constant sites
                                                    Gap/Ambiguity  Composition  p-value
   1  Oryctolagus_cuniculus_ENSOCUP00000009241             60.24%    passed     99.74%
   2  Canis_lupus_familiaris_ENSCAFP00000019630            60.24%    passed     99.03%
   3  Delphinapterus_leucas_ENSDLEP00000014868             60.39%    passed     99.67%
   4  Mesocricetus_auratus_ENSMAUP00000019954              60.54%    passed     85.12%
   5  Capra_hircus_ENSCHIP00000023988                      60.39%    passed    100.00%
   6  Sus_scrofa_ENSSSCP00000033805                        58.30%    failed      0.00%
   7  Octodon_degus_ENSODEP00000012142                     60.69%    passed     99.72%
   8  Marmota_marmota_marmota_ENSMMMP00000026221           57.55%    passed     79.06%
   9  Ovis_aries_rambouillet_ENSOARP00020032164            60.39%    passed    100.00%
  10  Cavia_porcellus_ENSCPOP00000032306                   60.54%    passed     99.97%
  11  Balaenoptera_musculus_ENSBMSP00010006480             60.39%    passed    100.00%
  12  Phascolarctos_cinereus_ENSPCIP00000032276            54.11%    failed      0.00%
  13  Otolemur_garnettii_ENSOGAP00000020480                60.24%    passed     99.56%
  14  Panthera_leo_ENSPLOP00000025470                      60.24%    passed    100.00%
  15  Aotus_nancymaae_ENSANAP00000033484                   60.39%    passed     92.06%
  16  Rattus_norvegicus_ENSRNOP00000065206                 61.29%    passed      9.65%
  17  Bos_grunniens_ENSBGRP00000005993                     60.39%    passed    100.00%
  18  Ursus_maritimus_ENSUMAP00000004530                   59.34%    passed     91.40%
  19  Bos_taurus_ENSBTAP00000002914                        60.39%    passed     99.97%
  20  Cricetulus_griseus_chok1gshd_ENSCGRP00001027089      60.54%    passed     94.73%
  21  Microcebus_murinus_ENSMICP00000036936                59.19%    passed     99.32%
  22  Mus_spretus_MGP_SPRETEiJ_P0091280                    60.54%    passed     95.70%
  23  Mus_musculus_ENSMUSP00000034588                      60.54%    passed     90.28%
  24  Microtus_ochrogaster_ENSMOCP00000019788              60.39%    passed     94.97%
  25  Canis_lupus_dingo_ENSCAFP00020002685                 60.24%    passed     99.03%
  26  Bison_bison_bison_ENSBBBP00000016449                 61.58%    passed     93.32%
  27  Chinchilla_lanigera_ENSCLAP00000016837               60.54%    passed     98.85%
  28  Urocitellus_parryii_ENSUPAP00010007066               60.54%    passed     99.87%
  29  Prolemur_simus_ENSPSMP00000000253                    60.24%    passed     99.23%
  30  Dipodomys_ordii_ENSDORP00000011659                   60.09%    passed     99.94%
  31  Ursus_americanus_ENSUAMP00000025573                  60.24%    passed     99.36%
  32  Jaculus_jaculus_ENSJJAP00000010024                   60.54%    passed     99.30%
  33  Chlorocebus_sabaeus_ENSCSAP00000015337               60.09%    passed     96.97%
  34  Ailuropoda_melanoleuca_ENSAMEP00000035554            60.24%    passed     99.30%
  35  Felis_catus_ENSFCAP00000016102                       55.90%    passed     73.50%
  36  Vulpes_vulpes_ENSVVUP00000034996                     60.24%    passed     97.34%
  37  Rhinopithecus_roxellana_ENSRROP00000041818           60.09%    passed     94.96%
  38  Bos_indicus_hybrid_ENSBIXP00005041040                60.39%    passed     99.97%
  39  Panthera_pardus_ENSPPRP00000001916                   60.24%    passed    100.00%
  40  Mustela_putorius_furo_ENSMPUP00000004184             51.72%    passed     58.23%
  41  Neovison_vison_ENSNVIP00000007881                    60.24%    passed     99.61%
  42  Moschus_moschiferus_ENSMMSP00000027806               60.39%    passed     99.97%
  43  Monodon_monoceros_ENSMMNP00015023340                 58.30%    passed     99.68%
  44  Mus_spicilegus_ENSMSIP00000012851                    60.54%    passed     97.01%
  45  Sciurus_vulgaris_ENSSVLP00005028052                  60.39%    passed     99.97%
  46  Catagonus_wagneri_ENSCWAP00000005209                 60.39%    passed     99.10%
  47  Cervus_hanglu_yarkandensis_ENSCHYP00000004610        60.39%    passed     99.90%
  48  Mus_pahari_MGP_PahariEiJ_P0023342                    60.54%    passed     82.45%
  49  Rhinopithecus_bieti_ENSRBIP00000043069               60.09%    passed     95.85%
  50  Physeter_catodon_ENSPCTP00005026118                  60.39%    passed     99.99%
  51  Vombatus_ursinus_ENSVURP00010032044                  60.24%    passed      5.52%
  52  Rhinolophus_ferrumequinum_ENSRFEP00010013048         60.39%    passed     98.61%
  53  Equus_asinus_asinus_ENSEASP00005009167               60.24%    passed     99.56%
  54  Camelus_dromedarius_ENSCDRP00005025823               60.24%    passed     99.95%
  55  Propithecus_coquereli_ENSPCOP00000003211             60.39%    passed     99.40%
  56  Phocoena_sinus_ENSPSNP00000006449                    60.39%    passed     99.76%
  57  Equus_caballus_ENSECAP00000007649                    60.24%    passed     99.54%
  58  Heterocephalus_glaber_female_ENSHGLP00000027468      60.54%    passed     82.08%
  59  Ochotona_princeps_ENSOPRP00000016294                 60.69%    passed     98.25%
  60  Mus_caroli_MGP_CAROLIEiJ_P0087687                    60.54%    passed     96.65%
  61  Saimiri_boliviensis_boliviensis_ENSSBOP00000022311   60.24%    passed     98.47%
  62  Monodelphis_domestica_ENSMODP00000059859             60.54%    failed      0.00%
  63  Peromyscus_maniculatus_bairdii_ENSPEMP00000011287    60.54%    passed     79.26%
  64  Ictidomys_tridecemlineatus_ENSSTOP00000002077        60.54%    passed     99.76%
  65  Procavia_capensis_ENSPCAP00000001437                 60.69%    passed     91.33%
  66  Carlito_syrichta_ENSTSYP00000021888                  60.24%    passed     97.46%
  67  Nannospalax_galili_ENSNGAP00000019853                60.54%    passed     97.62%
  68  Xenopus_tropicalis_ENSXETP00000008146                59.19%    failed      0.03%
  69  Chrysemys_picta_bellii_ENSCPBP00000028773            60.84%    passed     34.26%
  70  Sphenodon_punctatus_ENSSPUP00000007265               60.09%    passed     97.44%
  71  Crocodylus_porosus_ENSCPRP00005000967                60.54%    passed     96.85%
  72  Serinus_canaria_ENSSCAP00000006377                   60.54%    passed     97.30%
  73  Parus_major_ENSPMJP00000009700                       60.54%    passed     93.09%
  74  Gallus_gallus_ENSGALP00000011510                     60.54%    passed     89.01%
  75  Meleagris_gallopavo_ENSMGAP00000002830               60.54%    passed     79.03%
  76  Taeniopygia_guttata_ENSTGUP00000022325               60.54%    passed     89.47%
  77  Podarcis_muralis_ENSPMRP00000028847                  58.59%    failed      0.01%
  78  Pelodiscus_sinensis_ENSPSIP00000013398               60.99%    passed     39.94%
  79  Leptobrachium_leishanense_ENSLLEP00000049402         60.99%    failed      0.10%
  80  Terrapene_carolina_triunguis_ENSTMTP00000008566      60.84%    passed     18.82%
  81  Struthio_camelus_australis_ENSSCUP00000014227        51.72%    failed      1.54%
  82  Anser_brachyrhynchus_ENSABRP00000015627              60.54%    passed     90.48%
  83  Coturnix_japonica_ENSCJPP00005012959                 60.54%    passed     73.12%
  84  Naja_naja_ENSNNAP00000017659                         60.99%    failed      0.01%
  85  Aquila_chrysaetos_chrysaetos_ENSACCP00020010530      60.54%    passed     72.62%
  86  Gopherus_evgoodei_ENSGEVP00005028671                 60.24%    passed     41.44%
  87  Chelonoidis_abingdonii_ENSCABP00000011720            57.85%    passed     93.09%
  88  Strigops_habroptila_ENSSHBP00005022354               60.54%    passed     86.13%
  89  Salvator_merianae_ENSSMRP00000027812                 60.24%    passed     20.06%
  90  Nomascus_leucogenys_ENSNLEP00000008947               60.09%    passed     99.05%
  91  Gorilla_gorilla_ENSGGOP00000033442                   60.09%    passed     99.92%
  92  Pan_paniscus_ENSPPAP00000007656                      60.09%    passed     99.91%
  93  Sarcophilus_harrisii_ENSSHAP00000015521              57.85%    failed      0.35%
  94  Pan_troglodytes_ENSPTRP00000007404                   60.09%    passed     99.92%
  95  Pan_troglodytes_ENSPTRP00000080550                   60.09%    passed     99.92%
  96  Dasypus_novemcinctus_ENSDNOP00000015747              60.84%    passed     97.62%
  97  Callithrix_jacchus_ENSCJAP00000023173                60.24%    passed     83.89%
  98  Cercocebus_atys_ENSCATP00000044852                   60.09%    passed     97.70%
  99  Macaca_fascicularis_ENSMFAP00000052012               27.20%    failed      0.00%
 100  Macaca_mulatta_ENSMMUP00000021209                    60.09%    passed     97.70%
 101  Macaca_nemestrina_ENSMNEP00000035632                 60.09%    passed     99.46%
 102  Mandrillus_leucophaeus_ENSMLEP00000035049            60.09%    passed     97.70%
 103  Papio_anubis_ENSPANP00000006074                      60.09%    passed     97.70%
 104  Homo_sapiens_ENSP00000364472                         60.09%    passed     99.92%
WARNING: 103 sequences contain more than 50% gaps/ambiguity
****  TOTAL                                                59.65%  10 sequences failed composition chi2 test (p-value<5%; df=19)
NOTE: Canis_lupus_dingo_ENSCAFP00020002685 is identical to Canis_lupus_familiaris_ENSCAFP00000019630 but kept for subsequent analysis
NOTE: Ovis_aries_rambouillet_ENSOARP00020032164 is identical to Capra_hircus_ENSCHIP00000023988 but kept for subsequent analysis
NOTE: Panthera_pardus_ENSPPRP00000001916 is identical to Panthera_leo_ENSPLOP00000025470 but kept for subsequent analysis
NOTE: Bos_indicus_hybrid_ENSBIXP00005041040 is identical to Bos_taurus_ENSBTAP00000002914 but kept for subsequent analysis
NOTE: Pan_troglodytes_ENSPTRP00000007404 is identical to Gorilla_gorilla_ENSGGOP00000033442 but kept for subsequent analysis
NOTE: Macaca_mulatta_ENSMMUP00000021209 is identical to Cercocebus_atys_ENSCATP00000044852 but kept for subsequent analysis
NOTE: 4 identical sequences (see below) will be ignored for subsequent analysis
NOTE: Pan_troglodytes_ENSPTRP00000080550 (identical to Gorilla_gorilla_ENSGGOP00000033442) is ignored but added at the end
NOTE: Homo_sapiens_ENSP00000364472 (identical to Gorilla_gorilla_ENSGGOP00000033442) is ignored but added at the end
NOTE: Mandrillus_leucophaeus_ENSMLEP00000035049 (identical to Cercocebus_atys_ENSCATP00000044852) is ignored but added at the end
NOTE: Papio_anubis_ENSPANP00000006074 (identical to Cercocebus_atys_ENSCATP00000044852) is ignored but added at the end
Alignment was printed to apr_evolution/sarcopterygii_phylogeny_suppl.uniqueseq.phy

For your convenience alignment with unique sequences printed to apr_evolution/sarcopterygii_phylogeny_suppl.uniqueseq.phy


Create initial parsimony tree by phylogenetic likelihood library (PLL)... 0.038 seconds
Perform fast likelihood tree search using LG+I+G model...
Estimate model parameters (epsilon = 5.000)
Perform nearest neighbor interchange...
Estimate model parameters (epsilon = 1.000)
1. Initial log-likelihood: -17606.376
Optimal log-likelihood: -17605.608
Proportion of invariable sites: 0.016
Gamma shape alpha: 2.687
Parameters optimization took 1 rounds (0.367 sec)
Time for fast ML tree search: 4.444 seconds

NOTE: ModelFinder requires 81 MB RAM!
ModelFinder will test up to 546 protein models (sample size: 669) ...
 No. Model         -LnL         df  AIC          AICc         BIC
  1  LG            17858.141    197 36110.282    36275.912    36997.921
  2  LG+I          17832.974    198 36061.947    36229.615    36954.093
  3  LG+G4         17609.492    198 35614.983    35782.651    36507.129
  4  LG+I+G4       17605.126    199 35608.253    35777.976    36504.904
  5  LG+R2         17643.846    199 35685.692    35855.414    36582.343
  6  LG+R3         17602.050    201 35606.101    35779.985    36511.763
  7  LG+R4         17595.979    203 35597.957    35776.073    36512.631
 16  LG+F+G4       17618.969    217 35671.937    35881.720    36649.692
 17  LG+F+I+G4     17613.018    218 35662.036    35874.223    36644.297
 19  LG+F+R3       17610.350    220 35660.701    35877.754    36651.973
 20  LG+F+R4       17599.603    222 35643.206    35865.206    36643.490
 29  WAG+G4        17663.723    198 35723.445    35891.113    36615.590
 30  WAG+I+G4      17659.137    199 35716.273    35885.996    36612.924
 32  WAG+R3        17657.250    201 35716.499    35890.384    36622.162
 33  WAG+R4        17645.176    203 35696.352    35874.468    36611.026
 42  WAG+F+G4      17812.067    217 36058.134    36267.916    37035.889
 43  WAG+F+I+G4    17806.456    218 36048.913    36261.099    37031.174
 45  WAG+F+R3      17811.501    220 36063.002    36280.056    37054.275
 46  WAG+F+R4      17794.188    222 36032.376    36254.376    37032.660
 55  JTT+G4        17495.679    198 35387.359    35555.027    36279.504
 56  JTT+I+G4      17490.650    199 35379.301    35549.024    36275.952
 58  JTT+R3        17487.564    201 35377.127    35551.012    36282.790
 59  JTT+R4        17482.124    203 35370.249    35548.365    36284.923
 68  JTT+F+G4      17516.229    217 35466.457    35676.240    36444.213
 69  JTT+F+I+G4    17510.065    218 35456.130    35668.317    36438.391
 71  JTT+F+R3      17509.353    220 35458.705    35675.759    36449.978
 72  JTT+F+R4      17498.906    222 35441.811    35663.811    36442.095
 81  JTTDCMut+G4   17499.622    198 35395.244    35562.912    36287.390
 82  JTTDCMut+I+G4 17494.717    199 35387.434    35557.157    36284.085
 84  JTTDCMut+R3   17491.679    201 35385.358    35559.242    36291.020
 85  JTTDCMut+R4   17486.086    203 35378.172    35556.288    36292.846
 94  JTTDCMut+F+G4 17527.834    217 35489.668    35699.450    36467.423
 95  JTTDCMut+F+I+G4 17521.839    218 35479.677    35691.864    36461.938
 97  JTTDCMut+F+R3 17521.105    220 35482.211    35699.265    36473.483
 98  JTTDCMut+F+R4 17510.581    222 35465.161    35687.161    36465.445
107  DCMut+G4      17663.412    198 35722.824    35890.492    36614.969
108  DCMut+I+G4    17659.221    199 35716.443    35886.165    36613.094
110  DCMut+R3      17656.367    201 35714.734    35888.618    36620.396
111  DCMut+R4      17643.622    203 35693.245    35871.361    36607.919
120  DCMut+F+G4    17705.386    217 35844.772    36054.555    36822.527
121  DCMut+F+I+G4  17701.118    218 35838.236    36050.423    36820.497
123  DCMut+F+R3    17700.201    220 35840.402    36057.455    36831.674
124  DCMut+F+R4    17690.407    222 35824.814    36046.814    36825.098
133  VT+G4         17733.986    198 35863.972    36031.640    36756.117
134  VT+I+G4       17729.484    199 35856.969    36026.691    36753.620
136  VT+R3         17726.110    201 35854.219    36028.104    36759.882
137  VT+R4         17720.973    203 35847.947    36026.063    36762.621
146  VT+F+G4       17810.616    217 36055.232    36265.015    37032.987
147  VT+F+I+G4     17805.021    218 36046.041    36258.228    37028.302
149  VT+F+R3       17802.310    220 36044.621    36261.674    37035.893
150  VT+F+R4       17793.731    222 36031.461    36253.461    37031.746
159  PMB+G4        18012.084    198 36420.169    36587.837    37312.314
160  PMB+I+G4      18007.878    199 36413.756    36583.479    37310.407
162  PMB+R3        18006.289    201 36414.577    36588.461    37320.240
163  PMB+R4        18001.890    203 36409.780    36587.896    37324.454
172  PMB+F+G4      18082.233    217 36598.466    36808.249    37576.221
173  PMB+F+I+G4    18076.748    218 36589.497    36801.683    37571.758
175  PMB+F+R3      18075.538    220 36591.076    36808.130    37582.349
176  PMB+F+R4      18067.044    222 36578.087    36800.087    37578.371
185  Blosum62+G4   18066.770    198 36529.539    36697.207    37421.684
186  Blosum62+I+G4 18062.852    199 36523.703    36693.426    37420.354
188  Blosum62+R3   18058.238    201 36518.476    36692.360    37424.138
189  Blosum62+R4   18053.571    203 36513.142    36691.259    37427.817
198  Blosum62+F+G4 18130.322    217 36694.644    36904.427    37672.400
199  Blosum62+F+I+G4 18124.868    218 36685.735    36897.922    37667.996
201  Blosum62+F+R3 18118.808    220 36677.617    36894.670    37668.889
202  Blosum62+F+R4 18109.740    222 36663.480    36885.480    37663.764
211  Dayhoff+G4    17660.929    198 35717.858    35885.526    36610.004
212  Dayhoff+I+G4  17656.761    199 35711.521    35881.244    36608.172
214  Dayhoff+R3    17653.972    201 35709.945    35883.829    36615.607
215  Dayhoff+R4    17641.132    203 35688.264    35866.381    36602.939
224  Dayhoff+F+G4  17703.466    217 35840.932    36050.715    36818.687
225  Dayhoff+F+I+G4 17699.213    218 35834.426    36046.613    36816.687
227  Dayhoff+F+R3  17698.422    220 35836.845    36053.898    36828.117
228  Dayhoff+F+R4  17688.523    222 35821.045    36043.045    36821.329
237  mtREV+G4      18534.571    198 37465.141    37632.809    38357.287
238  mtREV+I+G4    18534.380    199 37466.760    37636.483    38363.411
240  mtREV+R3      18532.735    201 37467.470    37641.354    38373.132
241  mtREV+R4      18526.441    203 37458.881    37636.997    38373.555
250  mtREV+F+G4    17808.983    217 36051.966    36261.749    37029.722
251  mtREV+F+I+G4  17805.872    218 36047.744    36259.931    37030.005
253  mtREV+F+R3    17810.033    220 36060.066    36277.120    37051.339
254  mtREV+F+R4    17794.479    222 36032.958    36254.958    37033.242
263  mtART+G4      18843.732    198 38083.465    38251.133    38975.610
264  mtART+I+G4    18843.924    199 38085.848    38255.571    38982.499
266  mtART+R3      18853.652    201 38109.304    38283.188    39014.967
267  mtART+R4      18829.914    203 38065.828    38243.944    38980.502
276  mtART+F+G4    17904.985    217 36243.970    36453.752    37221.725
277  mtART+F+I+G4  17903.089    218 36242.178    36454.365    37224.439
279  mtART+F+R3    17902.435    220 36244.869    36461.923    37236.142
280  mtART+F+R4    17895.967    222 36235.934    36457.934    37236.218
289  mtZOA+G4      18232.730    198 36861.460    37029.128    37753.605
290  mtZOA+I+G4    18232.844    199 36863.688    37033.410    37760.339
292  mtZOA+R3      18232.344    201 36866.687    37040.572    37772.350
293  mtZOA+R4      18219.223    203 36844.447    37022.563    37759.121
302  mtZOA+F+G4    17618.532    217 35671.065    35880.847    36648.820
303  mtZOA+F+I+G4  17615.245    218 35666.490    35878.677    36648.751
305  mtZOA+F+R3    17617.055    220 35674.111    35891.165    36665.383
306  mtZOA+F+R4    17606.808    222 35657.617    35879.617    36657.901
315  mtMet+G4      18519.317    198 37434.634    37602.302    38326.779
316  mtMet+I+G4    18519.470    199 37436.940    37606.663    38333.591
318  mtMet+R3      18519.630    201 37441.259    37615.144    38346.922
319  mtMet+R4      18509.411    203 37424.822    37602.938    38339.496
328  mtMet+F+G4    17554.130    217 35542.260    35752.042    36520.015
329  mtMet+F+I+G4  17550.212    218 35536.424    35748.611    36518.685
331  mtMet+F+R3    17550.488    220 35540.976    35758.029    36532.248
332  mtMet+F+R4    17541.527    222 35527.053    35749.053    36527.337
341  mtVer+G4      18512.576    198 37421.153    37588.821    38313.298
342  mtVer+I+G4    18512.794    199 37423.588    37593.311    38320.239
344  mtVer+R3      18509.775    201 37421.550    37595.434    38327.213
345  mtVer+R4      18494.647    203 37395.294    37573.410    38309.968
354  mtVer+F+G4    17761.017    217 35956.034    36165.817    36933.789
355  mtVer+F+I+G4  17758.078    218 35952.157    36164.344    36934.418
357  mtVer+F+R3    17756.042    220 35952.084    36169.137    36943.356
358  mtVer+F+R4    17749.617    222 35943.234    36165.234    36943.518
367  mtInv+G4      18758.466    198 37912.931    38080.599    38805.076
368  mtInv+I+G4    18758.283    199 37914.565    38084.288    38811.216
370  mtInv+R3      18758.485    201 37918.970    38092.854    38824.633
371  mtInv+R4      18752.481    203 37910.962    38089.078    38825.636
380  mtInv+F+G4    17523.557    217 35481.113    35690.896    36458.868
381  mtInv+F+I+G4  17519.203    218 35474.407    35686.594    36456.668
383  mtInv+F+R3    17520.294    220 35480.587    35697.641    36471.860
384  mtInv+F+R4    17510.071    222 35464.143    35686.143    36464.427
393  mtMAM+G4      18812.975    198 38021.950    38189.618    38914.095
394  mtMAM+I+G4    18813.158    199 38024.316    38194.038    38920.967
396  mtMAM+R3      18813.486    201 38028.972    38202.857    38934.635
397  mtMAM+R4      18787.629    203 37981.259    38159.375    38895.933
406  mtMAM+F+G4    17980.667    217 36395.334    36605.117    37373.089
407  mtMAM+F+I+G4  17978.612    218 36393.224    36605.411    37375.485
409  mtMAM+F+R3    17976.538    220 36393.076    36610.129    37384.348
410  mtMAM+F+R4    17970.219    222 36384.439    36606.439    37384.723
419  HIVb+G4       17922.422    198 36240.843    36408.511    37132.989
420  HIVb+I+G4     17917.457    199 36232.914    36402.637    37129.565
422  HIVb+R3       17929.137    201 36260.275    36434.159    37165.937
423  HIVb+R4       17911.036    203 36228.071    36406.187    37142.745
432  HIVb+F+G4     17764.856    217 35963.711    36173.494    36941.467
433  HIVb+F+I+G4   17757.085    218 35950.169    36162.356    36932.430
435  HIVb+F+R3     17770.206    220 35980.411    36197.465    36971.684
436  HIVb+F+R4     17753.072    222 35950.143    36172.143    36950.427
445  HIVw+G4       18834.996    198 38065.992    38233.660    38958.137
446  HIVw+I+G4     18829.864    199 38057.729    38227.451    38954.380
448  HIVw+R3       18839.358    201 38080.716    38254.600    38986.378
449  HIVw+R4       18821.431    203 38048.861    38226.977    38963.535
458  HIVw+F+G4     18392.708    217 37219.416    37429.199    38197.171
459  HIVw+F+I+G4   18384.287    218 37204.574    37416.761    38186.835
461  HIVw+F+R3     18398.941    220 37237.881    37454.935    38229.154
462  HIVw+F+R4     18377.284    222 37198.568    37420.568    38198.852
471  FLU+G4        18059.963    198 36515.927    36683.595    37408.072
472  FLU+I+G4      18056.078    199 36510.156    36679.879    37406.807
474  FLU+R3        18062.593    201 36527.186    36701.070    37432.848
475  FLU+R4        18048.789    203 36503.578    36681.694    37418.252
484  FLU+F+G4      17838.175    217 36110.349    36320.132    37088.104
485  FLU+F+I+G4    17831.305    218 36098.611    36310.797    37080.871
487  FLU+F+R3      17841.071    220 36122.141    36339.195    37113.414
488  FLU+F+R4      17824.888    222 36093.777    36315.777    37094.061
497  rtREV+G4      17801.514    198 35999.029    36166.697    36891.174
498  rtREV+I+G4    17796.993    199 35991.985    36161.708    36888.636
500  rtREV+R3      17792.624    201 35987.249    36161.133    36892.911
501  rtREV+R4      17786.605    203 35979.210    36157.326    36893.884
510  rtREV+F+G4    17748.472    217 35930.943    36140.726    36908.699
511  rtREV+F+I+G4  17743.028    218 35922.056    36134.243    36904.317
513  rtREV+F+R3    17738.964    220 35917.927    36134.981    36909.200
514  rtREV+F+R4    17727.903    222 35899.806    36121.806    36900.090
523  cpREV+G4      17897.419    198 36190.837    36358.505    37082.982
524  cpREV+I+G4    17894.893    199 36187.786    36357.509    37084.437
526  cpREV+R3      17899.797    201 36201.594    36375.478    37107.257
527  cpREV+R4      17887.757    203 36181.514    36359.630    37096.189
536  cpREV+F+G4    17956.130    217 36346.260    36556.043    37324.016
537  cpREV+F+I+G4  17951.428    218 36338.856    36551.042    37321.116
539  cpREV+F+R3    17963.590    220 36367.181    36584.235    37358.453
540  cpREV+F+R4    17946.285    222 36336.569    36558.569    37336.853
Akaike Information Criterion:           JTT+R4
Corrected Akaike Information Criterion: JTT+R4
Bayesian Information Criterion:         JTT+I+G4
Best-fit model: JTT+I+G4 chosen according to BIC

All model information printed to apr_evolution/sarcopterygii_phylogeny_suppl.model.gz
CPU time for ModelFinder: 2154.884 seconds (0h:35m:54s)
Wall-clock time for ModelFinder: 541.640 seconds (0h:9m:1s)
Generating 1000 samples for ultrafast bootstrap (seed: 107486)...

NOTE: 33 MB RAM (0 GB) is required!
Estimate model parameters (epsilon = 0.100)
Thoroughly optimizing +I+G parameters from 10 start values...
Init pinv, alpha: 0.000, 2.747 / Estimate: 0.000, 2.474 / LogL: -17495.599
Init pinv, alpha: 0.044, 2.747 / Estimate: 0.012, 2.756 / LogL: -17490.683
Init pinv, alpha: 0.088, 2.747 / Estimate: 0.013, 2.757 / LogL: -17490.691
Init pinv, alpha: 0.132, 2.747 / Estimate: 0.012, 2.755 / LogL: -17490.677
Init pinv, alpha: 0.175, 2.747 / Estimate: 0.013, 2.757 / LogL: -17490.692
Init pinv, alpha: 0.219, 2.747 / Estimate: 0.012, 2.755 / LogL: -17490.671
Init pinv, alpha: 0.263, 2.747 / Estimate: 0.012, 2.755 / LogL: -17490.676
Init pinv, alpha: 0.307, 2.747 / Estimate: 0.012, 2.756 / LogL: -17490.682
Init pinv, alpha: 0.351, 2.747 / Estimate: 0.012, 2.756 / LogL: -17490.688
Init pinv, alpha: 0.395, 2.747 / Estimate: 0.013, 2.757 / LogL: -17490.695
Optimal pinv,alpha: 0.012, 2.755 / LogL: -17490.671

Parameters optimization took 25.463 sec
Computing ML distances based on estimated model parameters... 1.923 sec
Computing BIONJ tree...
0.005 seconds
Log-likelihood of BIONJ tree: -17559.345
--------------------------------------------------------------------
|             INITIALIZING CANDIDATE TREE SET                      |
--------------------------------------------------------------------
Generating 98 parsimony trees... 3.438 second
Computing log-likelihood of 98 initial trees ... 10.990 seconds
Current best score: -17490.671

Do NNI search on 20 best initial trees
Estimate model parameters (epsilon = 0.100)
BETTER TREE FOUND at iteration 1: -17489.171
Estimate model parameters (epsilon = 0.100)
BETTER TREE FOUND at iteration 3: -17480.031
Estimate model parameters (epsilon = 0.100)
BETTER TREE FOUND at iteration 4: -17475.068
Iteration 10 / LogL: -17479.352 / Time: 0h:1m:1s
Iteration 20 / LogL: -17480.807 / Time: 0h:1m:26s
Finish initializing candidate tree set (20)
Current best tree score: -17475.068 / CPU time: 59.828
Number of iterations: 20
--------------------------------------------------------------------
|               OPTIMIZING CANDIDATE TREE SET                      |
--------------------------------------------------------------------
Estimate model parameters (epsilon = 0.100)
BETTER TREE FOUND at iteration 21: -17474.804
Estimate model parameters (epsilon = 0.100)
BETTER TREE FOUND at iteration 24: -17474.631
Estimate model parameters (epsilon = 0.100)
BETTER TREE FOUND at iteration 25: -17473.611
Iteration 30 / LogL: -17481.271 / Time: 0h:1m:56s (0h:6m:20s left)
Iteration 40 / LogL: -17477.736 / Time: 0h:2m:22s (0h:5m:10s left)
Iteration 50 / LogL: -17475.067 / Time: 0h:2m:49s (0h:4m:19s left)
Log-likelihood cutoff on original alignment: -17516.781
Iteration 60 / LogL: -17479.564 / Time: 0h:3m:18s (0h:3m:38s left)
Estimate model parameters (epsilon = 0.100)
BETTER TREE FOUND at iteration 65: -17473.417
Estimate model parameters (epsilon = 0.100)
BETTER TREE FOUND at iteration 66: -17473.402
Iteration 70 / LogL: -17474.295 / Time: 0h:3m:48s (0h:5m:17s left)
Estimate model parameters (epsilon = 0.100)
BETTER TREE FOUND at iteration 72: -17471.527
Iteration 80 / LogL: -17480.391 / Time: 0h:4m:16s (0h:4m:58s left)
Iteration 90 / LogL: -17473.413 / Time: 0h:4m:44s (0h:4m:21s left)
Estimate model parameters (epsilon = 0.100)
BETTER TREE FOUND at iteration 91: -17471.305
Iteration 100 / LogL: -17472.061 / Time: 0h:5m:11s (0h:4m:46s left)
Log-likelihood cutoff on original alignment: -17516.781
NOTE: Bootstrap correlation coefficient of split occurrence frequencies: 0.996
Iteration 110 / LogL: -17509.271 / Time: 0h:5m:38s (0h:4m:39s left)
Iteration 120 / LogL: -17493.577 / Time: 0h:6m:9s (0h:4m:8s left)
Estimate model parameters (epsilon = 0.100)
UPDATE BEST LOG-LIKELIHOOD: -17471.280
Estimate model parameters (epsilon = 0.100)
UPDATE BEST LOG-LIKELIHOOD: -17471.058
Iteration 130 / LogL: -17471.284 / Time: 0h:6m:38s (0h:3m:36s left)
Iteration 140 / LogL: -17473.616 / Time: 0h:7m:7s (0h:3m:4s left)
UPDATE BEST LOG-LIKELIHOOD: -17471.058
Iteration 150 / LogL: -17480.146 / Time: 0h:7m:34s (0h:2m:32s left)
Log-likelihood cutoff on original alignment: -17516.781
Iteration 160 / LogL: -17473.699 / Time: 0h:8m:4s (0h:2m:1s left)
UPDATE BEST LOG-LIKELIHOOD: -17471.057
Iteration 170 / LogL: -17472.188 / Time: 0h:8m:32s (0h:1m:31s left)
Iteration 180 / LogL: -17472.062 / Time: 0h:9m:2s (0h:1m:0s left)
Iteration 190 / LogL: -17471.281 / Time: 0h:9m:31s (0h:0m:30s left)
TREE SEARCH COMPLETED AFTER 192 ITERATIONS / Time: 0h:9m:37s

--------------------------------------------------------------------
|                    FINALIZING TREE SEARCH                        |
--------------------------------------------------------------------
Performs final model parameters optimization
Estimate model parameters (epsilon = 0.010)
1. Initial log-likelihood: -17471.057
Optimal log-likelihood: -17471.057
Proportion of invariable sites: 0.011
Gamma shape alpha: 2.789
Parameters optimization took 1 rounds (0.363 sec)
BEST SCORE FOUND : -17471.057

Testing tree branches by SH-like aLRT with 1000 replicates...
0.974 sec.
Creating bootstrap support values...
Split supports printed to NEXUS file apr_evolution/sarcopterygii_phylogeny_suppl.splits.nex
Total tree length: 16.680

Total number of iterations: 192
CPU time used for tree search: 2171.927 sec (0h:36m:11s)
Wall-clock time used for tree search: 550.394 sec (0h:9m:10s)
Total CPU time used: 2283.823 sec (0h:38m:3s)
Total wall-clock time used: 578.750 sec (0h:9m:38s)

Computing bootstrap consensus tree...
Reading input file apr_evolution/sarcopterygii_phylogeny_suppl.splits.nex...
100 taxa and 549 splits.
Consensus tree written to apr_evolution/sarcopterygii_phylogeny_suppl.contree
Reading input trees file apr_evolution/sarcopterygii_phylogeny_suppl.contree
Log-likelihood of consensus tree: -17473.685

Analysis results written to: 
  IQ-TREE report:                apr_evolution/sarcopterygii_phylogeny_suppl.iqtree
  Maximum-likelihood tree:       apr_evolution/sarcopterygii_phylogeny_suppl.treefile
  Likelihood distances:          apr_evolution/sarcopterygii_phylogeny_suppl.mldist

Ultrafast bootstrap approximation results written to:
  Split support values:          apr_evolution/sarcopterygii_phylogeny_suppl.splits.nex
  Consensus tree:                apr_evolution/sarcopterygii_phylogeny_suppl.contree
  Screen log file:               apr_evolution/sarcopterygii_phylogeny_suppl.log

Date and Time: Sat Feb 27 05:06:06 2021
