Building DAG of jobs...
Using shell: /usr/bin/bash
Provided cores: 1 (use --cores to define parallelism)
Rules claiming more threads will be scaled down.
Job counts:
	count	jobs
	1	add_extant_sequences
	1	aggregate_hyphy_results
	1	aggregate_msf
	1	aggregate_wcn
	1	all
	8	compute_msf
	8	compute_wcn
	1	extract_ancestral_sequences
	1	fel_analysis
	1	fubar_analysis
	1	mafft2_protein_alignment
	1	meme_analysis
	1	merge_sequences
	8	model_refinement
	1	parse_fel
	1	parse_fubar
	1	parse_meme
	1	plot_aprs_evolution
	1	plot_aprs_msf_wcn
	8	protein_modelling
	1	trim_signal_peptide
	49
Select jobs to execute...

[Wed Feb  3 10:37:28 2021]
rule add_extant_sequences:
    input: apr_evolution/sarcopterygii_sequences.faa
    output: ancestral_reconstruction/extant_sequences.faa
    jobid: 12

[Wed Feb  3 10:37:29 2021]
Finished job 12.
1 of 49 steps (2%) done
Select jobs to execute...

[Wed Feb  3 10:37:29 2021]
rule meme_analysis:
    input: apr_evolution/sarcopterygii_mafft_trimmed.fna, apr_evolution/sarcopterygii_phylogeny_meme.treefile
    output: apr_evolution/sarcopterygii_meme.json
    jobid: 58

Terminating processes on user request, this might take some time.
[Wed Feb  3 10:57:24 2021]
Error in rule meme_analysis:
    jobid: 58
    output: apr_evolution/sarcopterygii_meme.json
    shell:
        
        hyphy meme  --alignment apr_evolution/sarcopterygii_mafft_trimmed.fna --tree apr_evolution/sarcopterygii_phylogeny_meme.treefile --outfile apr_evolution/sarcopterygii_meme.json &&        mv apr_evolution/sarcopterygii_mafft_trimmed.fna.MEME.json apr_evolution/sarcopterygii_meme.json
        
        (one of the commands exited with non-zero exit code; note that snakemake uses bash strict mode!)

Complete log: /home/tmasson/APOA1_evolution/.snakemake/log/2021-02-03T103728.517631.snakemake.log
