Building DAG of jobs...
Using shell: /usr/bin/bash
Provided cores: 1 (use --cores to define parallelism)
Rules claiming more threads will be scaled down.
Job counts:
	count	jobs
	1	add_extant_sequences
	1	aggregate_msf
	1	aggregate_wcn
	1	all
	4	compute_msf
	4	compute_wcn
	1	extract_ancestral_sequences
	1	mafft2_protein_alignment
	1	merge_sequences
	4	model_refinement
	1	plot_aprs_evolution
	1	plot_aprs_msf_wcn
	4	protein_modelling
	1	run_tango_predictions
	1	trim_signal_peptide
	27
Select jobs to execute...

[Wed Feb  3 11:58:06 2021]
rule extract_ancestral_sequences:
    input: apr_evolution/sarcopterygii_phylogeny.state, apr_evolution/sarcopterygii_phylogeny.treefile, apr_evolution/sarcopterygii_mafft.faa
    output: ancestral_reconstruction/ancestral_sequences.faa
    jobid: 18

[Wed Feb  3 11:58:15 2021]
Finished job 18.
1 of 27 steps (4%) done
Select jobs to execute...

[Wed Feb  3 11:58:15 2021]
rule run_tango_predictions:
    input: apr_evolution/sarcopterygii_mafft.faa
    output: apr_evolution/aprs_aggregation_scores.csv
    jobid: 7

[Wed Feb  3 11:58:20 2021]
Finished job 7.
2 of 27 steps (7%) done
Select jobs to execute...

[Wed Feb  3 11:58:20 2021]
rule add_extant_sequences:
    input: apr_evolution/sarcopterygii_sequences.faa
    output: ancestral_reconstruction/extant_sequences.faa
    jobid: 20

[Wed Feb  3 11:58:21 2021]
Finished job 20.
3 of 27 steps (11%) done
Select jobs to execute...

[Wed Feb  3 11:58:21 2021]
rule merge_sequences:
    input: ancestral_reconstruction/ancestral_sequences.faa, ancestral_reconstruction/extant_sequences.faa
    output: ancestral_reconstruction/all_sequences.faa
    jobid: 17

[Wed Feb  3 11:58:21 2021]
Finished job 17.
4 of 27 steps (15%) done
Select jobs to execute...

[Wed Feb  3 11:58:21 2021]
rule plot_aprs_evolution:
    input: apr_evolution/aprs_aggregation_scores.csv, apr_evolution/aprs_entropy.csv
    output: viz/panels/aprs_conservation.svg, viz/panels/natural_selection_regimes.svg
    jobid: 6

[Wed Feb  3 11:58:23 2021]
Error in rule plot_aprs_evolution:
    jobid: 6
    output: viz/panels/aprs_conservation.svg, viz/panels/natural_selection_regimes.svg
    shell:
        
        ./viz/src/plot_apr_evolution.py apr_evolution/aprs_aggregation_scores.csv apr_evolution/aprs_entropy.csv &&        mv aprs_conservation.svg natural_selection_regimes.svg viz/panels/
        
        (one of the commands exited with non-zero exit code; note that snakemake uses bash strict mode!)

Shutting down, this might take some time.
Exiting because a job execution failed. Look above for error message
Complete log: /home/tmasson/APOA1_evolution/.snakemake/log/2021-02-03T115806.143120.snakemake.log
