Building DAG of jobs...
Using shell: /usr/bin/bash
Provided cores: 1 (use --cores to define parallelism)
Rules claiming more threads will be scaled down.
Job counts:
	count	jobs
	1	aggregate_wcn
	1	all
	1	plot_aprs_msf_wcn
	3
Select jobs to execute...

[Fri Feb 12 23:47:01 2021]
rule aggregate_wcn:
    input: ancestral_reconstruction/Homo_sapiens_ENSP00000364472_best_model_relaxed.wcn
    output: ancestral_reconstruction/wcn.csv
    jobid: 12

[Fri Feb 12 23:47:01 2021]
Finished job 12.
1 of 3 steps (33%) done
Select jobs to execute...

[Fri Feb 12 23:47:02 2021]
rule plot_aprs_msf_wcn:
    input: ancestral_reconstruction/msf.csv, ancestral_reconstruction/wcn.csv
    output: viz/panels/aprs_flexibility.svg, viz/panels/aprs_flexibility_profiles.svg
    jobid: 10

[Fri Feb 12 23:47:04 2021]
Finished job 10.
2 of 3 steps (67%) done
Select jobs to execute...

[Fri Feb 12 23:47:04 2021]
localrule all:
    input: apr_evolution/sarcopterygii_phylogeny_suppl.treefile, viz/panels/aprs_conservation.svg, viz/panels/aprs_flexibility.svg, viz/panels/aprs_flexibility_profiles.svg
    jobid: 0

[Fri Feb 12 23:47:04 2021]
Finished job 0.
3 of 3 steps (100%) done
Complete log: /home/tmasson/APOA1_evolution/.snakemake/log/2021-02-12T234701.536253.snakemake.log
