Building DAG of jobs...
Using shell: /usr/bin/bash
Provided cores: 1 (use --cores to define parallelism)
Rules claiming more threads will be scaled down.
Job counts:
	count	jobs
	1	add_extant_sequences
	1	aggregate_msf
	1	aggregate_wcn
	1	all
	4	compute_msf
	4	compute_wcn
	1	extract_ancestral_sequences
	1	mafft2_protein_alignment
	1	merge_sequences
	4	model_refinement
	1	plot_aprs_msf_wcn
	4	protein_modelling
	1	trim_signal_peptide
	25
Select jobs to execute...

[Fri Feb 12 17:01:53 2021]
rule add_extant_sequences:
    input: apr_evolution/sarcopterygii_sequences.faa
    output: ancestral_reconstruction/extant_sequences.faa
    jobid: 20

[Fri Feb 12 17:01:54 2021]
Finished job 20.
1 of 25 steps (4%) done
Select jobs to execute...

[Fri Feb 12 17:01:54 2021]
rule extract_ancestral_sequences:
    input: apr_evolution/sarcopterygii_phylogeny.state, apr_evolution/sarcopterygii_phylogeny.treefile, apr_evolution/sarcopterygii_mafft.faa
    output: ancestral_reconstruction/ancestral_sequences.faa
    jobid: 18

[Fri Feb 12 17:02:09 2021]
Finished job 18.
2 of 25 steps (8%) done
Select jobs to execute...

[Fri Feb 12 17:02:09 2021]
rule merge_sequences:
    input: ancestral_reconstruction/ancestral_sequences.faa, ancestral_reconstruction/extant_sequences.faa
    output: ancestral_reconstruction/all_sequences.faa
    jobid: 17

[Fri Feb 12 17:02:09 2021]
Finished job 17.
3 of 25 steps (12%) done
Select jobs to execute...

[Fri Feb 12 17:02:09 2021]
rule mafft2_protein_alignment:
    input: ancestral_reconstruction/all_sequences.faa
    output: ancestral_reconstruction/alignment.faa
    jobid: 16

[Fri Feb 12 17:02:11 2021]
Finished job 16.
4 of 25 steps (16%) done
Select jobs to execute...

[Fri Feb 12 17:02:11 2021]
rule trim_signal_peptide:
    input: ancestral_reconstruction/alignment.faa
    output: ancestral_reconstruction/alignment_trimmed.faa
    jobid: 15

[Fri Feb 12 17:02:12 2021]
Finished job 15.
5 of 25 steps (20%) done
Select jobs to execute...

[Fri Feb 12 17:02:12 2021]
rule protein_modelling:
    input: ancestral_reconstruction/alignment_trimmed.faa, apoa1.pdb
    output: ancestral_reconstruction/Mus_musculus_ENSMUSP00000034588/best_model.pdb
    jobid: 23
    wildcards: target=Mus_musculus_ENSMUSP00000034588

Waiting at most 5 seconds for missing files.
MissingOutputException in line 342 of /home/tmasson/APOA1_evolution/Snakefile:
Job Missing files after 5 seconds:
ancestral_reconstruction/Mus_musculus_ENSMUSP00000034588/best_model.pdb
This might be due to filesystem latency. If that is the case, consider to increase the wait time with --latency-wait.
Job id: 23 completed successfully, but some output files are missing. 23
  File "/home/tmasson/miniconda3/envs/apoa1/lib/python3.8/site-packages/snakemake/executors/__init__.py", line 583, in handle_job_success
  File "/home/tmasson/miniconda3/envs/apoa1/lib/python3.8/site-packages/snakemake/executors/__init__.py", line 252, in handle_job_success
Shutting down, this might take some time.
Exiting because a job execution failed. Look above for error message
Complete log: /home/tmasson/APOA1_evolution/.snakemake/log/2021-02-12T170152.635295.snakemake.log
