Building DAG of jobs...
Using shell: /usr/bin/bash
Provided cores: 1 (use --cores to define parallelism)
Rules claiming more threads will be scaled down.
Job counts:
	count	jobs
	1	aggregate_msf
	1	aggregate_wcn
	1	all
	17	compute_msf
	17	compute_wcn
	17	model_refinement
	1	plot_aprs_msf_wcn
	55
Select jobs to execute...

[Sat Feb 13 00:56:10 2021]
rule model_refinement:
    input: ancestral_reconstruction/Node9_best_model.pdb
    output: ancestral_reconstruction/Node9_best_model_relaxed.pdb
    jobid: 30
    wildcards: target=Node9

[Sat Feb 13 01:02:15 2021]
Finished job 30.
1 of 55 steps (2%) done
Select jobs to execute...

[Sat Feb 13 01:02:15 2021]
rule model_refinement:
    input: ancestral_reconstruction/Node10_best_model.pdb
    output: ancestral_reconstruction/Node10_best_model_relaxed.pdb
    jobid: 28
    wildcards: target=Node10

[Sat Feb 13 01:08:02 2021]
Finished job 28.
2 of 55 steps (4%) done
Select jobs to execute...

[Sat Feb 13 01:08:02 2021]
rule compute_wcn:
    input: ancestral_reconstruction/Node10_best_model_relaxed.pdb
    output: ancestral_reconstruction/Node10_best_model_relaxed.wcn
    jobid: 58
    wildcards: target=Node10

[Sat Feb 13 01:08:04 2021]
Finished job 58.
3 of 55 steps (5%) done
Select jobs to execute...

[Sat Feb 13 01:08:04 2021]
rule model_refinement:
    input: ancestral_reconstruction/Crocodylus_porosus_ENSCPRP00005000967_best_model.pdb
    output: ancestral_reconstruction/Crocodylus_porosus_ENSCPRP00005000967_best_model_relaxed.pdb
    jobid: 50
    wildcards: target=Crocodylus_porosus_ENSCPRP00005000967

[Sat Feb 13 01:13:47 2021]
Finished job 50.
4 of 55 steps (7%) done
Select jobs to execute...

[Sat Feb 13 01:13:47 2021]
rule model_refinement:
    input: ancestral_reconstruction/Node2_best_model.pdb
    output: ancestral_reconstruction/Node2_best_model_relaxed.pdb
    jobid: 44
    wildcards: target=Node2

[Sat Feb 13 01:19:38 2021]
Finished job 44.
5 of 55 steps (9%) done
Select jobs to execute...

[Sat Feb 13 01:19:38 2021]
rule model_refinement:
    input: ancestral_reconstruction/Node14_best_model.pdb
    output: ancestral_reconstruction/Node14_best_model_relaxed.pdb
    jobid: 13
    wildcards: target=Node14

[Sat Feb 13 01:26:39 2021]
Finished job 13.
6 of 55 steps (11%) done
Select jobs to execute...

[Sat Feb 13 01:26:39 2021]
rule compute_msf:
    input: ancestral_reconstruction/Node9_best_model_relaxed.pdb
    output: ancestral_reconstruction/Node9_best_model_relaxed.msf
    jobid: 29
    wildcards: target=Node9

[Sat Feb 13 01:26:40 2021]
Finished job 29.
7 of 55 steps (13%) done
Select jobs to execute...

[Sat Feb 13 01:26:40 2021]
rule compute_wcn:
    input: ancestral_reconstruction/Node9_best_model_relaxed.pdb
    output: ancestral_reconstruction/Node9_best_model_relaxed.wcn
    jobid: 59
    wildcards: target=Node9

[Sat Feb 13 01:26:42 2021]
Finished job 59.
8 of 55 steps (15%) done
Select jobs to execute...

[Sat Feb 13 01:26:42 2021]
rule compute_wcn:
    input: ancestral_reconstruction/Node2_best_model_relaxed.pdb
    output: ancestral_reconstruction/Node2_best_model_relaxed.wcn
    jobid: 66
    wildcards: target=Node2

[Sat Feb 13 01:26:44 2021]
Finished job 66.
9 of 55 steps (16%) done
Select jobs to execute...

[Sat Feb 13 01:26:44 2021]
rule model_refinement:
    input: ancestral_reconstruction/Gallus_gallus_ENSGALP00000011510_best_model.pdb
    output: ancestral_reconstruction/Gallus_gallus_ENSGALP00000011510_best_model_relaxed.pdb
    jobid: 52
    wildcards: target=Gallus_gallus_ENSGALP00000011510

[Sat Feb 13 01:32:48 2021]
Finished job 52.
10 of 55 steps (18%) done
Select jobs to execute...

[Sat Feb 13 01:32:48 2021]
rule compute_msf:
    input: ancestral_reconstruction/Gallus_gallus_ENSGALP00000011510_best_model_relaxed.pdb
    output: ancestral_reconstruction/Gallus_gallus_ENSGALP00000011510_best_model_relaxed.msf
    jobid: 51
    wildcards: target=Gallus_gallus_ENSGALP00000011510

[Sat Feb 13 01:32:49 2021]
Finished job 51.
11 of 55 steps (20%) done
Select jobs to execute...

[Sat Feb 13 01:32:49 2021]
rule compute_msf:
    input: ancestral_reconstruction/Node2_best_model_relaxed.pdb
    output: ancestral_reconstruction/Node2_best_model_relaxed.msf
    jobid: 43
    wildcards: target=Node2

[Sat Feb 13 01:32:50 2021]
Finished job 43.
12 of 55 steps (22%) done
Select jobs to execute...

[Sat Feb 13 01:32:50 2021]
rule model_refinement:
    input: ancestral_reconstruction/Node12_best_model.pdb
    output: ancestral_reconstruction/Node12_best_model_relaxed.pdb
    jobid: 24
    wildcards: target=Node12

[Sat Feb 13 01:39:25 2021]
Finished job 24.
13 of 55 steps (24%) done
Select jobs to execute...

[Sat Feb 13 01:39:26 2021]
rule model_refinement:
    input: ancestral_reconstruction/Node8_best_model.pdb
    output: ancestral_reconstruction/Node8_best_model_relaxed.pdb
    jobid: 32
    wildcards: target=Node8

[Sat Feb 13 01:46:43 2021]
Finished job 32.
14 of 55 steps (25%) done
Select jobs to execute...

[Sat Feb 13 01:46:43 2021]
rule compute_wcn:
    input: ancestral_reconstruction/Node8_best_model_relaxed.pdb
    output: ancestral_reconstruction/Node8_best_model_relaxed.wcn
    jobid: 60
    wildcards: target=Node8

[Sat Feb 13 01:46:45 2021]
Finished job 60.
15 of 55 steps (27%) done
Select jobs to execute...

[Sat Feb 13 01:46:45 2021]
rule compute_wcn:
    input: ancestral_reconstruction/Crocodylus_porosus_ENSCPRP00005000967_best_model_relaxed.pdb
    output: ancestral_reconstruction/Crocodylus_porosus_ENSCPRP00005000967_best_model_relaxed.wcn
    jobid: 69
    wildcards: target=Crocodylus_porosus_ENSCPRP00005000967

[Sat Feb 13 01:46:47 2021]
Finished job 69.
16 of 55 steps (29%) done
Select jobs to execute...

[Sat Feb 13 01:46:47 2021]
rule compute_wcn:
    input: ancestral_reconstruction/Node14_best_model_relaxed.pdb
    output: ancestral_reconstruction/Node14_best_model_relaxed.wcn
    jobid: 54
    wildcards: target=Node14

[Sat Feb 13 01:46:49 2021]
Finished job 54.
17 of 55 steps (31%) done
Select jobs to execute...

[Sat Feb 13 01:46:49 2021]
rule model_refinement:
    input: ancestral_reconstruction/Node11_best_model.pdb
    output: ancestral_reconstruction/Node11_best_model_relaxed.pdb
    jobid: 26
    wildcards: target=Node11

[Sat Feb 13 01:52:13 2021]
Finished job 26.
18 of 55 steps (33%) done
Select jobs to execute...

[Sat Feb 13 01:52:13 2021]
rule model_refinement:
    input: ancestral_reconstruction/Node7_best_model.pdb
    output: ancestral_reconstruction/Node7_best_model_relaxed.pdb
    jobid: 34
    wildcards: target=Node7

[Sat Feb 13 01:57:52 2021]
Finished job 34.
19 of 55 steps (35%) done
Select jobs to execute...

[Sat Feb 13 01:57:52 2021]
rule model_refinement:
    input: ancestral_reconstruction/Node13_best_model.pdb
    output: ancestral_reconstruction/Node13_best_model_relaxed.pdb
    jobid: 22
    wildcards: target=Node13

[Sat Feb 13 02:04:22 2021]
Finished job 22.
20 of 55 steps (36%) done
Select jobs to execute...

[Sat Feb 13 02:04:22 2021]
rule compute_msf:
    input: ancestral_reconstruction/Node13_best_model_relaxed.pdb
    output: ancestral_reconstruction/Node13_best_model_relaxed.msf
    jobid: 21
    wildcards: target=Node13

[Sat Feb 13 02:04:23 2021]
Finished job 21.
21 of 55 steps (38%) done
Select jobs to execute...

[Sat Feb 13 02:04:23 2021]
rule compute_msf:
    input: ancestral_reconstruction/Crocodylus_porosus_ENSCPRP00005000967_best_model_relaxed.pdb
    output: ancestral_reconstruction/Crocodylus_porosus_ENSCPRP00005000967_best_model_relaxed.msf
    jobid: 49
    wildcards: target=Crocodylus_porosus_ENSCPRP00005000967

[Sat Feb 13 02:04:24 2021]
Finished job 49.
22 of 55 steps (40%) done
Select jobs to execute...

[Sat Feb 13 02:04:24 2021]
rule compute_msf:
    input: ancestral_reconstruction/Node12_best_model_relaxed.pdb
    output: ancestral_reconstruction/Node12_best_model_relaxed.msf
    jobid: 23
    wildcards: target=Node12

[Sat Feb 13 02:04:26 2021]
Finished job 23.
23 of 55 steps (42%) done
Select jobs to execute...

[Sat Feb 13 02:04:26 2021]
rule compute_wcn:
    input: ancestral_reconstruction/Node12_best_model_relaxed.pdb
    output: ancestral_reconstruction/Node12_best_model_relaxed.wcn
    jobid: 56
    wildcards: target=Node12

[Sat Feb 13 02:04:28 2021]
Finished job 56.
24 of 55 steps (44%) done
Select jobs to execute...

[Sat Feb 13 02:04:28 2021]
rule model_refinement:
    input: ancestral_reconstruction/Node5_best_model.pdb
    output: ancestral_reconstruction/Node5_best_model_relaxed.pdb
    jobid: 38
    wildcards: target=Node5

[Sat Feb 13 02:09:56 2021]
Finished job 38.
25 of 55 steps (45%) done
Select jobs to execute...

[Sat Feb 13 02:09:56 2021]
rule compute_msf:
    input: ancestral_reconstruction/Node5_best_model_relaxed.pdb
    output: ancestral_reconstruction/Node5_best_model_relaxed.msf
    jobid: 37
    wildcards: target=Node5

[Sat Feb 13 02:09:58 2021]
Finished job 37.
26 of 55 steps (47%) done
Select jobs to execute...

[Sat Feb 13 02:09:58 2021]
rule model_refinement:
    input: ancestral_reconstruction/Node4_best_model.pdb
    output: ancestral_reconstruction/Node4_best_model_relaxed.pdb
    jobid: 40
    wildcards: target=Node4

[Sat Feb 13 02:16:13 2021]
Finished job 40.
27 of 55 steps (49%) done
Select jobs to execute...

[Sat Feb 13 02:16:13 2021]
rule compute_msf:
    input: ancestral_reconstruction/Node4_best_model_relaxed.pdb
    output: ancestral_reconstruction/Node4_best_model_relaxed.msf
    jobid: 39
    wildcards: target=Node4

[Sat Feb 13 02:16:15 2021]
Finished job 39.
28 of 55 steps (51%) done
Select jobs to execute...

[Sat Feb 13 02:16:15 2021]
rule compute_msf:
    input: ancestral_reconstruction/Node8_best_model_relaxed.pdb
    output: ancestral_reconstruction/Node8_best_model_relaxed.msf
    jobid: 31
    wildcards: target=Node8

[Sat Feb 13 02:16:16 2021]
Finished job 31.
29 of 55 steps (53%) done
Select jobs to execute...

[Sat Feb 13 02:16:16 2021]
rule compute_msf:
    input: ancestral_reconstruction/Node11_best_model_relaxed.pdb
    output: ancestral_reconstruction/Node11_best_model_relaxed.msf
    jobid: 25
    wildcards: target=Node11

[Sat Feb 13 02:16:17 2021]
Finished job 25.
30 of 55 steps (55%) done
Select jobs to execute...

[Sat Feb 13 02:16:17 2021]
rule compute_wcn:
    input: ancestral_reconstruction/Node13_best_model_relaxed.pdb
    output: ancestral_reconstruction/Node13_best_model_relaxed.wcn
    jobid: 55
    wildcards: target=Node13

[Sat Feb 13 02:16:19 2021]
Finished job 55.
31 of 55 steps (56%) done
Select jobs to execute...

[Sat Feb 13 02:16:19 2021]
rule model_refinement:
    input: ancestral_reconstruction/Node3_best_model.pdb
    output: ancestral_reconstruction/Node3_best_model_relaxed.pdb
    jobid: 42
    wildcards: target=Node3

[Sat Feb 13 02:21:46 2021]
Finished job 42.
32 of 55 steps (58%) done
Select jobs to execute...

[Sat Feb 13 02:21:46 2021]
rule compute_wcn:
    input: ancestral_reconstruction/Node5_best_model_relaxed.pdb
    output: ancestral_reconstruction/Node5_best_model_relaxed.wcn
    jobid: 63
    wildcards: target=Node5

[Sat Feb 13 02:21:48 2021]
Finished job 63.
33 of 55 steps (60%) done
Select jobs to execute...

[Sat Feb 13 02:21:48 2021]
rule compute_msf:
    input: ancestral_reconstruction/Node10_best_model_relaxed.pdb
    output: ancestral_reconstruction/Node10_best_model_relaxed.msf
    jobid: 27
    wildcards: target=Node10

[Sat Feb 13 02:21:49 2021]
Finished job 27.
34 of 55 steps (62%) done
Select jobs to execute...

[Sat Feb 13 02:21:49 2021]
rule compute_msf:
    input: ancestral_reconstruction/Node14_best_model_relaxed.pdb
    output: ancestral_reconstruction/Node14_best_model_relaxed.msf
    jobid: 12
    wildcards: target=Node14

[Sat Feb 13 02:21:50 2021]
Finished job 12.
35 of 55 steps (64%) done
Select jobs to execute...

[Sat Feb 13 02:21:50 2021]
rule compute_wcn:
    input: ancestral_reconstruction/Node11_best_model_relaxed.pdb
    output: ancestral_reconstruction/Node11_best_model_relaxed.wcn
    jobid: 57
    wildcards: target=Node11

[Sat Feb 13 02:21:52 2021]
Finished job 57.
36 of 55 steps (65%) done
Select jobs to execute...

[Sat Feb 13 02:21:52 2021]
rule compute_msf:
    input: ancestral_reconstruction/Node7_best_model_relaxed.pdb
    output: ancestral_reconstruction/Node7_best_model_relaxed.msf
    jobid: 33
    wildcards: target=Node7

[Sat Feb 13 02:21:53 2021]
Finished job 33.
37 of 55 steps (67%) done
Select jobs to execute...

[Sat Feb 13 02:21:53 2021]
rule compute_wcn:
    input: ancestral_reconstruction/Gallus_gallus_ENSGALP00000011510_best_model_relaxed.pdb
    output: ancestral_reconstruction/Gallus_gallus_ENSGALP00000011510_best_model_relaxed.wcn
    jobid: 70
    wildcards: target=Gallus_gallus_ENSGALP00000011510

[Sat Feb 13 02:21:55 2021]
Finished job 70.
38 of 55 steps (69%) done
Select jobs to execute...

[Sat Feb 13 02:21:55 2021]
rule model_refinement:
    input: ancestral_reconstruction/Node6_best_model.pdb
    output: ancestral_reconstruction/Node6_best_model_relaxed.pdb
    jobid: 36
    wildcards: target=Node6

[Sat Feb 13 02:29:49 2021]
Finished job 36.
39 of 55 steps (71%) done
Select jobs to execute...

[Sat Feb 13 02:29:49 2021]
rule model_refinement:
    input: ancestral_reconstruction/Mus_musculus_ENSMUSP00000034588_best_model.pdb
    output: ancestral_reconstruction/Mus_musculus_ENSMUSP00000034588_best_model_relaxed.pdb
    jobid: 48
    wildcards: target=Mus_musculus_ENSMUSP00000034588

[Sat Feb 13 02:37:17 2021]
Finished job 48.
40 of 55 steps (73%) done
Select jobs to execute...

[Sat Feb 13 02:37:17 2021]
rule compute_wcn:
    input: ancestral_reconstruction/Mus_musculus_ENSMUSP00000034588_best_model_relaxed.pdb
    output: ancestral_reconstruction/Mus_musculus_ENSMUSP00000034588_best_model_relaxed.wcn
    jobid: 68
    wildcards: target=Mus_musculus_ENSMUSP00000034588

[Sat Feb 13 02:37:20 2021]
Finished job 68.
41 of 55 steps (75%) done
Select jobs to execute...

[Sat Feb 13 02:37:20 2021]
rule model_refinement:
    input: ancestral_reconstruction/Homo_sapiens_ENSP00000364472_best_model.pdb
    output: ancestral_reconstruction/Homo_sapiens_ENSP00000364472_best_model_relaxed.pdb
    jobid: 46
    wildcards: target=Homo_sapiens_ENSP00000364472

[Sat Feb 13 02:43:25 2021]
Finished job 46.
42 of 55 steps (76%) done
Select jobs to execute...

[Sat Feb 13 02:43:25 2021]
rule compute_wcn:
    input: ancestral_reconstruction/Node7_best_model_relaxed.pdb
    output: ancestral_reconstruction/Node7_best_model_relaxed.wcn
    jobid: 61
    wildcards: target=Node7

[Sat Feb 13 02:43:26 2021]
Finished job 61.
43 of 55 steps (78%) done
Select jobs to execute...

[Sat Feb 13 02:43:26 2021]
rule compute_wcn:
    input: ancestral_reconstruction/Node4_best_model_relaxed.pdb
    output: ancestral_reconstruction/Node4_best_model_relaxed.wcn
    jobid: 64
    wildcards: target=Node4

[Sat Feb 13 02:43:28 2021]
Finished job 64.
44 of 55 steps (80%) done
Select jobs to execute...

[Sat Feb 13 02:43:28 2021]
rule compute_msf:
    input: ancestral_reconstruction/Node3_best_model_relaxed.pdb
    output: ancestral_reconstruction/Node3_best_model_relaxed.msf
    jobid: 41
    wildcards: target=Node3

[Sat Feb 13 02:43:29 2021]
Finished job 41.
45 of 55 steps (82%) done
Select jobs to execute...

[Sat Feb 13 02:43:29 2021]
rule compute_wcn:
    input: ancestral_reconstruction/Node6_best_model_relaxed.pdb
    output: ancestral_reconstruction/Node6_best_model_relaxed.wcn
    jobid: 62
    wildcards: target=Node6

[Sat Feb 13 02:43:31 2021]
Finished job 62.
46 of 55 steps (84%) done
Select jobs to execute...

[Sat Feb 13 02:43:31 2021]
rule compute_wcn:
    input: ancestral_reconstruction/Homo_sapiens_ENSP00000364472_best_model_relaxed.pdb
    output: ancestral_reconstruction/Homo_sapiens_ENSP00000364472_best_model_relaxed.wcn
    jobid: 67
    wildcards: target=Homo_sapiens_ENSP00000364472

[Sat Feb 13 02:43:33 2021]
Finished job 67.
47 of 55 steps (85%) done
Select jobs to execute...

[Sat Feb 13 02:43:33 2021]
rule compute_wcn:
    input: ancestral_reconstruction/Node3_best_model_relaxed.pdb
    output: ancestral_reconstruction/Node3_best_model_relaxed.wcn
    jobid: 65
    wildcards: target=Node3

[Sat Feb 13 02:43:34 2021]
Finished job 65.
48 of 55 steps (87%) done
Select jobs to execute...

[Sat Feb 13 02:43:34 2021]
rule aggregate_wcn:
    input: ancestral_reconstruction/Node14_best_model_relaxed.wcn, ancestral_reconstruction/Node13_best_model_relaxed.wcn, ancestral_reconstruction/Node12_best_model_relaxed.wcn, ancestral_reconstruction/Node11_best_model_relaxed.wcn, ancestral_reconstruction/Node10_best_model_relaxed.wcn, ancestral_reconstruction/Node9_best_model_relaxed.wcn, ancestral_reconstruction/Node8_best_model_relaxed.wcn, ancestral_reconstruction/Node7_best_model_relaxed.wcn, ancestral_reconstruction/Node6_best_model_relaxed.wcn, ancestral_reconstruction/Node5_best_model_relaxed.wcn, ancestral_reconstruction/Node4_best_model_relaxed.wcn, ancestral_reconstruction/Node3_best_model_relaxed.wcn, ancestral_reconstruction/Node2_best_model_relaxed.wcn, ancestral_reconstruction/Homo_sapiens_ENSP00000364472_best_model_relaxed.wcn, ancestral_reconstruction/Mus_musculus_ENSMUSP00000034588_best_model_relaxed.wcn, ancestral_reconstruction/Crocodylus_porosus_ENSCPRP00005000967_best_model_relaxed.wcn, ancestral_reconstruction/Gallus_gallus_ENSGALP00000011510_best_model_relaxed.wcn
    output: ancestral_reconstruction/wcn.csv
    jobid: 53

[Sat Feb 13 02:43:34 2021]
Finished job 53.
49 of 55 steps (89%) done
Select jobs to execute...

[Sat Feb 13 02:43:34 2021]
rule compute_msf:
    input: ancestral_reconstruction/Node6_best_model_relaxed.pdb
    output: ancestral_reconstruction/Node6_best_model_relaxed.msf
    jobid: 35
    wildcards: target=Node6

[Sat Feb 13 02:43:35 2021]
Finished job 35.
50 of 55 steps (91%) done
Select jobs to execute...

[Sat Feb 13 02:43:35 2021]
rule compute_msf:
    input: ancestral_reconstruction/Mus_musculus_ENSMUSP00000034588_best_model_relaxed.pdb
    output: ancestral_reconstruction/Mus_musculus_ENSMUSP00000034588_best_model_relaxed.msf
    jobid: 47
    wildcards: target=Mus_musculus_ENSMUSP00000034588

[Sat Feb 13 02:43:37 2021]
Finished job 47.
51 of 55 steps (93%) done
Select jobs to execute...

[Sat Feb 13 02:43:37 2021]
rule compute_msf:
    input: ancestral_reconstruction/Homo_sapiens_ENSP00000364472_best_model_relaxed.pdb
    output: ancestral_reconstruction/Homo_sapiens_ENSP00000364472_best_model_relaxed.msf
    jobid: 45
    wildcards: target=Homo_sapiens_ENSP00000364472

[Sat Feb 13 02:43:38 2021]
Finished job 45.
52 of 55 steps (95%) done
Select jobs to execute...

[Sat Feb 13 02:43:38 2021]
rule aggregate_msf:
    input: ancestral_reconstruction/Node14_best_model_relaxed.msf, ancestral_reconstruction/Node13_best_model_relaxed.msf, ancestral_reconstruction/Node12_best_model_relaxed.msf, ancestral_reconstruction/Node11_best_model_relaxed.msf, ancestral_reconstruction/Node10_best_model_relaxed.msf, ancestral_reconstruction/Node9_best_model_relaxed.msf, ancestral_reconstruction/Node8_best_model_relaxed.msf, ancestral_reconstruction/Node7_best_model_relaxed.msf, ancestral_reconstruction/Node6_best_model_relaxed.msf, ancestral_reconstruction/Node5_best_model_relaxed.msf, ancestral_reconstruction/Node4_best_model_relaxed.msf, ancestral_reconstruction/Node3_best_model_relaxed.msf, ancestral_reconstruction/Node2_best_model_relaxed.msf, ancestral_reconstruction/Homo_sapiens_ENSP00000364472_best_model_relaxed.msf, ancestral_reconstruction/Mus_musculus_ENSMUSP00000034588_best_model_relaxed.msf, ancestral_reconstruction/Crocodylus_porosus_ENSCPRP00005000967_best_model_relaxed.msf, ancestral_reconstruction/Gallus_gallus_ENSGALP00000011510_best_model_relaxed.msf
    output: ancestral_reconstruction/msf.csv
    jobid: 11

[Sat Feb 13 02:43:38 2021]
Finished job 11.
53 of 55 steps (96%) done
Select jobs to execute...

[Sat Feb 13 02:43:38 2021]
rule plot_aprs_msf_wcn:
    input: ancestral_reconstruction/msf.csv, ancestral_reconstruction/wcn.csv
    output: viz/panels/aprs_flexibility.svg, viz/panels/aprs_flexibility_profiles.svg
    jobid: 10

[Sat Feb 13 02:43:40 2021]
Finished job 10.
54 of 55 steps (98%) done
Select jobs to execute...

[Sat Feb 13 02:43:40 2021]
localrule all:
    input: apr_evolution/sarcopterygii_phylogeny_suppl.treefile, viz/panels/aprs_conservation.svg, viz/panels/aprs_flexibility.svg, viz/panels/aprs_flexibility_profiles.svg
    jobid: 0

[Sat Feb 13 02:43:40 2021]
Finished job 0.
55 of 55 steps (100%) done
Complete log: /home/tmasson/APOA1_evolution/.snakemake/log/2021-02-13T005609.532784.snakemake.log
