Building DAG of jobs...
Using shell: /usr/bin/bash
Provided cores: 1 (use --cores to define parallelism)
Rules claiming more threads will be scaled down.
Job counts:
	count	jobs
	1	aggregate_hyphy_results
	1	aggregate_msf
	1	aggregate_wcn
	1	all
	4	compute_msf
	4	compute_wcn
	1	extract_ancestral_sequences
	1	fel_analysis
	1	fubar_analysis
	1	mafft2_protein_alignment
	1	meme_analysis
	1	merge_sequences
	4	model_refinement
	1	parse_fel
	1	parse_fubar
	1	parse_meme
	1	plot_aprs_evolution
	1	plot_aprs_msf_wcn
	4	protein_modelling
	1	trim_signal_peptide
	32
Select jobs to execute...

[Tue Feb  2 14:31:12 2021]
rule meme_analysis:
    input: apr_evolution/sarcopterygii_mafft_trimmed.fna, apr_evolution/sarcopterygii_phylogeny_meme.treefile
    output: apr_evolution/sarcopterygii_meme.json
    jobid: 43

Terminating processes on user request, this might take some time.
[Tue Feb  2 16:00:55 2021]
Error in rule meme_analysis:
    jobid: 43
    output: apr_evolution/sarcopterygii_meme.json
    shell:
        
        hyphy meme  --alignment apr_evolution/sarcopterygii_mafft_trimmed.fna --tree apr_evolution/sarcopterygii_phylogeny_meme.treefile --outfile apr_evolution/sarcopterygii_meme.json &&        mv apr_evolution/sarcopterygii_mafft_trimmed.fna.MEME.json apr_evolution/sarcopterygii_meme.json
        
        (one of the commands exited with non-zero exit code; note that snakemake uses bash strict mode!)

Complete log: /home/tmasson/APOA1_evolution/.snakemake/log/2021-02-02T143111.813902.snakemake.log
