Building DAG of jobs...
Using shell: /usr/bin/bash
Provided cores: 2
Rules claiming more threads will be scaled down.
Job counts:
	count	jobs
	1	aggregate_hyphy_results
	1	aggregate_msf
	1	aggregate_wcn
	1	all
	8	compute_msf
	8	compute_wcn
	1	fel_analysis
	1	filter_cds_ensembl
	1	fubar_analysis
	1	meme_analysis
	8	model_refinement
	1	pal2nal_alignment
	1	parse_fel
	1	parse_fubar
	1	parse_meme
	1	plot_aprs_evolution
	1	plot_aprs_msf_wcn
	8	protein_modelling
	1	trim_nucleotide_alignment
	47
Select jobs to execute...

[Tue Jan 26 23:17:59 2021]
rule filter_cds_ensembl:
    input: apr_evolution/ensembl_sequences.fna, apr_evolution/sarcopterygii_sequences.faa
    output: apr_evolution/sarcopterygii_sequences.fna
    jobid: 53


[Tue Jan 26 23:17:59 2021]
rule protein_modelling:
    input: ancestral_reconstruction/alignment_trimmed.faa, apoa1.pdb
    output: ancestral_reconstruction/Node15/best_model.pdb
    jobid: 16
    wildcards: target=Node15

[Tue Jan 26 23:17:59 2021]
Finished job 53.
1 of 47 steps (2%) done
Select jobs to execute...

[Tue Jan 26 23:17:59 2021]
rule protein_modelling:
    input: ancestral_reconstruction/alignment_trimmed.faa, apoa1.pdb
    output: ancestral_reconstruction/Gorilla_gorilla_ENSGGOP00000033442/best_model.pdb
    jobid: 22
    wildcards: target=Gorilla_gorilla_ENSGGOP00000033442

[Tue Jan 26 23:20:01 2021]
Finished job 16.
2 of 47 steps (4%) done
Select jobs to execute...

[Tue Jan 26 23:20:01 2021]
rule protein_modelling:
    input: ancestral_reconstruction/alignment_trimmed.faa, apoa1.pdb
    output: ancestral_reconstruction/Gallus_gallus_ENSGALP00000011510/best_model.pdb
    jobid: 28
    wildcards: target=Gallus_gallus_ENSGALP00000011510

[Tue Jan 26 23:20:12 2021]
Finished job 22.
3 of 47 steps (6%) done
Select jobs to execute...

[Tue Jan 26 23:20:12 2021]
rule protein_modelling:
    input: ancestral_reconstruction/alignment_trimmed.faa, apoa1.pdb
    output: ancestral_reconstruction/Node99/best_model.pdb
    jobid: 20
    wildcards: target=Node99

[Tue Jan 26 23:22:06 2021]
Finished job 28.
4 of 47 steps (9%) done
Select jobs to execute...

[Tue Jan 26 23:22:06 2021]
rule protein_modelling:
    input: ancestral_reconstruction/alignment_trimmed.faa, apoa1.pdb
    output: ancestral_reconstruction/Crocodylus_porosus_ENSCPRP00005000967/best_model.pdb
    jobid: 26
    wildcards: target=Crocodylus_porosus_ENSCPRP00005000967

[Tue Jan 26 23:22:13 2021]
Finished job 20.
5 of 47 steps (11%) done
Select jobs to execute...

[Tue Jan 26 23:22:13 2021]
rule protein_modelling:
    input: ancestral_reconstruction/alignment_trimmed.faa, apoa1.pdb
    output: ancestral_reconstruction/Node92/best_model.pdb
    jobid: 18
    wildcards: target=Node92

[Tue Jan 26 23:24:03 2021]
Finished job 18.
6 of 47 steps (13%) done
Select jobs to execute...

[Tue Jan 26 23:24:03 2021]
rule protein_modelling:
    input: ancestral_reconstruction/alignment_trimmed.faa, apoa1.pdb
    output: ancestral_reconstruction/Mus_musculus_ENSMUSP00000034588/best_model.pdb
    jobid: 24
    wildcards: target=Mus_musculus_ENSMUSP00000034588

[Tue Jan 26 23:24:07 2021]
Finished job 26.
7 of 47 steps (15%) done
Select jobs to execute...

[Tue Jan 26 23:24:07 2021]
rule model_refinement:
    input: ancestral_reconstruction/Crocodylus_porosus_ENSCPRP00005000967/best_model.pdb
    output: ancestral_reconstruction/Crocodylus_porosus_ENSCPRP00005000967/best_model_relaxed.pdb
    jobid: 25
    wildcards: target=Crocodylus_porosus_ENSCPRP00005000967

[Tue Jan 26 23:24:07 2021]
Error in rule model_refinement:
    jobid: 25
    output: ancestral_reconstruction/Crocodylus_porosus_ENSCPRP00005000967/best_model_relaxed.pdb
    shell:
        ./src/pyrosetta_fastrelax.py ancestral_reconstruction/Crocodylus_porosus_ENSCPRP00005000967/best_model.pdb
        (one of the commands exited with non-zero exit code; note that snakemake uses bash strict mode!)

[Tue Jan 26 23:25:54 2021]
Finished job 24.
8 of 47 steps (17%) done
Shutting down, this might take some time.
Exiting because a job execution failed. Look above for error message
Complete log: /home/tmasson/APOA1_evolution/.snakemake/log/2021-01-26T231758.967660.snakemake.log
