Building DAG of jobs...
Using shell: /usr/bin/bash
Provided cores: 1 (use --cores to define parallelism)
Rules claiming more threads will be scaled down.
Job counts:
	count	jobs
	1	aggregate_hyphy_results
	1	aggregate_msf
	1	aggregate_wcn
	1	all
	8	compute_msf
	8	compute_wcn
	1	extract_ancestral_sequences
	1	fel_analysis
	1	fubar_analysis
	1	mafft2_protein_alignment
	1	meme_analysis
	1	merge_sequences
	8	model_refinement
	1	parse_fel
	1	parse_fubar
	1	parse_meme
	1	plot_aprs_evolution
	1	plot_aprs_msf_wcn
	8	protein_modelling
	1	trim_signal_peptide
	48
Select jobs to execute...

[Wed Feb  3 10:58:25 2021]
rule fel_analysis:
    input: apr_evolution/sarcopterygii_mafft_trimmed.fna, apr_evolution/sarcopterygii_phylogeny.treefile
    output: apr_evolution/sarcopterygii_fel.json
    jobid: 50

[Wed Feb  3 10:58:43 2021]
Error in rule fel_analysis:
    jobid: 50
    output: apr_evolution/sarcopterygii_fel.json
    shell:
        hyphy fel --alignment apr_evolution/sarcopterygii_mafft_trimmed.fna --tree apr_evolution/sarcopterygii_phylogeny.treefile --output apr_evolution/sarcopterygii_fel.json
        (one of the commands exited with non-zero exit code; note that snakemake uses bash strict mode!)

Removing output files of failed job fel_analysis since they might be corrupted:
apr_evolution/sarcopterygii_fel.json
Shutting down, this might take some time.
Exiting because a job execution failed. Look above for error message
Complete log: /home/tmasson/APOA1_evolution/.snakemake/log/2021-02-03T105825.173035.snakemake.log
