Building DAG of jobs...
Using shell: /usr/bin/bash
Provided cores: 2
Rules claiming more threads will be scaled down.
Job counts:
	count	jobs
	1	aggregate_hyphy_results
	1	aggregate_msf
	1	aggregate_wcn
	1	all
	4	compute_msf
	4	compute_wcn
	1	extract_ancestral_sequences
	1	fel_analysis
	1	fubar_analysis
	1	mafft2_protein_alignment
	1	meme_analysis
	1	merge_sequences
	4	model_refinement
	1	pal2nal_alignment
	1	parse_fel
	1	parse_fubar
	1	parse_meme
	1	plot_aprs_evolution
	1	plot_aprs_msf_wcn
	4	protein_modelling
	1	trim_nucleotide_alignment
	1	trim_signal_peptide
	34
Select jobs to execute...

[Tue Feb  2 14:25:35 2021]
rule pal2nal_alignment:
    input: apr_evolution/sarcopterygii_mafft.faa, apr_evolution/sarcopterygii_sequences.fna
    output: apr_evolution/sarcopterygii_mafft.fna
    jobid: 37


[Tue Feb  2 14:25:35 2021]
rule extract_ancestral_sequences:
    input: apr_evolution/sarcopterygii_phylogeny.state
    output: ancestral_reconstruction/ancestral_sequences.faa
    jobid: 6

[Tue Feb  2 14:25:36 2021]
Finished job 37.
1 of 34 steps (3%) done
Select jobs to execute...

[Tue Feb  2 14:25:36 2021]
rule trim_nucleotide_alignment:
    input: apr_evolution/sarcopterygii_mafft.fna
    output: apr_evolution/sarcopterygii_mafft_trimmed.fna
    jobid: 36

[Tue Feb  2 14:25:36 2021]
Finished job 36.
2 of 34 steps (6%) done
Select jobs to execute...

[Tue Feb  2 14:25:36 2021]
rule meme_analysis:
    input: apr_evolution/sarcopterygii_mafft_trimmed.fna, apr_evolution/sarcopterygii_phylogeny_meme.treefile
    output: apr_evolution/sarcopterygii_meme.json
    jobid: 43

Terminating processes on user request, this might take some time.
[Tue Feb  2 14:31:07 2021]
Error in rule meme_analysis:
    jobid: 43
    output: apr_evolution/sarcopterygii_meme.json
    shell:
        
        hyphy meme  --alignment apr_evolution/sarcopterygii_mafft_trimmed.fna --tree apr_evolution/sarcopterygii_phylogeny_meme.treefile --outfile apr_evolution/sarcopterygii_meme.json &&        mv apr_evolution/sarcopterygii_mafft_trimmed.fna.MEME.json apr_evolution/sarcopterygii_meme.json
        
        (one of the commands exited with non-zero exit code; note that snakemake uses bash strict mode!)

Complete log: /home/tmasson/APOA1_evolution/.snakemake/log/2021-02-02T142535.297291.snakemake.log
