Building DAG of jobs...
Using shell: /usr/bin/bash
Provided cores: 1 (use --cores to define parallelism)
Rules claiming more threads will be scaled down.
Job counts:
	count	jobs
	1	aggregate_msf
	1	aggregate_wcn
	1	all
	1	compute_msf
	1	compute_wcn
	1	model_refinement
	1	plot_aprs_msf_wcn
	7
Select jobs to execute...

[Fri Feb 12 23:13:12 2021]
rule model_refinement:
    input: ancestral_reconstruction/Homo_sapiens_ENSP00000364472_best_model.pdb
    output: ancestral_reconstruction/Homo_sapiens_ENSP00000364472_best_model_relaxed.pdb
    jobid: 13
    wildcards: model=Homo_sapiens_ENSP00000364472

[Fri Feb 12 23:19:03 2021]
Finished job 13.
1 of 7 steps (14%) done
Select jobs to execute...

[Fri Feb 12 23:19:03 2021]
rule compute_msf:
    input: ancestral_reconstruction/Homo_sapiens_ENSP00000364472_best_model_relaxed.pdb
    output: ancestral_reconstruction/Homo_sapiens_ENSP00000364472_best_model_relaxed.msf
    jobid: 12
    wildcards: model=Homo_sapiens_ENSP00000364472

[Fri Feb 12 23:19:06 2021]
Finished job 12.
2 of 7 steps (29%) done
Select jobs to execute...

[Fri Feb 12 23:19:06 2021]
rule aggregate_msf:
    input: ancestral_reconstruction/Homo_sapiens_ENSP00000364472_best_model_relaxed.msf
    output: ancestral_reconstruction/msf.csv
    jobid: 11

[Fri Feb 12 23:19:06 2021]
Finished job 11.
3 of 7 steps (43%) done
Select jobs to execute...

[Fri Feb 12 23:19:06 2021]
rule compute_wcn:
    input: ancestral_reconstruction/Homo_sapiens_ENSP00000364472_best_model_relaxed.pdb
    output: ancestral_reconstruction/Homo_sapiens_ENSP00000364472_best_model_relaxed.wcn
    jobid: 22
    wildcards: model=Homo_sapiens_ENSP00000364472

[Fri Feb 12 23:19:10 2021]
Finished job 22.
4 of 7 steps (57%) done
Select jobs to execute...

[Fri Feb 12 23:19:10 2021]
rule aggregate_wcn:
    input: ancestral_reconstruction/Homo_sapiens_ENSP00000364472_best_model_relaxed.wcn
    output: ancestral_reconstruction/wcn.csv
    jobid: 21

[Fri Feb 12 23:19:10 2021]
Finished job 21.
5 of 7 steps (71%) done
Select jobs to execute...

[Fri Feb 12 23:19:10 2021]
rule plot_aprs_msf_wcn:
    input: ancestral_reconstruction/msf.csv, ancestral_reconstruction/wcn.csv
    output: viz/panels/aprs_flexibility.svg, viz/panels/aprs_flexibility_profiles.svg
    jobid: 10

[Fri Feb 12 23:19:15 2021]
Finished job 10.
6 of 7 steps (86%) done
Select jobs to execute...

[Fri Feb 12 23:19:15 2021]
localrule all:
    input: apr_evolution/sarcopterygii_phylogeny_suppl.treefile, viz/panels/aprs_conservation.svg, viz/panels/aprs_flexibility.svg, viz/panels/aprs_flexibility_profiles.svg
    jobid: 0

[Fri Feb 12 23:19:15 2021]
Finished job 0.
7 of 7 steps (100%) done
Complete log: /home/tmasson/APOA1_evolution/.snakemake/log/2021-02-12T231311.732615.snakemake.log
