Building DAG of jobs...
Using shell: /usr/bin/bash
Provided cores: 2
Rules claiming more threads will be scaled down.
Job counts:
	count	jobs
	1	aggregate_hyphy_results
	1	aggregate_msf
	1	aggregate_wcn
	1	all
	8	compute_msf
	8	compute_wcn
	1	fel_analysis
	1	fubar_analysis
	1	mafft2_protein_alignment
	1	meme_analysis
	1	merge_sequences
	8	model_refinement
	1	parse_fel
	1	parse_fubar
	1	parse_meme
	1	plot_aprs_evolution
	1	plot_aprs_msf_wcn
	8	protein_modelling
	1	trim_nucleotide_alignment
	1	trim_signal_peptide
	48
Select jobs to execute...

[Tue Jan 26 23:08:52 2021]
rule trim_nucleotide_alignment:
    input: apr_evolution/sarcopterygii_mafft.fna
    output: apr_evolution/sarcopterygii_mafft_trimmed.fna
    jobid: 51


[Tue Jan 26 23:08:52 2021]
rule merge_sequences:
    input: ancestral_reconstruction/ancestral_sequences.faa, ancestral_reconstruction/extant_sequences.faa
    output: ancestral_reconstruction/all_sequences.faa
    jobid: 5

[Tue Jan 26 23:08:52 2021]
Error in rule trim_nucleotide_alignment:
    jobid: 51
    output: apr_evolution/sarcopterygii_mafft_trimmed.fna
    shell:
        trimal -in apr_evolution/sarcopterygii_mafft.fna -out apr_evolution/sarcopterygii_mafft_trimmed.fna -gt 0.05
        (one of the commands exited with non-zero exit code; note that snakemake uses bash strict mode!)

[Tue Jan 26 23:08:52 2021]
Finished job 5.
1 of 48 steps (2%) done
Shutting down, this might take some time.
Exiting because a job execution failed. Look above for error message
Complete log: /home/tmasson/APOA1_evolution/.snakemake/log/2021-01-26T230851.665412.snakemake.log
