Building DAG of jobs...
Using shell: /usr/bin/bash
Provided cores: 1 (use --cores to define parallelism)
Rules claiming more threads will be scaled down.
Job counts:
	count	jobs
	1	add_extant_sequences
	1	aggregate_msf
	1	aggregate_wcn
	1	all
	1	calc_shannon_entropy
	1	clustalo_protein_alignment
	4	compute_msf
	4	compute_wcn
	1	extract_ancestral_sequences
	1	filter_low_quality_sequences
	1	filter_sarcopterygii_sequences
	1	get_protein_sequences
	1	infer_phylogeny
	1	infer_supplementary_phylogeny
	1	mafft2_protein_alignment
	1	mafft_protein_alignment
	1	merge_sequences
	4	model_refinement
	1	plot_aprs_evolution
	1	plot_aprs_msf_wcn
	4	protein_modelling
	1	run_tango_predictions
	1	trim_signal_peptide
	35
Select jobs to execute...

[Wed Feb  3 13:19:24 2021]
rule get_protein_sequences:
    output: apr_evolution/ensembl_sequences.faa
    jobid: 11

[Wed Feb  3 13:19:33 2021]
Finished job 11.
1 of 35 steps (3%) done
Select jobs to execute...

[Wed Feb  3 13:19:33 2021]
rule filter_sarcopterygii_sequences:
    input: apr_evolution/ensembl_sequences.faa
    output: apr_evolution/raw_sarcopterygii_sequences.faa
    jobid: 10

[Wed Feb  3 13:19:37 2021]
Finished job 10.
2 of 35 steps (6%) done
Select jobs to execute...

[Wed Feb  3 13:19:37 2021]
rule filter_low_quality_sequences:
    input: apr_evolution/raw_sarcopterygii_sequences.faa
    output: apr_evolution/sarcopterygii_sequences.faa
    jobid: 9

[Wed Feb  3 13:19:38 2021]
Finished job 9.
3 of 35 steps (9%) done
Select jobs to execute...

[Wed Feb  3 13:19:38 2021]
rule clustalo_protein_alignment:
    input: apr_evolution/sarcopterygii_sequences.faa
    output: apr_evolution/sarcopterygii_clustalo.faa
    jobid: 28

[Wed Feb  3 13:19:41 2021]
Finished job 28.
4 of 35 steps (11%) done
Select jobs to execute...

[Wed Feb  3 13:19:41 2021]
rule run_tango_predictions:
    input: apr_evolution/sarcopterygii_sequences.faa
    output: apr_evolution/aprs_aggregation_scores.csv
    jobid: 30

[Wed Feb  3 13:19:47 2021]
Finished job 30.
5 of 35 steps (14%) done
Select jobs to execute...

[Wed Feb  3 13:19:47 2021]
rule mafft_protein_alignment:
    input: apr_evolution/sarcopterygii_sequences.faa
    output: apr_evolution/sarcopterygii_mafft.faa
    jobid: 8

[Wed Feb  3 13:20:05 2021]
Finished job 8.
6 of 35 steps (17%) done
Select jobs to execute...

[Wed Feb  3 13:20:05 2021]
rule calc_shannon_entropy:
    input: apr_evolution/sarcopterygii_mafft.faa
    output: apr_evolution/aprs_entropy.csv
    jobid: 31

[Wed Feb  3 13:20:05 2021]
Finished job 31.
7 of 35 steps (20%) done
Select jobs to execute...

[Wed Feb  3 13:20:05 2021]
rule plot_aprs_evolution:
    input: apr_evolution/aprs_aggregation_scores.csv, apr_evolution/aprs_entropy.csv, apr_evolution/sarcopterygii_mafft.faa
    output: viz/panels/aprs_conservation.svg
    jobid: 29

[Wed Feb  3 13:20:07 2021]
Finished job 29.
8 of 35 steps (23%) done
Select jobs to execute...

[Wed Feb  3 13:20:07 2021]
rule infer_phylogeny:
    input: apr_evolution/sarcopterygii_mafft.faa
    output: apr_evolution/sarcopterygii_phylogeny.treefile, apr_evolution/sarcopterygii_phylogeny.state
    jobid: 7

[Wed Feb  3 14:05:35 2021]
Finished job 7.
9 of 35 steps (26%) done
Select jobs to execute...

[Wed Feb  3 14:05:35 2021]
rule extract_ancestral_sequences:
    input: apr_evolution/sarcopterygii_phylogeny.state, apr_evolution/sarcopterygii_phylogeny.treefile, apr_evolution/sarcopterygii_mafft.faa
    output: ancestral_reconstruction/ancestral_sequences.faa
    jobid: 6

[Wed Feb  3 14:05:44 2021]
Finished job 6.
10 of 35 steps (29%) done
Select jobs to execute...

[Wed Feb  3 14:05:44 2021]
rule infer_supplementary_phylogeny:
    input: apr_evolution/sarcopterygii_clustalo.faa
    output: apr_evolution/sarcopterygii_phylogeny_suppl.treefile
    jobid: 27

[Wed Feb  3 15:18:11 2021]
Finished job 27.
11 of 35 steps (31%) done
Select jobs to execute...

[Wed Feb  3 15:18:11 2021]
rule add_extant_sequences:
    input: apr_evolution/sarcopterygii_sequences.faa
    output: ancestral_reconstruction/extant_sequences.faa
    jobid: 12

[Wed Feb  3 15:18:11 2021]
Finished job 12.
12 of 35 steps (34%) done
Select jobs to execute...

[Wed Feb  3 15:18:11 2021]
rule merge_sequences:
    input: ancestral_reconstruction/ancestral_sequences.faa, ancestral_reconstruction/extant_sequences.faa
    output: ancestral_reconstruction/all_sequences.faa
    jobid: 5

[Wed Feb  3 15:18:11 2021]
Finished job 5.
13 of 35 steps (37%) done
Select jobs to execute...

[Wed Feb  3 15:18:11 2021]
rule mafft2_protein_alignment:
    input: ancestral_reconstruction/all_sequences.faa
    output: ancestral_reconstruction/alignment.faa
    jobid: 4

[Wed Feb  3 15:18:12 2021]
Finished job 4.
14 of 35 steps (40%) done
Select jobs to execute...

[Wed Feb  3 15:18:12 2021]
rule trim_signal_peptide:
    input: ancestral_reconstruction/alignment.faa
    output: ancestral_reconstruction/alignment_trimmed.faa
    jobid: 3

[Wed Feb  3 15:18:13 2021]
Finished job 3.
15 of 35 steps (43%) done
Select jobs to execute...

[Wed Feb  3 15:18:13 2021]
rule protein_modelling:
    input: ancestral_reconstruction/alignment_trimmed.faa, apoa1.pdb
    output: ancestral_reconstruction/Crocodylus_porosus_ENSCPRP00005000967/best_model.pdb
    jobid: 16
    wildcards: target=Crocodylus_porosus_ENSCPRP00005000967

Waiting at most 5 seconds for missing files.
MissingOutputException in line 342 of /home/tmasson/APOA1_evolution/Snakefile:
Job Missing files after 5 seconds:
ancestral_reconstruction/Crocodylus_porosus_ENSCPRP00005000967/best_model.pdb
This might be due to filesystem latency. If that is the case, consider to increase the wait time with --latency-wait.
Job id: 16 completed successfully, but some output files are missing. 16
  File "/home/tmasson/miniconda3/envs/apoa1/lib/python3.8/site-packages/snakemake/executors/__init__.py", line 583, in handle_job_success
  File "/home/tmasson/miniconda3/envs/apoa1/lib/python3.8/site-packages/snakemake/executors/__init__.py", line 252, in handle_job_success
Shutting down, this might take some time.
Exiting because a job execution failed. Look above for error message
Complete log: /home/tmasson/APOA1_evolution/.snakemake/log/2021-02-03T131923.944102.snakemake.log
