Building DAG of jobs...
Using shell: /usr/bin/bash
Provided cores: 2
Rules claiming more threads will be scaled down.
Job counts:
	count	jobs
	1	add_extant_sequences
	1	aggregate_hyphy_results
	1	aggregate_msf
	1	aggregate_wcn
	1	all
	1	calc_shannon_entropy
	8	compute_msf
	8	compute_wcn
	1	extract_ancestral_sequences
	1	fel_analysis
	1	filter_bad_quality_sequences
	1	filter_cds_ensembl
	1	filter_sarcopterygii_sequences
	1	fix_treefile_meme
	1	fubar_analysis
	1	get_nucleotide_sequences
	1	get_protein_sequences
	1	infer_phylogeny
	1	mafft2_protein_alignment
	1	mafft_protein_alignment
	1	meme_analysis
	1	merge_sequences
	8	model_refinement
	1	pal2nal_alignment
	1	parse_fel
	1	parse_fubar
	1	parse_meme
	1	plot_aprs_evolution
	1	plot_aprs_msf_wcn
	8	protein_modelling
	1	run_tango_predictions
	1	sequences_clustering
	1	trim_nucleotide_alignment
	1	trim_protein_alignment
	1	trim_signal_peptide
	63
Select jobs to execute...

[Thu Jan 28 15:24:33 2021]
rule get_nucleotide_sequences:
    output: apr_evolution/ensembl_sequences.fna
    jobid: 54


[Thu Jan 28 15:24:33 2021]
rule get_protein_sequences:
    output: apr_evolution/ensembl_sequences.faa
    jobid: 13

[Thu Jan 28 15:24:40 2021]
Finished job 54.
1 of 63 steps (2%) done
[Thu Jan 28 15:24:41 2021]
Finished job 13.
2 of 63 steps (3%) done
Select jobs to execute...

[Thu Jan 28 15:24:41 2021]
rule filter_sarcopterygii_sequences:
    input: apr_evolution/ensembl_sequences.faa
    output: apr_evolution/raw_sarcopterygii_sequences.faa
    jobid: 12

[Thu Jan 28 15:24:45 2021]
Finished job 12.
3 of 63 steps (5%) done
Select jobs to execute...

[Thu Jan 28 15:24:45 2021]
rule filter_bad_quality_sequences:
    input: apr_evolution/raw_sarcopterygii_sequences.faa
    output: apr_evolution/sequences_filtered.faa
    jobid: 11

[Thu Jan 28 15:24:45 2021]
Finished job 11.
4 of 63 steps (6%) done
Select jobs to execute...

[Thu Jan 28 15:24:45 2021]
rule sequences_clustering:
    input: apr_evolution/sequences_filtered.faa
    output: apr_evolution/sarcopterygii_sequences.faa
    jobid: 10

Removing temporary output file apr_evolution/sequences_filtered.faa.
[Thu Jan 28 15:24:45 2021]
Finished job 10.
5 of 63 steps (8%) done
Select jobs to execute...

[Thu Jan 28 15:24:45 2021]
rule mafft_protein_alignment:
    input: apr_evolution/sarcopterygii_sequences.faa
    output: apr_evolution/sarcopterygii_mafft.faa
    jobid: 9


[Thu Jan 28 15:24:45 2021]
rule filter_cds_ensembl:
    input: apr_evolution/ensembl_sequences.fna, apr_evolution/sarcopterygii_sequences.faa
    output: apr_evolution/sarcopterygii_sequences.fna
    jobid: 53

[Thu Jan 28 15:24:46 2021]
Finished job 53.
6 of 63 steps (10%) done
Select jobs to execute...

[Thu Jan 28 15:24:46 2021]
rule add_extant_sequences:
    input: apr_evolution/sarcopterygii_sequences.faa
    output: ancestral_reconstruction/extant_sequences.faa
    jobid: 14

[Thu Jan 28 15:24:47 2021]
Finished job 14.
7 of 63 steps (11%) done
[Thu Jan 28 15:25:00 2021]
Finished job 9.
8 of 63 steps (13%) done
Select jobs to execute...

[Thu Jan 28 15:25:00 2021]
rule pal2nal_alignment:
    input: apr_evolution/sarcopterygii_mafft.faa, apr_evolution/sarcopterygii_sequences.fna
    output: apr_evolution/sarcopterygii_mafft.fna
    jobid: 52


[Thu Jan 28 15:25:00 2021]
rule trim_protein_alignment:
    input: apr_evolution/sarcopterygii_mafft.faa
    output: apr_evolution/sarcopterygii_mafft_trimmed.faa
    jobid: 8

[Thu Jan 28 15:25:00 2021]
Finished job 8.
9 of 63 steps (14%) done
Select jobs to execute...

[Thu Jan 28 15:25:00 2021]
rule calc_shannon_entropy:
    input: apr_evolution/sarcopterygii_mafft_trimmed.faa
    output: apr_evolution/aprs_entropy.csv
    jobid: 47

[Thu Jan 28 15:25:00 2021]
Finished job 47.
10 of 63 steps (16%) done
Select jobs to execute...

[Thu Jan 28 15:25:00 2021]
rule infer_phylogeny:
    input: apr_evolution/sarcopterygii_mafft_trimmed.faa
    output: apr_evolution/sarcopterygii_phylogeny.treefile, apr_evolution/sarcopterygii_phylogeny.state
    jobid: 7

[Thu Jan 28 15:25:00 2021]
Finished job 52.
11 of 63 steps (17%) done
Select jobs to execute...

[Thu Jan 28 15:25:01 2021]
rule trim_nucleotide_alignment:
    input: apr_evolution/sarcopterygii_mafft.fna
    output: apr_evolution/sarcopterygii_mafft_trimmed.fna
    jobid: 51

[Thu Jan 28 15:25:01 2021]
Finished job 51.
12 of 63 steps (19%) done
Select jobs to execute...

[Thu Jan 28 15:25:01 2021]
rule run_tango_predictions:
    input: apr_evolution/sarcopterygii_mafft_trimmed.faa
    output: apr_evolution/aprs_aggregation_scores.csv
    jobid: 46

[Thu Jan 28 15:25:10 2021]
Finished job 46.
13 of 63 steps (21%) done
[Thu Jan 28 15:46:24 2021]
Finished job 7.
14 of 63 steps (22%) done
Select jobs to execute...

[Thu Jan 28 15:46:24 2021]
rule fubar_analysis:
    input: apr_evolution/sarcopterygii_mafft_trimmed.fna, apr_evolution/sarcopterygii_phylogeny.treefile
    output: apr_evolution/sarcopterygii_fubar.json
    jobid: 56


[Thu Jan 28 15:46:24 2021]
rule extract_ancestral_sequences:
    input: apr_evolution/sarcopterygii_phylogeny.state
    output: ancestral_reconstruction/ancestral_sequences.faa
    jobid: 6

[Thu Jan 28 15:46:32 2021]
Finished job 6.
15 of 63 steps (24%) done
Select jobs to execute...

[Thu Jan 28 15:46:33 2021]
rule fel_analysis:
    input: apr_evolution/sarcopterygii_mafft_trimmed.fna, apr_evolution/sarcopterygii_phylogeny.treefile
    output: apr_evolution/sarcopterygii_fel.json
    jobid: 50

[Thu Jan 28 15:48:22 2021]
Finished job 56.
16 of 63 steps (25%) done
Select jobs to execute...

[Thu Jan 28 15:48:22 2021]
rule merge_sequences:
    input: ancestral_reconstruction/ancestral_sequences.faa, ancestral_reconstruction/extant_sequences.faa
    output: ancestral_reconstruction/all_sequences.faa
    jobid: 5

[Thu Jan 28 15:48:22 2021]
Finished job 5.
17 of 63 steps (27%) done
Select jobs to execute...

[Thu Jan 28 15:48:22 2021]
rule mafft2_protein_alignment:
    input: ancestral_reconstruction/all_sequences.faa
    output: ancestral_reconstruction/alignment.faa
    jobid: 4

[Thu Jan 28 15:48:22 2021]
Finished job 4.
18 of 63 steps (29%) done
Select jobs to execute...

[Thu Jan 28 15:48:22 2021]
rule trim_signal_peptide:
    input: ancestral_reconstruction/alignment.faa
    output: ancestral_reconstruction/alignment_trimmed.faa
    jobid: 3

[Thu Jan 28 15:48:23 2021]
Finished job 3.
19 of 63 steps (30%) done
Select jobs to execute...

[Thu Jan 28 15:48:23 2021]
rule protein_modelling:
    input: ancestral_reconstruction/alignment_trimmed.faa, apoa1.pdb
    output: ancestral_reconstruction/Crocodylus_porosus_ENSCPRP00005000967/best_model.pdb
    jobid: 26
    wildcards: target=Crocodylus_porosus_ENSCPRP00005000967

[Thu Jan 28 15:50:18 2021]
Finished job 26.
20 of 63 steps (32%) done
Select jobs to execute...

[Thu Jan 28 15:50:18 2021]
rule protein_modelling:
    input: ancestral_reconstruction/alignment_trimmed.faa, apoa1.pdb
    output: ancestral_reconstruction/Gorilla_gorilla_ENSGGOP00000033442/best_model.pdb
    jobid: 22
    wildcards: target=Gorilla_gorilla_ENSGGOP00000033442

[Thu Jan 28 15:52:17 2021]
Finished job 22.
21 of 63 steps (33%) done
Select jobs to execute...

[Thu Jan 28 15:52:17 2021]
rule protein_modelling:
    input: ancestral_reconstruction/alignment_trimmed.faa, apoa1.pdb
    output: ancestral_reconstruction/Node92/best_model.pdb
    jobid: 18
    wildcards: target=Node92

[Thu Jan 28 15:54:00 2021]
Finished job 18.
22 of 63 steps (35%) done
Select jobs to execute...

[Thu Jan 28 15:54:00 2021]
rule parse_fubar:
    input: apr_evolution/sarcopterygii_fubar.json, apr_evolution/sarcopterygii_mafft_trimmed.faa
    output: apr_evolution/sarcopterygii_fubar.csv
    jobid: 55

[Thu Jan 28 15:54:01 2021]
Finished job 55.
23 of 63 steps (37%) done
Select jobs to execute...

[Thu Jan 28 15:54:01 2021]
rule protein_modelling:
    input: ancestral_reconstruction/alignment_trimmed.faa, apoa1.pdb
    output: ancestral_reconstruction/Node99/best_model.pdb
    jobid: 20
    wildcards: target=Node99

[Thu Jan 28 15:55:47 2021]
Finished job 20.
24 of 63 steps (38%) done
Select jobs to execute...

[Thu Jan 28 15:55:47 2021]
rule protein_modelling:
    input: ancestral_reconstruction/alignment_trimmed.faa, apoa1.pdb
    output: ancestral_reconstruction/Gallus_gallus_ENSGALP00000011510/best_model.pdb
    jobid: 28
    wildcards: target=Gallus_gallus_ENSGALP00000011510

[Thu Jan 28 15:57:40 2021]
Finished job 28.
25 of 63 steps (40%) done
Select jobs to execute...

[Thu Jan 28 15:57:40 2021]
rule protein_modelling:
    input: ancestral_reconstruction/alignment_trimmed.faa, apoa1.pdb
    output: ancestral_reconstruction/Mus_musculus_ENSMUSP00000034588/best_model.pdb
    jobid: 24
    wildcards: target=Mus_musculus_ENSMUSP00000034588

[Thu Jan 28 15:59:38 2021]
Finished job 24.
26 of 63 steps (41%) done
Select jobs to execute...

[Thu Jan 28 15:59:38 2021]
rule model_refinement:
    input: ancestral_reconstruction/Node92/best_model.pdb
    output: ancestral_reconstruction/Node92/best_model_relaxed.pdb
    jobid: 17
    wildcards: target=Node92

[Thu Jan 28 16:04:59 2021]
Finished job 17.
27 of 63 steps (43%) done
Select jobs to execute...

[Thu Jan 28 16:04:59 2021]
rule compute_wcn:
    input: ancestral_reconstruction/Node92/best_model_relaxed.pdb
    output: ancestral_reconstruction/Node92/best_model_relaxed.wcn
    jobid: 39
    wildcards: target=Node92

[Thu Jan 28 16:05:01 2021]
Finished job 39.
28 of 63 steps (44%) done
Select jobs to execute...

[Thu Jan 28 16:05:01 2021]
rule compute_msf:
    input: ancestral_reconstruction/Node92/best_model_relaxed.pdb
    output: ancestral_reconstruction/Node92/best_model_relaxed.msf
    jobid: 31
    wildcards: target=Node92

[Thu Jan 28 16:05:05 2021]
Finished job 31.
29 of 63 steps (46%) done
Select jobs to execute...

[Thu Jan 28 16:05:05 2021]
rule model_refinement:
    input: ancestral_reconstruction/Gorilla_gorilla_ENSGGOP00000033442/best_model.pdb
    output: ancestral_reconstruction/Gorilla_gorilla_ENSGGOP00000033442/best_model_relaxed.pdb
    jobid: 21
    wildcards: target=Gorilla_gorilla_ENSGGOP00000033442

[Thu Jan 28 16:11:07 2021]
Finished job 21.
30 of 63 steps (48%) done
Select jobs to execute...

[Thu Jan 28 16:11:07 2021]
rule compute_msf:
    input: ancestral_reconstruction/Gorilla_gorilla_ENSGGOP00000033442/best_model_relaxed.pdb
    output: ancestral_reconstruction/Gorilla_gorilla_ENSGGOP00000033442/best_model_relaxed.msf
    jobid: 33
    wildcards: target=Gorilla_gorilla_ENSGGOP00000033442

[Thu Jan 28 16:11:08 2021]
Finished job 33.
31 of 63 steps (49%) done
Select jobs to execute...

[Thu Jan 28 16:11:08 2021]
rule compute_wcn:
    input: ancestral_reconstruction/Gorilla_gorilla_ENSGGOP00000033442/best_model_relaxed.pdb
    output: ancestral_reconstruction/Gorilla_gorilla_ENSGGOP00000033442/best_model_relaxed.wcn
    jobid: 41
    wildcards: target=Gorilla_gorilla_ENSGGOP00000033442

[Thu Jan 28 16:11:10 2021]
Finished job 41.
32 of 63 steps (51%) done
Select jobs to execute...

[Thu Jan 28 16:11:10 2021]
rule model_refinement:
    input: ancestral_reconstruction/Crocodylus_porosus_ENSCPRP00005000967/best_model.pdb
    output: ancestral_reconstruction/Crocodylus_porosus_ENSCPRP00005000967/best_model_relaxed.pdb
    jobid: 25
    wildcards: target=Crocodylus_porosus_ENSCPRP00005000967

[Thu Jan 28 16:16:25 2021]
Finished job 25.
33 of 63 steps (52%) done
Select jobs to execute...

[Thu Jan 28 16:16:25 2021]
rule compute_msf:
    input: ancestral_reconstruction/Crocodylus_porosus_ENSCPRP00005000967/best_model_relaxed.pdb
    output: ancestral_reconstruction/Crocodylus_porosus_ENSCPRP00005000967/best_model_relaxed.msf
    jobid: 35
    wildcards: target=Crocodylus_porosus_ENSCPRP00005000967

[Thu Jan 28 16:16:26 2021]
Finished job 35.
34 of 63 steps (54%) done
Select jobs to execute...

[Thu Jan 28 16:16:26 2021]
rule compute_wcn:
    input: ancestral_reconstruction/Crocodylus_porosus_ENSCPRP00005000967/best_model_relaxed.pdb
    output: ancestral_reconstruction/Crocodylus_porosus_ENSCPRP00005000967/best_model_relaxed.wcn
    jobid: 43
    wildcards: target=Crocodylus_porosus_ENSCPRP00005000967

[Thu Jan 28 16:16:28 2021]
Finished job 43.
35 of 63 steps (56%) done
Select jobs to execute...

[Thu Jan 28 16:16:28 2021]
rule protein_modelling:
    input: ancestral_reconstruction/alignment_trimmed.faa, apoa1.pdb
    output: ancestral_reconstruction/Node15/best_model.pdb
    jobid: 16
    wildcards: target=Node15

[Thu Jan 28 16:18:15 2021]
Finished job 16.
36 of 63 steps (57%) done
Select jobs to execute...

[Thu Jan 28 16:18:15 2021]
rule model_refinement:
    input: ancestral_reconstruction/Node15/best_model.pdb
    output: ancestral_reconstruction/Node15/best_model_relaxed.pdb
    jobid: 15
    wildcards: target=Node15

[Thu Jan 28 16:23:07 2021]
Finished job 15.
37 of 63 steps (59%) done
Select jobs to execute...

[Thu Jan 28 16:23:07 2021]
rule protein_modelling:
    input: ancestral_reconstruction/alignment_trimmed.faa, apoa1.pdb
    output: ancestral_reconstruction/Node10/best_model.pdb
    jobid: 2
    wildcards: target=Node10

[Thu Jan 28 16:24:51 2021]
Finished job 2.
38 of 63 steps (60%) done
Select jobs to execute...

[Thu Jan 28 16:24:51 2021]
rule model_refinement:
    input: ancestral_reconstruction/Node10/best_model.pdb
    output: ancestral_reconstruction/Node10/best_model_relaxed.pdb
    jobid: 1
    wildcards: target=Node10

[Thu Jan 28 16:29:58 2021]
Finished job 1.
39 of 63 steps (62%) done
Select jobs to execute...

[Thu Jan 28 16:29:58 2021]
rule compute_wcn:
    input: ancestral_reconstruction/Node10/best_model_relaxed.pdb
    output: ancestral_reconstruction/Node10/best_model_relaxed.wcn
    jobid: 37
    wildcards: target=Node10

[Thu Jan 28 16:30:00 2021]
Finished job 37.
40 of 63 steps (63%) done
Select jobs to execute...

[Thu Jan 28 16:30:00 2021]
rule compute_msf:
    input: ancestral_reconstruction/Node10/best_model_relaxed.pdb
    output: ancestral_reconstruction/Node10/best_model_relaxed.msf
    jobid: 29
    wildcards: target=Node10

[Thu Jan 28 16:30:01 2021]
Finished job 29.
41 of 63 steps (65%) done
Select jobs to execute...

[Thu Jan 28 16:30:01 2021]
rule fix_treefile_meme:
    input: apr_evolution/sarcopterygii_phylogeny.treefile
    output: apr_evolution/sarcopterygii_phylogeny_meme.treefile
    jobid: 59

[Thu Jan 28 16:30:01 2021]
Finished job 59.
42 of 63 steps (67%) done
Select jobs to execute...

[Thu Jan 28 16:30:01 2021]
rule meme_analysis:
    input: apr_evolution/sarcopterygii_mafft_trimmed.fna, apr_evolution/sarcopterygii_phylogeny_meme.treefile
    output: apr_evolution/sarcopterygii_meme.json
    jobid: 58

[Thu Jan 28 16:43:53 2021]
Finished job 50.
43 of 63 steps (68%) done
Select jobs to execute...

[Thu Jan 28 16:43:53 2021]
rule parse_fel:
    input: apr_evolution/sarcopterygii_fel.json, apr_evolution/sarcopterygii_mafft_trimmed.faa
    output: apr_evolution/sarcopterygii_fel.csv
    jobid: 49

[Thu Jan 28 16:43:54 2021]
Finished job 49.
44 of 63 steps (70%) done
Select jobs to execute...

[Thu Jan 28 16:43:54 2021]
rule compute_wcn:
    input: ancestral_reconstruction/Node15/best_model_relaxed.pdb
    output: ancestral_reconstruction/Node15/best_model_relaxed.wcn
    jobid: 38
    wildcards: target=Node15

[Thu Jan 28 16:43:56 2021]
Finished job 38.
45 of 63 steps (71%) done
Select jobs to execute...

[Thu Jan 28 16:43:56 2021]
rule compute_msf:
    input: ancestral_reconstruction/Node15/best_model_relaxed.pdb
    output: ancestral_reconstruction/Node15/best_model_relaxed.msf
    jobid: 30
    wildcards: target=Node15

[Thu Jan 28 16:43:57 2021]
Finished job 30.
46 of 63 steps (73%) done
Select jobs to execute...

[Thu Jan 28 16:43:57 2021]
rule model_refinement:
    input: ancestral_reconstruction/Node99/best_model.pdb
    output: ancestral_reconstruction/Node99/best_model_relaxed.pdb
    jobid: 19
    wildcards: target=Node99

[Thu Jan 28 16:48:46 2021]
Finished job 19.
47 of 63 steps (75%) done
Select jobs to execute...

[Thu Jan 28 16:48:46 2021]
rule compute_msf:
    input: ancestral_reconstruction/Node99/best_model_relaxed.pdb
    output: ancestral_reconstruction/Node99/best_model_relaxed.msf
    jobid: 32
    wildcards: target=Node99

[Thu Jan 28 16:48:48 2021]
Finished job 32.
48 of 63 steps (76%) done
Select jobs to execute...

[Thu Jan 28 16:48:48 2021]
rule model_refinement:
    input: ancestral_reconstruction/Gallus_gallus_ENSGALP00000011510/best_model.pdb
    output: ancestral_reconstruction/Gallus_gallus_ENSGALP00000011510/best_model_relaxed.pdb
    jobid: 27
    wildcards: target=Gallus_gallus_ENSGALP00000011510

[Thu Jan 28 16:54:29 2021]
Finished job 27.
49 of 63 steps (78%) done
Select jobs to execute...

[Thu Jan 28 16:54:29 2021]
rule compute_wcn:
    input: ancestral_reconstruction/Gallus_gallus_ENSGALP00000011510/best_model_relaxed.pdb
    output: ancestral_reconstruction/Gallus_gallus_ENSGALP00000011510/best_model_relaxed.wcn
    jobid: 44
    wildcards: target=Gallus_gallus_ENSGALP00000011510

[Thu Jan 28 16:54:31 2021]
Finished job 44.
50 of 63 steps (79%) done
Select jobs to execute...

[Thu Jan 28 16:54:31 2021]
rule compute_msf:
    input: ancestral_reconstruction/Gallus_gallus_ENSGALP00000011510/best_model_relaxed.pdb
    output: ancestral_reconstruction/Gallus_gallus_ENSGALP00000011510/best_model_relaxed.msf
    jobid: 36
    wildcards: target=Gallus_gallus_ENSGALP00000011510

[Thu Jan 28 16:54:32 2021]
Finished job 36.
51 of 63 steps (81%) done
Select jobs to execute...

[Thu Jan 28 16:54:32 2021]
rule compute_wcn:
    input: ancestral_reconstruction/Node99/best_model_relaxed.pdb
    output: ancestral_reconstruction/Node99/best_model_relaxed.wcn
    jobid: 40
    wildcards: target=Node99

[Thu Jan 28 16:54:34 2021]
Finished job 40.
52 of 63 steps (83%) done
Select jobs to execute...

[Thu Jan 28 16:54:34 2021]
rule model_refinement:
    input: ancestral_reconstruction/Mus_musculus_ENSMUSP00000034588/best_model.pdb
    output: ancestral_reconstruction/Mus_musculus_ENSMUSP00000034588/best_model_relaxed.pdb
    jobid: 23
    wildcards: target=Mus_musculus_ENSMUSP00000034588

[Thu Jan 28 17:00:19 2021]
Finished job 23.
53 of 63 steps (84%) done
Select jobs to execute...

[Thu Jan 28 17:00:19 2021]
rule compute_wcn:
    input: ancestral_reconstruction/Mus_musculus_ENSMUSP00000034588/best_model_relaxed.pdb
    output: ancestral_reconstruction/Mus_musculus_ENSMUSP00000034588/best_model_relaxed.wcn
    jobid: 42
    wildcards: target=Mus_musculus_ENSMUSP00000034588

[Thu Jan 28 17:00:21 2021]
Finished job 42.
54 of 63 steps (86%) done
Select jobs to execute...

[Thu Jan 28 17:00:21 2021]
rule compute_msf:
    input: ancestral_reconstruction/Mus_musculus_ENSMUSP00000034588/best_model_relaxed.pdb
    output: ancestral_reconstruction/Mus_musculus_ENSMUSP00000034588/best_model_relaxed.msf
    jobid: 34
    wildcards: target=Mus_musculus_ENSMUSP00000034588

[Thu Jan 28 17:00:23 2021]
Finished job 34.
55 of 63 steps (87%) done
Select jobs to execute...

[Thu Jan 28 17:00:23 2021]
rule aggregate_wcn:
    input: ancestral_reconstruction/Node10/best_model_relaxed.wcn, ancestral_reconstruction/Node15/best_model_relaxed.wcn, ancestral_reconstruction/Node92/best_model_relaxed.wcn, ancestral_reconstruction/Node99/best_model_relaxed.wcn, ancestral_reconstruction/Gorilla_gorilla_ENSGGOP00000033442/best_model_relaxed.wcn, ancestral_reconstruction/Mus_musculus_ENSMUSP00000034588/best_model_relaxed.wcn, ancestral_reconstruction/Crocodylus_porosus_ENSCPRP00005000967/best_model_relaxed.wcn, ancestral_reconstruction/Gallus_gallus_ENSGALP00000011510/best_model_relaxed.wcn
    output: ancestral_reconstruction/wcn.csv
    jobid: 62

[Thu Jan 28 17:00:23 2021]
Finished job 62.
56 of 63 steps (89%) done
Select jobs to execute...

[Thu Jan 28 17:00:23 2021]
rule aggregate_msf:
    input: ancestral_reconstruction/Node10/best_model_relaxed.msf, ancestral_reconstruction/Node15/best_model_relaxed.msf, ancestral_reconstruction/Node92/best_model_relaxed.msf, ancestral_reconstruction/Node99/best_model_relaxed.msf, ancestral_reconstruction/Gorilla_gorilla_ENSGGOP00000033442/best_model_relaxed.msf, ancestral_reconstruction/Mus_musculus_ENSMUSP00000034588/best_model_relaxed.msf, ancestral_reconstruction/Crocodylus_porosus_ENSCPRP00005000967/best_model_relaxed.msf, ancestral_reconstruction/Gallus_gallus_ENSGALP00000011510/best_model_relaxed.msf
    output: ancestral_reconstruction/msf.csv
    jobid: 61

[Thu Jan 28 17:00:23 2021]
Finished job 61.
57 of 63 steps (90%) done
Select jobs to execute...

[Thu Jan 28 17:00:23 2021]
rule plot_aprs_msf_wcn:
    input: ancestral_reconstruction/msf.csv, ancestral_reconstruction/wcn.csv
    output: viz/panels/aprs_flexibility.svg, viz/panels/aprs_flexibility_profiles.svg
    jobid: 60

[Thu Jan 28 17:00:25 2021]
Finished job 60.
58 of 63 steps (92%) done
[Thu Jan 28 18:59:50 2021]
Finished job 58.
59 of 63 steps (94%) done
Select jobs to execute...

[Thu Jan 28 18:59:50 2021]
rule parse_meme:
    input: apr_evolution/sarcopterygii_meme.json, apr_evolution/sarcopterygii_mafft_trimmed.faa
    output: apr_evolution/sarcopterygii_meme.csv
    jobid: 57

[Thu Jan 28 18:59:51 2021]
Finished job 57.
60 of 63 steps (95%) done
Select jobs to execute...

[Thu Jan 28 18:59:51 2021]
rule aggregate_hyphy_results:
    input: apr_evolution/sarcopterygii_fel.csv, apr_evolution/sarcopterygii_fubar.csv, apr_evolution/sarcopterygii_meme.csv
    output: apr_evolution/hyphy_results.csv
    jobid: 48

[Thu Jan 28 18:59:51 2021]
Finished job 48.
61 of 63 steps (97%) done
Select jobs to execute...

[Thu Jan 28 18:59:51 2021]
rule plot_aprs_evolution:
    input: apr_evolution/aprs_aggregation_scores.csv, apr_evolution/aprs_entropy.csv, apr_evolution/hyphy_results.csv
    output: viz/panels/aprs_conservation.svg, viz/panels/natural_selection_regimes.svg
    jobid: 45

[Thu Jan 28 18:59:54 2021]
Finished job 45.
62 of 63 steps (98%) done
Select jobs to execute...

[Thu Jan 28 18:59:54 2021]
localrule all:
    input: ancestral_reconstruction/Node10/best_model_relaxed.pdb, ancestral_reconstruction/Node15/best_model_relaxed.pdb, ancestral_reconstruction/Node92/best_model_relaxed.pdb, ancestral_reconstruction/Node99/best_model_relaxed.pdb, ancestral_reconstruction/Gorilla_gorilla_ENSGGOP00000033442/best_model_relaxed.pdb, ancestral_reconstruction/Mus_musculus_ENSMUSP00000034588/best_model_relaxed.pdb, ancestral_reconstruction/Crocodylus_porosus_ENSCPRP00005000967/best_model_relaxed.pdb, ancestral_reconstruction/Gallus_gallus_ENSGALP00000011510/best_model_relaxed.pdb, ancestral_reconstruction/Node10/best_model_relaxed.msf, ancestral_reconstruction/Node15/best_model_relaxed.msf, ancestral_reconstruction/Node92/best_model_relaxed.msf, ancestral_reconstruction/Node99/best_model_relaxed.msf, ancestral_reconstruction/Gorilla_gorilla_ENSGGOP00000033442/best_model_relaxed.msf, ancestral_reconstruction/Mus_musculus_ENSMUSP00000034588/best_model_relaxed.msf, ancestral_reconstruction/Crocodylus_porosus_ENSCPRP00005000967/best_model_relaxed.msf, ancestral_reconstruction/Gallus_gallus_ENSGALP00000011510/best_model_relaxed.msf, ancestral_reconstruction/Node10/best_model_relaxed.wcn, ancestral_reconstruction/Node15/best_model_relaxed.wcn, ancestral_reconstruction/Node92/best_model_relaxed.wcn, ancestral_reconstruction/Node99/best_model_relaxed.wcn, ancestral_reconstruction/Gorilla_gorilla_ENSGGOP00000033442/best_model_relaxed.wcn, ancestral_reconstruction/Mus_musculus_ENSMUSP00000034588/best_model_relaxed.wcn, ancestral_reconstruction/Crocodylus_porosus_ENSCPRP00005000967/best_model_relaxed.wcn, ancestral_reconstruction/Gallus_gallus_ENSGALP00000011510/best_model_relaxed.wcn, viz/panels/aprs_conservation.svg, viz/panels/natural_selection_regimes.svg, viz/panels/aprs_flexibility.svg, viz/panels/aprs_flexibility_profiles.svg
    jobid: 0

[Thu Jan 28 18:59:54 2021]
Finished job 0.
63 of 63 steps (100%) done
Complete log: /home/tmasson/APOA1_evolution/.snakemake/log/2021-01-28T152433.137679.snakemake.log
