Building DAG of jobs...
Using shell: /usr/bin/bash
Provided cores: 2
Rules claiming more threads will be scaled down.
Job counts:
	count	jobs
	1	add_extant_sequences
	1	aggregate_hyphy_results
	1	aggregate_msf
	1	aggregate_wcn
	1	all
	1	calc_shannon_entropy
	8	compute_msf
	8	compute_wcn
	1	extract_ancestral_sequences
	1	fel_analysis
	1	filter_bad_quality_sequences
	1	filter_cds_ensembl
	1	filter_sarcopterygii_sequences
	1	fix_treefile_meme
	1	fubar_analysis
	1	get_nucleotide_sequences
	1	get_protein_sequences
	1	infer_phylogeny
	1	mafft2_protein_alignment
	1	mafft_protein_alignment
	1	meme_analysis
	1	merge_sequences
	8	model_refinement
	1	pal2nal_alignment
	1	parse_fel
	1	parse_fubar
	1	parse_meme
	1	plot_aprs_evolution
	1	plot_aprs_msf_wcn
	8	protein_modelling
	1	run_tango_predictions
	1	sequences_clustering
	1	trim_nucleotide_alignment
	1	trim_protein_alignment
	1	trim_signal_peptide
	63
Select jobs to execute...

[Wed Jan 27 12:53:45 2021]
rule get_nucleotide_sequences:
    output: apr_evolution/ensembl_sequences.fna
    jobid: 54


[Wed Jan 27 12:53:45 2021]
rule get_protein_sequences:
    output: apr_evolution/ensembl_sequences.faa
    jobid: 13

[Wed Jan 27 12:54:00 2021]
Finished job 54.
1 of 63 steps (2%) done
[Wed Jan 27 12:54:02 2021]
Finished job 13.
2 of 63 steps (3%) done
Select jobs to execute...

[Wed Jan 27 12:54:02 2021]
rule filter_sarcopterygii_sequences:
    input: apr_evolution/ensembl_sequences.faa
    output: apr_evolution/raw_sarcopterygii_sequences.faa
    jobid: 12

[Wed Jan 27 12:54:06 2021]
Finished job 12.
3 of 63 steps (5%) done
Select jobs to execute...

[Wed Jan 27 12:54:06 2021]
rule filter_bad_quality_sequences:
    input: apr_evolution/raw_sarcopterygii_sequences.faa
    output: apr_evolution/sequences_filtered.faa
    jobid: 11

[Wed Jan 27 12:54:06 2021]
Finished job 11.
4 of 63 steps (6%) done
Select jobs to execute...

[Wed Jan 27 12:54:06 2021]
rule sequences_clustering:
    input: apr_evolution/sequences_filtered.faa
    output: apr_evolution/sarcopterygii_sequences.faa
    jobid: 10

Removing temporary output file apr_evolution/sequences_filtered.faa.
[Wed Jan 27 12:54:06 2021]
Finished job 10.
5 of 63 steps (8%) done
Select jobs to execute...

[Wed Jan 27 12:54:06 2021]
rule mafft_protein_alignment:
    input: apr_evolution/sarcopterygii_sequences.faa
    output: apr_evolution/sarcopterygii_mafft.faa
    jobid: 9


[Wed Jan 27 12:54:06 2021]
rule filter_cds_ensembl:
    input: apr_evolution/ensembl_sequences.fna, apr_evolution/sarcopterygii_sequences.faa
    output: apr_evolution/sarcopterygii_sequences.fna
    jobid: 53

[Wed Jan 27 12:54:07 2021]
Finished job 53.
6 of 63 steps (10%) done
Select jobs to execute...

[Wed Jan 27 12:54:07 2021]
rule add_extant_sequences:
    input: apr_evolution/sarcopterygii_sequences.faa
    output: ancestral_reconstruction/extant_sequences.faa
    jobid: 14

[Wed Jan 27 12:54:08 2021]
Finished job 14.
7 of 63 steps (11%) done
[Wed Jan 27 12:54:17 2021]
Finished job 9.
8 of 63 steps (13%) done
Select jobs to execute...

[Wed Jan 27 12:54:17 2021]
rule pal2nal_alignment:
    input: apr_evolution/sarcopterygii_mafft.faa, apr_evolution/sarcopterygii_sequences.fna
    output: apr_evolution/sarcopterygii_mafft.fna
    jobid: 52


[Wed Jan 27 12:54:17 2021]
rule trim_protein_alignment:
    input: apr_evolution/sarcopterygii_mafft.faa
    output: apr_evolution/sarcopterygii_mafft_trimmed.faa
    jobid: 8

[Wed Jan 27 12:54:19 2021]
Finished job 8.
9 of 63 steps (14%) done
Select jobs to execute...

[Wed Jan 27 12:54:19 2021]
rule calc_shannon_entropy:
    input: apr_evolution/sarcopterygii_mafft_trimmed.faa
    output: apr_evolution/aprs_entropy.csv
    jobid: 47

[Wed Jan 27 12:54:19 2021]
Finished job 47.
10 of 63 steps (16%) done
Select jobs to execute...

[Wed Jan 27 12:54:19 2021]
rule infer_phylogeny:
    input: apr_evolution/sarcopterygii_mafft_trimmed.faa
    output: apr_evolution/sarcopterygii_phylogeny.treefile, apr_evolution/sarcopterygii_phylogeny.state
    jobid: 7

[Wed Jan 27 12:54:20 2021]
Finished job 52.
11 of 63 steps (17%) done
Select jobs to execute...

[Wed Jan 27 12:54:20 2021]
rule trim_nucleotide_alignment:
    input: apr_evolution/sarcopterygii_mafft.fna
    output: apr_evolution/sarcopterygii_mafft_trimmed.fna
    jobid: 51

[Wed Jan 27 12:54:20 2021]
Finished job 51.
12 of 63 steps (19%) done
Select jobs to execute...

[Wed Jan 27 12:54:20 2021]
rule run_tango_predictions:
    input: apr_evolution/sarcopterygii_mafft_trimmed.faa
    output: apr_evolution/aprs_aggregation_scores.csv
    jobid: 46

[Wed Jan 27 12:54:30 2021]
Finished job 46.
13 of 63 steps (21%) done
[Wed Jan 27 13:08:55 2021]
Finished job 7.
14 of 63 steps (22%) done
Select jobs to execute...

[Wed Jan 27 13:08:55 2021]
rule fubar_analysis:
    input: apr_evolution/sarcopterygii_mafft_trimmed.fna, apr_evolution/sarcopterygii_phylogeny.treefile
    output: apr_evolution/sarcopterygii_fubar.json
    jobid: 56


[Wed Jan 27 13:08:55 2021]
rule extract_ancestral_sequences:
    input: apr_evolution/sarcopterygii_phylogeny.state
    output: ancestral_reconstruction/ancestral_sequences.faa
    jobid: 6

[Wed Jan 27 13:09:09 2021]
Finished job 6.
15 of 63 steps (24%) done
Select jobs to execute...

[Wed Jan 27 13:09:09 2021]
rule fel_analysis:
    input: apr_evolution/sarcopterygii_mafft_trimmed.fna, apr_evolution/sarcopterygii_phylogeny.treefile
    output: apr_evolution/sarcopterygii_fel.json
    jobid: 50

[Wed Jan 27 13:10:36 2021]
Finished job 56.
16 of 63 steps (25%) done
Select jobs to execute...

[Wed Jan 27 13:10:36 2021]
rule merge_sequences:
    input: ancestral_reconstruction/ancestral_sequences.faa, ancestral_reconstruction/extant_sequences.faa
    output: ancestral_reconstruction/all_sequences.faa
    jobid: 5

[Wed Jan 27 13:10:36 2021]
Finished job 5.
17 of 63 steps (27%) done
Select jobs to execute...

[Wed Jan 27 13:10:36 2021]
rule mafft2_protein_alignment:
    input: ancestral_reconstruction/all_sequences.faa
    output: ancestral_reconstruction/alignment.faa
    jobid: 4

[Wed Jan 27 13:10:37 2021]
Finished job 4.
18 of 63 steps (29%) done
Select jobs to execute...

[Wed Jan 27 13:10:37 2021]
rule trim_signal_peptide:
    input: ancestral_reconstruction/alignment.faa
    output: ancestral_reconstruction/alignment_trimmed.faa
    jobid: 3

[Wed Jan 27 13:10:37 2021]
Finished job 3.
19 of 63 steps (30%) done
Select jobs to execute...

[Wed Jan 27 13:10:37 2021]
rule protein_modelling:
    input: ancestral_reconstruction/alignment_trimmed.faa, apoa1.pdb
    output: ancestral_reconstruction/Crocodylus_porosus_ENSCPRP00005000967/best_model.pdb
    jobid: 26
    wildcards: target=Crocodylus_porosus_ENSCPRP00005000967

[Wed Jan 27 13:12:34 2021]
Finished job 26.
20 of 63 steps (32%) done
Select jobs to execute...

[Wed Jan 27 13:12:34 2021]
rule protein_modelling:
    input: ancestral_reconstruction/alignment_trimmed.faa, apoa1.pdb
    output: ancestral_reconstruction/Gorilla_gorilla_ENSGGOP00000033442/best_model.pdb
    jobid: 22
    wildcards: target=Gorilla_gorilla_ENSGGOP00000033442

[Wed Jan 27 13:14:37 2021]
Finished job 22.
21 of 63 steps (33%) done
Select jobs to execute...

[Wed Jan 27 13:14:37 2021]
rule protein_modelling:
    input: ancestral_reconstruction/alignment_trimmed.faa, apoa1.pdb
    output: ancestral_reconstruction/Node92/best_model.pdb
    jobid: 18
    wildcards: target=Node92

[Wed Jan 27 13:16:30 2021]
Finished job 18.
22 of 63 steps (35%) done
Select jobs to execute...

[Wed Jan 27 13:16:30 2021]
rule parse_fubar:
    input: apr_evolution/sarcopterygii_fubar.json, apr_evolution/sarcopterygii_mafft_trimmed.faa
    output: apr_evolution/sarcopterygii_fubar.csv
    jobid: 55

[Wed Jan 27 13:16:30 2021]
Finished job 55.
23 of 63 steps (37%) done
Select jobs to execute...

[Wed Jan 27 13:16:30 2021]
rule protein_modelling:
    input: ancestral_reconstruction/alignment_trimmed.faa, apoa1.pdb
    output: ancestral_reconstruction/Node99/best_model.pdb
    jobid: 20
    wildcards: target=Node99

[Wed Jan 27 13:18:38 2021]
Finished job 20.
24 of 63 steps (38%) done
Select jobs to execute...

[Wed Jan 27 13:18:38 2021]
rule protein_modelling:
    input: ancestral_reconstruction/alignment_trimmed.faa, apoa1.pdb
    output: ancestral_reconstruction/Gallus_gallus_ENSGALP00000011510/best_model.pdb
    jobid: 28
    wildcards: target=Gallus_gallus_ENSGALP00000011510

[Wed Jan 27 13:20:45 2021]
Finished job 28.
25 of 63 steps (40%) done
Select jobs to execute...

[Wed Jan 27 13:20:45 2021]
rule protein_modelling:
    input: ancestral_reconstruction/alignment_trimmed.faa, apoa1.pdb
    output: ancestral_reconstruction/Mus_musculus_ENSMUSP00000034588/best_model.pdb
    jobid: 24
    wildcards: target=Mus_musculus_ENSMUSP00000034588

[Wed Jan 27 13:22:46 2021]
Finished job 24.
26 of 63 steps (41%) done
Select jobs to execute...

[Wed Jan 27 13:22:46 2021]
rule model_refinement:
    input: ancestral_reconstruction/Node92/best_model.pdb
    output: ancestral_reconstruction/Node92/best_model_relaxed.pdb
    jobid: 17
    wildcards: target=Node92

[Wed Jan 27 13:22:46 2021]
Error in rule model_refinement:
    jobid: 17
    output: ancestral_reconstruction/Node92/best_model_relaxed.pdb
    shell:
        ./src/pyrosetta_fastrelax.py ancestral_reconstruction/Node92/best_model.pdb
        (one of the commands exited with non-zero exit code; note that snakemake uses bash strict mode!)

Terminating processes on user request, this might take some time.
[Wed Jan 27 13:53:33 2021]
Error in rule fel_analysis:
    jobid: 50
    output: apr_evolution/sarcopterygii_fel.json
    shell:
        hyphy fel --alignment apr_evolution/sarcopterygii_mafft_trimmed.fna --tree apr_evolution/sarcopterygii_phylogeny.treefile --output apr_evolution/sarcopterygii_fel.json
        (one of the commands exited with non-zero exit code; note that snakemake uses bash strict mode!)

Removing output files of failed job fel_analysis since they might be corrupted:
apr_evolution/sarcopterygii_fel.json
Complete log: /home/tmasson/APOA1_evolution/.snakemake/log/2021-01-27T125342.513271.snakemake.log
