Building DAG of jobs...
Using shell: /usr/bin/bash
Provided cores: 1 (use --cores to define parallelism)
Rules claiming more threads will be scaled down.
Job counts:
	count	jobs
	1	add_extant_sequences
	1	aggregate_msf
	1	aggregate_wcn
	1	all
	1	compute_msf
	1	compute_wcn
	1	extract_ancestral_sequences
	1	mafft2_protein_alignment
	1	merge_sequences
	1	model_refinement
	1	plot_aprs_msf_wcn
	1	protein_modelling
	1	trim_signal_peptide
	13
Select jobs to execute...

[Fri Feb 12 22:31:09 2021]
rule extract_ancestral_sequences:
    input: apr_evolution/sarcopterygii_phylogeny.state, apr_evolution/sarcopterygii_phylogeny.treefile, apr_evolution/sarcopterygii_mafft.faa
    output: ancestral_reconstruction/ancestral_sequences.faa
    jobid: 18

[Fri Feb 12 22:31:17 2021]
Finished job 18.
1 of 13 steps (8%) done
Select jobs to execute...

[Fri Feb 12 22:31:17 2021]
rule add_extant_sequences:
    input: apr_evolution/sarcopterygii_sequences.faa
    output: ancestral_reconstruction/extant_sequences.faa
    jobid: 20

[Fri Feb 12 22:31:18 2021]
Finished job 20.
2 of 13 steps (15%) done
Select jobs to execute...

[Fri Feb 12 22:31:18 2021]
rule merge_sequences:
    input: ancestral_reconstruction/ancestral_sequences.faa, ancestral_reconstruction/extant_sequences.faa
    output: ancestral_reconstruction/all_sequences.faa
    jobid: 17

[Fri Feb 12 22:31:18 2021]
Finished job 17.
3 of 13 steps (23%) done
Select jobs to execute...

[Fri Feb 12 22:31:18 2021]
rule mafft2_protein_alignment:
    input: ancestral_reconstruction/all_sequences.faa
    output: ancestral_reconstruction/alignment.faa
    jobid: 16

[Fri Feb 12 22:31:18 2021]
Finished job 16.
4 of 13 steps (31%) done
Select jobs to execute...

[Fri Feb 12 22:31:18 2021]
rule trim_signal_peptide:
    input: ancestral_reconstruction/alignment.faa
    output: ancestral_reconstruction/alignment_trimmed.faa
    jobid: 15

[Fri Feb 12 22:31:19 2021]
Finished job 15.
5 of 13 steps (38%) done
Select jobs to execute...

[Fri Feb 12 22:31:19 2021]
rule protein_modelling:
    input: ancestral_reconstruction/alignment_trimmed.faa, apoa1.pdb
    output: ancestral_reconstruction/model_Homo_sapiens_ENSP00000364472/best_model.pdb
    jobid: 14

Waiting at most 5 seconds for missing files.
MissingOutputException in line 342 of /home/tmasson/APOA1_evolution/Snakefile:
Job Missing files after 5 seconds:
ancestral_reconstruction/model_Homo_sapiens_ENSP00000364472/best_model.pdb
This might be due to filesystem latency. If that is the case, consider to increase the wait time with --latency-wait.
Job id: 14 completed successfully, but some output files are missing. 14
  File "/home/tmasson/miniconda3/envs/apoa1/lib/python3.8/site-packages/snakemake/executors/__init__.py", line 583, in handle_job_success
  File "/home/tmasson/miniconda3/envs/apoa1/lib/python3.8/site-packages/snakemake/executors/__init__.py", line 252, in handle_job_success
Shutting down, this might take some time.
Exiting because a job execution failed. Look above for error message
Complete log: /home/tmasson/APOA1_evolution/.snakemake/log/2021-02-12T223109.063063.snakemake.log
