Building DAG of jobs...
Using shell: /usr/bin/bash
Provided cores: 2
Rules claiming more threads will be scaled down.
Job counts:
	count	jobs
	1	add_extant_sequences
	1	aggregate_hyphy_results
	1	aggregate_msf
	1	aggregate_wcn
	1	all
	1	calc_shannon_entropy
	8	compute_msf
	8	compute_wcn
	1	extract_ancestral_sequences
	1	fel_analysis
	1	filter_bad_quality_sequences
	1	filter_cds_ensembl
	1	filter_sarcopterygii_sequences
	1	fix_treefile_meme
	1	fubar_analysis
	1	get_nucleotide_sequences
	1	get_protein_sequences
	1	infer_phylogeny
	1	mafft2_protein_alignment
	1	mafft_protein_alignment
	1	meme_analysis
	1	merge_sequences
	8	model_refinement
	1	pal2nal_alignment
	1	parse_fel
	1	parse_fubar
	1	parse_meme
	1	plot_aprs_evolution
	1	plot_aprs_msf_wcn
	8	protein_modelling
	1	run_tango_predictions
	1	trim_nucleotide_alignment
	1	trim_protein_alignment
	1	trim_signal_peptide
	62
Select jobs to execute...

[Mon Feb  1 01:22:38 2021]
rule get_nucleotide_sequences:
    output: apr_evolution/ensembl_sequences.fna
    jobid: 53


[Mon Feb  1 01:22:38 2021]
rule get_protein_sequences:
    output: apr_evolution/ensembl_sequences.faa
    jobid: 12

[Mon Feb  1 01:22:49 2021]
Finished job 12.
1 of 62 steps (2%) done
Select jobs to execute...

[Mon Feb  1 01:22:49 2021]
rule filter_sarcopterygii_sequences:
    input: apr_evolution/ensembl_sequences.faa
    output: apr_evolution/raw_sarcopterygii_sequences.faa
    jobid: 11

[Mon Feb  1 01:22:53 2021]
Finished job 53.
2 of 62 steps (3%) done
[Mon Feb  1 01:22:53 2021]
Finished job 11.
3 of 62 steps (5%) done
Select jobs to execute...

[Mon Feb  1 01:22:53 2021]
rule filter_bad_quality_sequences:
    input: apr_evolution/raw_sarcopterygii_sequences.faa
    output: apr_evolution/sarcopterygii_sequences.faa
    jobid: 10

[Mon Feb  1 01:22:54 2021]
Finished job 10.
4 of 62 steps (6%) done
Select jobs to execute...

[Mon Feb  1 01:22:54 2021]
rule mafft_protein_alignment:
    input: apr_evolution/sarcopterygii_sequences.faa
    output: apr_evolution/sarcopterygii_mafft.faa
    jobid: 9


[Mon Feb  1 01:22:54 2021]
rule filter_cds_ensembl:
    input: apr_evolution/ensembl_sequences.fna, apr_evolution/sarcopterygii_sequences.faa
    output: apr_evolution/sarcopterygii_sequences.fna
    jobid: 52

[Mon Feb  1 01:22:54 2021]
Finished job 52.
5 of 62 steps (8%) done
Select jobs to execute...

[Mon Feb  1 01:22:54 2021]
rule add_extant_sequences:
    input: apr_evolution/sarcopterygii_sequences.faa
    output: ancestral_reconstruction/extant_sequences.faa
    jobid: 13

[Mon Feb  1 01:22:55 2021]
Finished job 13.
6 of 62 steps (10%) done
[Mon Feb  1 01:23:13 2021]
Finished job 9.
7 of 62 steps (11%) done
Select jobs to execute...

[Mon Feb  1 01:23:13 2021]
rule pal2nal_alignment:
    input: apr_evolution/sarcopterygii_mafft.faa, apr_evolution/sarcopterygii_sequences.fna
    output: apr_evolution/sarcopterygii_mafft.fna
    jobid: 51


[Mon Feb  1 01:23:13 2021]
rule trim_protein_alignment:
    input: apr_evolution/sarcopterygii_mafft.faa
    output: apr_evolution/sarcopterygii_mafft_trimmed.faa
    jobid: 8

[Mon Feb  1 01:23:13 2021]
Finished job 8.
8 of 62 steps (13%) done
Select jobs to execute...

[Mon Feb  1 01:23:13 2021]
rule run_tango_predictions:
    input: apr_evolution/sarcopterygii_mafft_trimmed.faa
    output: apr_evolution/aprs_aggregation_scores.csv
    jobid: 45

[Mon Feb  1 01:23:14 2021]
Finished job 51.
9 of 62 steps (15%) done
Select jobs to execute...

[Mon Feb  1 01:23:14 2021]
rule trim_nucleotide_alignment:
    input: apr_evolution/sarcopterygii_mafft.fna
    output: apr_evolution/sarcopterygii_mafft_trimmed.fna
    jobid: 50

[Mon Feb  1 01:23:14 2021]
Finished job 50.
10 of 62 steps (16%) done
Select jobs to execute...

[Mon Feb  1 01:23:14 2021]
rule infer_phylogeny:
    input: apr_evolution/sarcopterygii_mafft_trimmed.faa
    output: apr_evolution/sarcopterygii_phylogeny.treefile, apr_evolution/sarcopterygii_phylogeny.state
    jobid: 7

[Mon Feb  1 01:23:25 2021]
Finished job 45.
11 of 62 steps (18%) done
Select jobs to execute...

[Mon Feb  1 01:23:25 2021]
rule calc_shannon_entropy:
    input: apr_evolution/sarcopterygii_mafft_trimmed.faa
    output: apr_evolution/aprs_entropy.csv
    jobid: 46

[Mon Feb  1 01:23:26 2021]
Finished job 46.
12 of 62 steps (19%) done
[Mon Feb  1 01:53:51 2021]
Finished job 7.
13 of 62 steps (21%) done
Select jobs to execute...

[Mon Feb  1 01:53:51 2021]
rule fubar_analysis:
    input: apr_evolution/sarcopterygii_mafft_trimmed.fna, apr_evolution/sarcopterygii_phylogeny.treefile
    output: apr_evolution/sarcopterygii_fubar.json
    jobid: 55


[Mon Feb  1 01:53:51 2021]
rule extract_ancestral_sequences:
    input: apr_evolution/sarcopterygii_phylogeny.state
    output: ancestral_reconstruction/ancestral_sequences.faa
    jobid: 6

[Mon Feb  1 01:54:00 2021]
Finished job 6.
14 of 62 steps (23%) done
Select jobs to execute...

[Mon Feb  1 01:54:00 2021]
rule merge_sequences:
    input: ancestral_reconstruction/ancestral_sequences.faa, ancestral_reconstruction/extant_sequences.faa
    output: ancestral_reconstruction/all_sequences.faa
    jobid: 5

[Mon Feb  1 01:54:00 2021]
Finished job 5.
15 of 62 steps (24%) done
Select jobs to execute...

[Mon Feb  1 01:54:01 2021]
rule mafft2_protein_alignment:
    input: ancestral_reconstruction/all_sequences.faa
    output: ancestral_reconstruction/alignment.faa
    jobid: 4

[Mon Feb  1 01:54:01 2021]
Finished job 4.
16 of 62 steps (26%) done
Select jobs to execute...

[Mon Feb  1 01:54:01 2021]
rule trim_signal_peptide:
    input: ancestral_reconstruction/alignment.faa
    output: ancestral_reconstruction/alignment_trimmed.faa
    jobid: 3

[Mon Feb  1 01:54:02 2021]
Finished job 3.
17 of 62 steps (27%) done
Select jobs to execute...

[Mon Feb  1 01:54:02 2021]
rule fix_treefile_meme:
    input: apr_evolution/sarcopterygii_phylogeny.treefile
    output: apr_evolution/sarcopterygii_phylogeny_meme.treefile
    jobid: 58

[Mon Feb  1 01:54:02 2021]
Finished job 58.
18 of 62 steps (29%) done
Select jobs to execute...

[Mon Feb  1 01:54:02 2021]
rule protein_modelling:
    input: ancestral_reconstruction/alignment_trimmed.faa, apoa1.pdb
    output: ancestral_reconstruction/Crocodylus_porosus_ENSCPRP00005000967/best_model.pdb
    jobid: 25
    wildcards: target=Crocodylus_porosus_ENSCPRP00005000967

[Mon Feb  1 01:56:14 2021]
Finished job 55.
19 of 62 steps (31%) done
Select jobs to execute...
[Mon Feb  1 01:56:14 2021]
Finished job 25.
20 of 62 steps (32%) done

[Mon Feb  1 01:56:14 2021]
rule parse_fubar:
    input: apr_evolution/sarcopterygii_fubar.json, apr_evolution/sarcopterygii_mafft_trimmed.faa
    output: apr_evolution/sarcopterygii_fubar.csv
    jobid: 54

Select jobs to execute...

[Mon Feb  1 01:56:14 2021]
rule model_refinement:
    input: ancestral_reconstruction/Crocodylus_porosus_ENSCPRP00005000967/best_model.pdb
    output: ancestral_reconstruction/Crocodylus_porosus_ENSCPRP00005000967/best_model_relaxed.pdb
    jobid: 24
    wildcards: target=Crocodylus_porosus_ENSCPRP00005000967

[Mon Feb  1 01:56:15 2021]
Finished job 54.
21 of 62 steps (34%) done
Select jobs to execute...

[Mon Feb  1 01:56:15 2021]
rule protein_modelling:
    input: ancestral_reconstruction/alignment_trimmed.faa, apoa1.pdb
    output: ancestral_reconstruction/Gorilla_gorilla_ENSGGOP00000033442/best_model.pdb
    jobid: 21
    wildcards: target=Gorilla_gorilla_ENSGGOP00000033442

[Mon Feb  1 01:58:40 2021]
Finished job 21.
22 of 62 steps (35%) done
Select jobs to execute...

[Mon Feb  1 01:58:40 2021]
rule model_refinement:
    input: ancestral_reconstruction/Gorilla_gorilla_ENSGGOP00000033442/best_model.pdb
    output: ancestral_reconstruction/Gorilla_gorilla_ENSGGOP00000033442/best_model_relaxed.pdb
    jobid: 20
    wildcards: target=Gorilla_gorilla_ENSGGOP00000033442

[Mon Feb  1 02:03:23 2021]
Finished job 24.
23 of 62 steps (37%) done
Select jobs to execute...

[Mon Feb  1 02:03:23 2021]
rule protein_modelling:
    input: ancestral_reconstruction/alignment_trimmed.faa, apoa1.pdb
    output: ancestral_reconstruction/Node92/best_model.pdb
    jobid: 17
    wildcards: target=Node92

[Mon Feb  1 02:05:31 2021]
Finished job 17.
24 of 62 steps (39%) done
Select jobs to execute...

[Mon Feb  1 02:05:31 2021]
rule model_refinement:
    input: ancestral_reconstruction/Node92/best_model.pdb
    output: ancestral_reconstruction/Node92/best_model_relaxed.pdb
    jobid: 16
    wildcards: target=Node92

[Mon Feb  1 02:06:14 2021]
Finished job 20.
25 of 62 steps (40%) done
Select jobs to execute...

[Mon Feb  1 02:06:14 2021]
rule compute_wcn:
    input: ancestral_reconstruction/Gorilla_gorilla_ENSGGOP00000033442/best_model_relaxed.pdb
    output: ancestral_reconstruction/Gorilla_gorilla_ENSGGOP00000033442/best_model_relaxed.wcn
    jobid: 40
    wildcards: target=Gorilla_gorilla_ENSGGOP00000033442

[Mon Feb  1 02:06:16 2021]
Finished job 40.
26 of 62 steps (42%) done
Select jobs to execute...

[Mon Feb  1 02:06:16 2021]
rule compute_msf:
    input: ancestral_reconstruction/Gorilla_gorilla_ENSGGOP00000033442/best_model_relaxed.pdb
    output: ancestral_reconstruction/Gorilla_gorilla_ENSGGOP00000033442/best_model_relaxed.msf
    jobid: 32
    wildcards: target=Gorilla_gorilla_ENSGGOP00000033442

[Mon Feb  1 02:06:21 2021]
Finished job 32.
27 of 62 steps (44%) done
Select jobs to execute...

[Mon Feb  1 02:06:21 2021]
rule protein_modelling:
    input: ancestral_reconstruction/alignment_trimmed.faa, apoa1.pdb
    output: ancestral_reconstruction/Node10/best_model.pdb
    jobid: 2
    wildcards: target=Node10

[Mon Feb  1 02:08:26 2021]
Finished job 2.
28 of 62 steps (45%) done
Select jobs to execute...

[Mon Feb  1 02:08:26 2021]
rule model_refinement:
    input: ancestral_reconstruction/Node10/best_model.pdb
    output: ancestral_reconstruction/Node10/best_model_relaxed.pdb
    jobid: 1
    wildcards: target=Node10

[Mon Feb  1 02:10:42 2021]
Finished job 16.
29 of 62 steps (47%) done
Select jobs to execute...

[Mon Feb  1 02:10:42 2021]
rule protein_modelling:
    input: ancestral_reconstruction/alignment_trimmed.faa, apoa1.pdb
    output: ancestral_reconstruction/Node15/best_model.pdb
    jobid: 15
    wildcards: target=Node15

[Mon Feb  1 02:12:41 2021]
Finished job 15.
30 of 62 steps (48%) done
Select jobs to execute...

[Mon Feb  1 02:12:41 2021]
rule model_refinement:
    input: ancestral_reconstruction/Node15/best_model.pdb
    output: ancestral_reconstruction/Node15/best_model_relaxed.pdb
    jobid: 14
    wildcards: target=Node15

[Mon Feb  1 02:13:49 2021]
Finished job 1.
31 of 62 steps (50%) done
Select jobs to execute...

[Mon Feb  1 02:13:49 2021]
rule compute_wcn:
    input: ancestral_reconstruction/Node10/best_model_relaxed.pdb
    output: ancestral_reconstruction/Node10/best_model_relaxed.wcn
    jobid: 36
    wildcards: target=Node10

[Mon Feb  1 02:13:51 2021]
Finished job 36.
32 of 62 steps (52%) done
Select jobs to execute...

[Mon Feb  1 02:13:51 2021]
rule compute_msf:
    input: ancestral_reconstruction/Node10/best_model_relaxed.pdb
    output: ancestral_reconstruction/Node10/best_model_relaxed.msf
    jobid: 28
    wildcards: target=Node10

[Mon Feb  1 02:13:52 2021]
Finished job 28.
33 of 62 steps (53%) done
Select jobs to execute...

[Mon Feb  1 02:13:52 2021]
rule compute_wcn:
    input: ancestral_reconstruction/Node92/best_model_relaxed.pdb
    output: ancestral_reconstruction/Node92/best_model_relaxed.wcn
    jobid: 38
    wildcards: target=Node92

[Mon Feb  1 02:13:54 2021]
Finished job 38.
34 of 62 steps (55%) done
Select jobs to execute...

[Mon Feb  1 02:13:54 2021]
rule compute_msf:
    input: ancestral_reconstruction/Node92/best_model_relaxed.pdb
    output: ancestral_reconstruction/Node92/best_model_relaxed.msf
    jobid: 30
    wildcards: target=Node92

[Mon Feb  1 02:13:56 2021]
Finished job 30.
35 of 62 steps (56%) done
Select jobs to execute...

[Mon Feb  1 02:13:56 2021]
rule compute_wcn:
    input: ancestral_reconstruction/Crocodylus_porosus_ENSCPRP00005000967/best_model_relaxed.pdb
    output: ancestral_reconstruction/Crocodylus_porosus_ENSCPRP00005000967/best_model_relaxed.wcn
    jobid: 42
    wildcards: target=Crocodylus_porosus_ENSCPRP00005000967

[Mon Feb  1 02:13:58 2021]
Finished job 42.
36 of 62 steps (58%) done
Select jobs to execute...

[Mon Feb  1 02:13:58 2021]
rule compute_msf:
    input: ancestral_reconstruction/Crocodylus_porosus_ENSCPRP00005000967/best_model_relaxed.pdb
    output: ancestral_reconstruction/Crocodylus_porosus_ENSCPRP00005000967/best_model_relaxed.msf
    jobid: 34
    wildcards: target=Crocodylus_porosus_ENSCPRP00005000967

[Mon Feb  1 02:13:59 2021]
Finished job 34.
37 of 62 steps (60%) done
Select jobs to execute...

[Mon Feb  1 02:13:59 2021]
rule protein_modelling:
    input: ancestral_reconstruction/alignment_trimmed.faa, apoa1.pdb
    output: ancestral_reconstruction/Node99/best_model.pdb
    jobid: 19
    wildcards: target=Node99

[Mon Feb  1 02:15:45 2021]
Finished job 19.
38 of 62 steps (61%) done
Select jobs to execute...

[Mon Feb  1 02:15:45 2021]
rule model_refinement:
    input: ancestral_reconstruction/Node99/best_model.pdb
    output: ancestral_reconstruction/Node99/best_model_relaxed.pdb
    jobid: 18
    wildcards: target=Node99

[Mon Feb  1 02:17:43 2021]
Finished job 14.
39 of 62 steps (63%) done
Select jobs to execute...

[Mon Feb  1 02:17:43 2021]
rule compute_wcn:
    input: ancestral_reconstruction/Node15/best_model_relaxed.pdb
    output: ancestral_reconstruction/Node15/best_model_relaxed.wcn
    jobid: 37
    wildcards: target=Node15

[Mon Feb  1 02:17:45 2021]
Finished job 37.
40 of 62 steps (65%) done
Select jobs to execute...

[Mon Feb  1 02:17:45 2021]
rule compute_msf:
    input: ancestral_reconstruction/Node15/best_model_relaxed.pdb
    output: ancestral_reconstruction/Node15/best_model_relaxed.msf
    jobid: 29
    wildcards: target=Node15

[Mon Feb  1 02:17:46 2021]
Finished job 29.
41 of 62 steps (66%) done
Select jobs to execute...

[Mon Feb  1 02:17:46 2021]
rule meme_analysis:
    input: apr_evolution/sarcopterygii_mafft_trimmed.fna, apr_evolution/sarcopterygii_phylogeny_meme.treefile
    output: apr_evolution/sarcopterygii_meme.json
    jobid: 57

[Mon Feb  1 02:20:27 2021]
Finished job 18.
42 of 62 steps (68%) done
Select jobs to execute...

[Mon Feb  1 02:20:27 2021]
rule compute_msf:
    input: ancestral_reconstruction/Node99/best_model_relaxed.pdb
    output: ancestral_reconstruction/Node99/best_model_relaxed.msf
    jobid: 31
    wildcards: target=Node99

[Mon Feb  1 02:20:28 2021]
Finished job 31.
43 of 62 steps (69%) done
Select jobs to execute...

[Mon Feb  1 02:20:28 2021]
rule fel_analysis:
    input: apr_evolution/sarcopterygii_mafft_trimmed.fna, apr_evolution/sarcopterygii_phylogeny.treefile
    output: apr_evolution/sarcopterygii_fel.json
    jobid: 49

[Mon Feb  1 02:20:51 2021]
Error in rule fel_analysis:
    jobid: 49
    output: apr_evolution/sarcopterygii_fel.json
    shell:
        hyphy fel --alignment apr_evolution/sarcopterygii_mafft_trimmed.fna --tree apr_evolution/sarcopterygii_phylogeny.treefile --output apr_evolution/sarcopterygii_fel.json
        (one of the commands exited with non-zero exit code; note that snakemake uses bash strict mode!)

Removing output files of failed job fel_analysis since they might be corrupted:
apr_evolution/sarcopterygii_fel.json
[Mon Feb  1 04:53:20 2021]
Finished job 57.
44 of 62 steps (71%) done
Shutting down, this might take some time.
Exiting because a job execution failed. Look above for error message
Complete log: /home/tmasson/APOA1_evolution/.snakemake/log/2021-02-01T012237.663669.snakemake.log
