Building DAG of jobs...
Using shell: /usr/bin/bash
Provided cores: 1 (use --cores to define parallelism)
Rules claiming more threads will be scaled down.
Job counts:
	count	jobs
	1	aggregate_msf
	1	aggregate_wcn
	1	all
	1	compute_msf
	1	compute_wcn
	1	model_refinement
	1	plot_aprs_msf_wcn
	7
Select jobs to execute...

[Sat Feb 13 00:50:47 2021]
rule model_refinement:
    input: ancestral_reconstruction/Node14_best_model.pdb, ancestral_reconstruction/Node13_best_model.pdb, ancestral_reconstruction/Node12_best_model.pdb, ancestral_reconstruction/Node11_best_model.pdb, ancestral_reconstruction/Node10_best_model.pdb, ancestral_reconstruction/Node9_best_model.pdb, ancestral_reconstruction/Node8_best_model.pdb, ancestral_reconstruction/Node7_best_model.pdb, ancestral_reconstruction/Node6_best_model.pdb, ancestral_reconstruction/Node5_best_model.pdb, ancestral_reconstruction/Node4_best_model.pdb, ancestral_reconstruction/Node3_best_model.pdb, ancestral_reconstruction/Node2_best_model.pdb, ancestral_reconstruction/Homo_sapiens_ENSP00000364472_best_model.pdb, ancestral_reconstruction/Mus_musculus_ENSMUSP00000034588_best_model.pdb, ancestral_reconstruction/Crocodylus_porosus_ENSCPRP00005000967_best_model.pdb, ancestral_reconstruction/Gallus_gallus_ENSGALP00000011510_best_model.pdb
    output: ancestral_reconstruction/Node14_best_model_relaxed.pdb, ancestral_reconstruction/Node13_best_model_relaxed.pdb, ancestral_reconstruction/Node12_best_model_relaxed.pdb, ancestral_reconstruction/Node11_best_model_relaxed.pdb, ancestral_reconstruction/Node10_best_model_relaxed.pdb, ancestral_reconstruction/Node9_best_model_relaxed.pdb, ancestral_reconstruction/Node8_best_model_relaxed.pdb, ancestral_reconstruction/Node7_best_model_relaxed.pdb, ancestral_reconstruction/Node6_best_model_relaxed.pdb, ancestral_reconstruction/Node5_best_model_relaxed.pdb, ancestral_reconstruction/Node4_best_model_relaxed.pdb, ancestral_reconstruction/Node3_best_model_relaxed.pdb, ancestral_reconstruction/Node2_best_model_relaxed.pdb, ancestral_reconstruction/Homo_sapiens_ENSP00000364472_best_model_relaxed.pdb, ancestral_reconstruction/Mus_musculus_ENSMUSP00000034588_best_model_relaxed.pdb, ancestral_reconstruction/Crocodylus_porosus_ENSCPRP00005000967_best_model_relaxed.pdb, ancestral_reconstruction/Gallus_gallus_ENSGALP00000011510_best_model_relaxed.pdb
    jobid: 13

[Sat Feb 13 00:50:49 2021]
Error in rule model_refinement:
    jobid: 13
    output: ancestral_reconstruction/Node14_best_model_relaxed.pdb, ancestral_reconstruction/Node13_best_model_relaxed.pdb, ancestral_reconstruction/Node12_best_model_relaxed.pdb, ancestral_reconstruction/Node11_best_model_relaxed.pdb, ancestral_reconstruction/Node10_best_model_relaxed.pdb, ancestral_reconstruction/Node9_best_model_relaxed.pdb, ancestral_reconstruction/Node8_best_model_relaxed.pdb, ancestral_reconstruction/Node7_best_model_relaxed.pdb, ancestral_reconstruction/Node6_best_model_relaxed.pdb, ancestral_reconstruction/Node5_best_model_relaxed.pdb, ancestral_reconstruction/Node4_best_model_relaxed.pdb, ancestral_reconstruction/Node3_best_model_relaxed.pdb, ancestral_reconstruction/Node2_best_model_relaxed.pdb, ancestral_reconstruction/Homo_sapiens_ENSP00000364472_best_model_relaxed.pdb, ancestral_reconstruction/Mus_musculus_ENSMUSP00000034588_best_model_relaxed.pdb, ancestral_reconstruction/Crocodylus_porosus_ENSCPRP00005000967_best_model_relaxed.pdb, ancestral_reconstruction/Gallus_gallus_ENSGALP00000011510_best_model_relaxed.pdb
    shell:
        
        ./src/pyrosetta_fastrelax.py ancestral_reconstruction/Node14_best_model.pdb ancestral_reconstruction/Node13_best_model.pdb ancestral_reconstruction/Node12_best_model.pdb ancestral_reconstruction/Node11_best_model.pdb ancestral_reconstruction/Node10_best_model.pdb ancestral_reconstruction/Node9_best_model.pdb ancestral_reconstruction/Node8_best_model.pdb ancestral_reconstruction/Node7_best_model.pdb ancestral_reconstruction/Node6_best_model.pdb ancestral_reconstruction/Node5_best_model.pdb ancestral_reconstruction/Node4_best_model.pdb ancestral_reconstruction/Node3_best_model.pdb ancestral_reconstruction/Node2_best_model.pdb ancestral_reconstruction/Homo_sapiens_ENSP00000364472_best_model.pdb ancestral_reconstruction/Mus_musculus_ENSMUSP00000034588_best_model.pdb ancestral_reconstruction/Crocodylus_porosus_ENSCPRP00005000967_best_model.pdb ancestral_reconstruction/Gallus_gallus_ENSGALP00000011510_best_model.pdb
        
        (one of the commands exited with non-zero exit code; note that snakemake uses bash strict mode!)

Shutting down, this might take some time.
Exiting because a job execution failed. Look above for error message
Complete log: /home/tmasson/APOA1_evolution/.snakemake/log/2021-02-13T005046.934498.snakemake.log
