Building DAG of jobs...
Using shell: /usr/bin/bash
Provided cores: 1 (use --cores to define parallelism)
Rules claiming more threads will be scaled down.
Job counts:
	count	jobs
	1	aggregate_msf
	1	aggregate_wcn
	1	all
	4	compute_msf
	4	compute_wcn
	4	model_refinement
	1	plot_aprs_msf_wcn
	4	protein_modelling
	20
Select jobs to execute...

[Thu Feb  4 00:00:30 2021]
rule protein_modelling:
    input: ancestral_reconstruction/alignment_trimmed.faa, apoa1.pdb
    output: ancestral_reconstruction/Gallus_gallus_ENSGALP00000011510/best_model.pdb
    jobid: 18
    wildcards: target=Gallus_gallus_ENSGALP00000011510

[Thu Feb  4 00:02:21 2021]
Finished job 18.
1 of 20 steps (5%) done
Select jobs to execute...

[Thu Feb  4 00:02:21 2021]
rule model_refinement:
    input: ancestral_reconstruction/Gallus_gallus_ENSGALP00000011510/best_model.pdb
    output: ancestral_reconstruction/Gallus_gallus_ENSGALP00000011510/best_model_relaxed.pdb
    jobid: 17
    wildcards: target=Gallus_gallus_ENSGALP00000011510

[Thu Feb  4 00:07:55 2021]
Finished job 17.
2 of 20 steps (10%) done
Select jobs to execute...

[Thu Feb  4 00:07:55 2021]
rule protein_modelling:
    input: ancestral_reconstruction/alignment_trimmed.faa, apoa1.pdb
    output: ancestral_reconstruction/Homo_sapiens_ENSP00000364472/best_model.pdb
    jobid: 2
    wildcards: target=Homo_sapiens_ENSP00000364472

[Thu Feb  4 00:09:55 2021]
Finished job 2.
3 of 20 steps (15%) done
Select jobs to execute...

[Thu Feb  4 00:09:56 2021]
rule protein_modelling:
    input: ancestral_reconstruction/alignment_trimmed.faa, apoa1.pdb
    output: ancestral_reconstruction/Mus_musculus_ENSMUSP00000034588/best_model.pdb
    jobid: 14
    wildcards: target=Mus_musculus_ENSMUSP00000034588

[Thu Feb  4 00:11:46 2021]
Finished job 14.
4 of 20 steps (20%) done
Select jobs to execute...

[Thu Feb  4 00:11:46 2021]
rule model_refinement:
    input: ancestral_reconstruction/Mus_musculus_ENSMUSP00000034588/best_model.pdb
    output: ancestral_reconstruction/Mus_musculus_ENSMUSP00000034588/best_model_relaxed.pdb
    jobid: 13
    wildcards: target=Mus_musculus_ENSMUSP00000034588

[Thu Feb  4 00:17:42 2021]
Finished job 13.
5 of 20 steps (25%) done
Select jobs to execute...

[Thu Feb  4 00:17:42 2021]
rule compute_wcn:
    input: ancestral_reconstruction/Mus_musculus_ENSMUSP00000034588/best_model_relaxed.pdb
    output: ancestral_reconstruction/Mus_musculus_ENSMUSP00000034588/best_model_relaxed.wcn
    jobid: 24
    wildcards: target=Mus_musculus_ENSMUSP00000034588

[Thu Feb  4 00:17:44 2021]
Finished job 24.
6 of 20 steps (30%) done
Select jobs to execute...

[Thu Feb  4 00:17:44 2021]
rule protein_modelling:
    input: ancestral_reconstruction/alignment_trimmed.faa, apoa1.pdb
    output: ancestral_reconstruction/Crocodylus_porosus_ENSCPRP00005000967/best_model.pdb
    jobid: 16
    wildcards: target=Crocodylus_porosus_ENSCPRP00005000967

[Thu Feb  4 00:19:30 2021]
Finished job 16.
7 of 20 steps (35%) done
Select jobs to execute...

[Thu Feb  4 00:19:30 2021]
rule model_refinement:
    input: ancestral_reconstruction/Crocodylus_porosus_ENSCPRP00005000967/best_model.pdb
    output: ancestral_reconstruction/Crocodylus_porosus_ENSCPRP00005000967/best_model_relaxed.pdb
    jobid: 15
    wildcards: target=Crocodylus_porosus_ENSCPRP00005000967

[Thu Feb  4 00:24:32 2021]
Finished job 15.
8 of 20 steps (40%) done
Select jobs to execute...

[Thu Feb  4 00:24:33 2021]
rule compute_msf:
    input: ancestral_reconstruction/Crocodylus_porosus_ENSCPRP00005000967/best_model_relaxed.pdb
    output: ancestral_reconstruction/Crocodylus_porosus_ENSCPRP00005000967/best_model_relaxed.msf
    jobid: 21
    wildcards: target=Crocodylus_porosus_ENSCPRP00005000967

[Thu Feb  4 00:24:34 2021]
Finished job 21.
9 of 20 steps (45%) done
Select jobs to execute...

[Thu Feb  4 00:24:34 2021]
rule compute_wcn:
    input: ancestral_reconstruction/Crocodylus_porosus_ENSCPRP00005000967/best_model_relaxed.pdb
    output: ancestral_reconstruction/Crocodylus_porosus_ENSCPRP00005000967/best_model_relaxed.wcn
    jobid: 25
    wildcards: target=Crocodylus_porosus_ENSCPRP00005000967

[Thu Feb  4 00:24:36 2021]
Finished job 25.
10 of 20 steps (50%) done
Select jobs to execute...

[Thu Feb  4 00:24:36 2021]
rule model_refinement:
    input: ancestral_reconstruction/Homo_sapiens_ENSP00000364472/best_model.pdb
    output: ancestral_reconstruction/Homo_sapiens_ENSP00000364472/best_model_relaxed.pdb
    jobid: 1
    wildcards: target=Homo_sapiens_ENSP00000364472

[Thu Feb  4 00:30:11 2021]
Finished job 1.
11 of 20 steps (55%) done
Select jobs to execute...

[Thu Feb  4 00:30:11 2021]
rule compute_msf:
    input: ancestral_reconstruction/Homo_sapiens_ENSP00000364472/best_model_relaxed.pdb
    output: ancestral_reconstruction/Homo_sapiens_ENSP00000364472/best_model_relaxed.msf
    jobid: 19
    wildcards: target=Homo_sapiens_ENSP00000364472

[Thu Feb  4 00:30:12 2021]
Finished job 19.
12 of 20 steps (60%) done
Select jobs to execute...

[Thu Feb  4 00:30:13 2021]
rule compute_msf:
    input: ancestral_reconstruction/Gallus_gallus_ENSGALP00000011510/best_model_relaxed.pdb
    output: ancestral_reconstruction/Gallus_gallus_ENSGALP00000011510/best_model_relaxed.msf
    jobid: 22
    wildcards: target=Gallus_gallus_ENSGALP00000011510

[Thu Feb  4 00:30:14 2021]
Finished job 22.
13 of 20 steps (65%) done
Select jobs to execute...

[Thu Feb  4 00:30:14 2021]
rule compute_wcn:
    input: ancestral_reconstruction/Gallus_gallus_ENSGALP00000011510/best_model_relaxed.pdb
    output: ancestral_reconstruction/Gallus_gallus_ENSGALP00000011510/best_model_relaxed.wcn
    jobid: 26
    wildcards: target=Gallus_gallus_ENSGALP00000011510

[Thu Feb  4 00:30:16 2021]
Finished job 26.
14 of 20 steps (70%) done
Select jobs to execute...

[Thu Feb  4 00:30:16 2021]
rule compute_wcn:
    input: ancestral_reconstruction/Homo_sapiens_ENSP00000364472/best_model_relaxed.pdb
    output: ancestral_reconstruction/Homo_sapiens_ENSP00000364472/best_model_relaxed.wcn
    jobid: 23
    wildcards: target=Homo_sapiens_ENSP00000364472

[Thu Feb  4 00:30:18 2021]
Finished job 23.
15 of 20 steps (75%) done
Select jobs to execute...

[Thu Feb  4 00:30:18 2021]
rule compute_msf:
    input: ancestral_reconstruction/Mus_musculus_ENSMUSP00000034588/best_model_relaxed.pdb
    output: ancestral_reconstruction/Mus_musculus_ENSMUSP00000034588/best_model_relaxed.msf
    jobid: 20
    wildcards: target=Mus_musculus_ENSMUSP00000034588

[Thu Feb  4 00:30:19 2021]
Finished job 20.
16 of 20 steps (80%) done
Select jobs to execute...

[Thu Feb  4 00:30:19 2021]
rule aggregate_msf:
    input: ancestral_reconstruction/Homo_sapiens_ENSP00000364472/best_model_relaxed.msf, ancestral_reconstruction/Mus_musculus_ENSMUSP00000034588/best_model_relaxed.msf, ancestral_reconstruction/Crocodylus_porosus_ENSCPRP00005000967/best_model_relaxed.msf, ancestral_reconstruction/Gallus_gallus_ENSGALP00000011510/best_model_relaxed.msf
    output: ancestral_reconstruction/msf.csv
    jobid: 33

[Thu Feb  4 00:30:19 2021]
Finished job 33.
17 of 20 steps (85%) done
Select jobs to execute...

[Thu Feb  4 00:30:19 2021]
rule aggregate_wcn:
    input: ancestral_reconstruction/Homo_sapiens_ENSP00000364472/best_model_relaxed.wcn, ancestral_reconstruction/Mus_musculus_ENSMUSP00000034588/best_model_relaxed.wcn, ancestral_reconstruction/Crocodylus_porosus_ENSCPRP00005000967/best_model_relaxed.wcn, ancestral_reconstruction/Gallus_gallus_ENSGALP00000011510/best_model_relaxed.wcn
    output: ancestral_reconstruction/wcn.csv
    jobid: 34

[Thu Feb  4 00:30:19 2021]
Finished job 34.
18 of 20 steps (90%) done
Select jobs to execute...

[Thu Feb  4 00:30:19 2021]
rule plot_aprs_msf_wcn:
    input: ancestral_reconstruction/msf.csv, ancestral_reconstruction/wcn.csv
    output: viz/panels/aprs_flexibility.svg, viz/panels/aprs_flexibility_profiles.svg
    jobid: 32

[Thu Feb  4 00:30:24 2021]
Finished job 32.
19 of 20 steps (95%) done
Select jobs to execute...

[Thu Feb  4 00:30:24 2021]
localrule all:
    input: ancestral_reconstruction/Homo_sapiens_ENSP00000364472/best_model_relaxed.pdb, ancestral_reconstruction/Mus_musculus_ENSMUSP00000034588/best_model_relaxed.pdb, ancestral_reconstruction/Crocodylus_porosus_ENSCPRP00005000967/best_model_relaxed.pdb, ancestral_reconstruction/Gallus_gallus_ENSGALP00000011510/best_model_relaxed.pdb, ancestral_reconstruction/Homo_sapiens_ENSP00000364472/best_model_relaxed.msf, ancestral_reconstruction/Mus_musculus_ENSMUSP00000034588/best_model_relaxed.msf, ancestral_reconstruction/Crocodylus_porosus_ENSCPRP00005000967/best_model_relaxed.msf, ancestral_reconstruction/Gallus_gallus_ENSGALP00000011510/best_model_relaxed.msf, ancestral_reconstruction/Homo_sapiens_ENSP00000364472/best_model_relaxed.wcn, ancestral_reconstruction/Mus_musculus_ENSMUSP00000034588/best_model_relaxed.wcn, ancestral_reconstruction/Crocodylus_porosus_ENSCPRP00005000967/best_model_relaxed.wcn, ancestral_reconstruction/Gallus_gallus_ENSGALP00000011510/best_model_relaxed.wcn, apr_evolution/sarcopterygii_phylogeny_suppl.treefile, viz/panels/aprs_conservation.svg, viz/panels/aprs_flexibility.svg, viz/panels/aprs_flexibility_profiles.svg
    jobid: 0

[Thu Feb  4 00:30:24 2021]
Finished job 0.
20 of 20 steps (100%) done
Complete log: /home/tmasson/APOA1_evolution/.snakemake/log/2021-02-04T000029.247583.snakemake.log
