Building DAG of jobs...
Using shell: /usr/bin/bash
Provided cores: 2
Rules claiming more threads will be scaled down.
Job counts:
	count	jobs
	1	add_extant_sequences
	1	aggregate_hyphy_results
	1	aggregate_msf
	1	aggregate_wcn
	1	all
	1	calc_shannon_entropy
	8	compute_msf
	8	compute_wcn
	1	extract_ancestral_sequences
	1	fel_analysis
	1	fix_treefile_meme
	1	fubar_analysis
	1	infer_phylogeny
	1	mafft2_protein_alignment
	1	mafft_protein_alignment
	1	meme_analysis
	1	merge_sequences
	8	model_refinement
	1	pal2nal_alignment
	1	parse_fel
	1	parse_fubar
	1	parse_meme
	1	plot_aprs_evolution
	1	plot_aprs_msf_wcn
	8	protein_modelling
	1	run_tango_predictions
	1	trim_nucleotide_alignment
	1	trim_protein_alignment
	1	trim_signal_peptide
	57
Select jobs to execute...

[Mon Jan 25 15:31:56 2021]
rule mafft_protein_alignment:
    input: apr_evolution/vertebrates_sequences.faa
    output: apr_evolution/vertebrates_mafft.faa
    jobid: 9


[Mon Jan 25 15:31:56 2021]
rule add_extant_sequences:
    input: apr_evolution/vertebrates_sequences.faa
    output: ancestral_reconstruction/extant_sequences.faa
    jobid: 13

[Mon Jan 25 15:31:56 2021]
Error in rule mafft_protein_alignment:
    jobid: 9
    output: apr_evolution/vertebrates_mafft.faa
    shell:
        
        mafft --maxiterate 1000 --localpair         apr_evolution/vertebrates_sequences.faa >> apr_evolution/vertebrates_mafft.faa
        
        (one of the commands exited with non-zero exit code; note that snakemake uses bash strict mode!)

Removing output files of failed job mafft_protein_alignment since they might be corrupted:
apr_evolution/vertebrates_mafft.faa
[Mon Jan 25 15:31:57 2021]
Finished job 13.
1 of 57 steps (2%) done
Shutting down, this might take some time.
Exiting because a job execution failed. Look above for error message
Complete log: /home/tmasson/APOA1_evolution/.snakemake/log/2021-01-25T153155.997162.snakemake.log
