Building DAG of jobs...
Using shell: /usr/bin/bash
Provided cores: 2
Rules claiming more threads will be scaled down.
Job counts:
	count	jobs
	1	add_extant_sequences
	1	aggregate_hyphy_results
	1	aggregate_msf
	1	aggregate_wcn
	1	all
	1	calc_shannon_entropy
	8	compute_msf
	8	compute_wcn
	1	extract_ancestral_sequences
	1	fel_analysis
	1	filter_cds_ensembl
	1	filter_sarcopterygii_sequences
	1	fix_treefile_meme
	1	fubar_analysis
	1	infer_phylogeny
	1	mafft2_protein_alignment
	1	mafft_protein_alignment
	1	meme_analysis
	1	merge_sequences
	8	model_refinement
	1	pal2nal_alignment
	1	parse_fel
	1	parse_fubar
	1	parse_meme
	1	plot_aprs_evolution
	1	plot_aprs_msf_wcn
	8	protein_modelling
	1	run_tango_predictions
	1	sequences_clustering
	1	sequences_filtering
	1	trim_nucleotide_alignment
	1	trim_protein_alignment
	1	trim_signal_peptide
	61
Select jobs to execute...

[Tue Jan 26 21:46:13 2021]
rule filter_sarcopterygii_sequences:
    input: apr_evolution/ensembl_sequences.faa
    output: apr_evolution/raw_sarcopterygii_sequences.faa
    jobid: 12

[Tue Jan 26 21:46:18 2021]
Finished job 12.
1 of 61 steps (2%) done
Select jobs to execute...

[Tue Jan 26 21:46:18 2021]
rule sequences_filtering:
    input: apr_evolution/raw_sarcopterygii_sequences.faa
    output: apr_evolution/sequences_filtered.faa
    jobid: 11

[Tue Jan 26 21:46:18 2021]
Finished job 11.
2 of 61 steps (3%) done
Select jobs to execute...

[Tue Jan 26 21:46:18 2021]
rule sequences_clustering:
    input: apr_evolution/sequences_filtered.faa
    output: apr_evolution/sarcopterygii_sequences.faa
    jobid: 10

Removing temporary output file apr_evolution/sequences_filtered.faa.
[Tue Jan 26 21:46:18 2021]
Finished job 10.
3 of 61 steps (5%) done
Select jobs to execute...

[Tue Jan 26 21:46:18 2021]
rule mafft_protein_alignment:
    input: apr_evolution/sarcopterygii_sequences.faa
    output: apr_evolution/sarcopterygii_mafft.faa
    jobid: 9


[Tue Jan 26 21:46:18 2021]
rule filter_cds_ensembl:
    input: apr_evolution/ensembl_sequences.fna, apr_evolution/sarcopterygii_sequences.faa
    output: apr_evolution/sarcopterygii_sequences.fna
    jobid: 53

[Tue Jan 26 21:46:19 2021]
Finished job 53.
4 of 61 steps (7%) done
Select jobs to execute...

[Tue Jan 26 21:46:19 2021]
rule add_extant_sequences:
    input: apr_evolution/sarcopterygii_sequences.faa
    output: ancestral_reconstruction/extant_sequences.faa
    jobid: 14

[Tue Jan 26 21:46:20 2021]
Finished job 14.
5 of 61 steps (8%) done
[Tue Jan 26 21:46:28 2021]
Finished job 9.
6 of 61 steps (10%) done
Select jobs to execute...

[Tue Jan 26 21:46:28 2021]
rule pal2nal_alignment:
    input: apr_evolution/sarcopterygii_mafft.faa, apr_evolution/sarcopterygii_sequences.fna
    output: apr_evolution/sarcopterygii_mafft.fna
    jobid: 52


[Tue Jan 26 21:46:28 2021]
rule trim_protein_alignment:
    input: apr_evolution/sarcopterygii_mafft.faa
    output: apr_evolution/sarcopterygii_mafft_trimmed.faa
    jobid: 8

[Tue Jan 26 21:46:28 2021]
Finished job 8.
7 of 61 steps (11%) done
Select jobs to execute...
[Tue Jan 26 21:46:28 2021]
Finished job 52.
8 of 61 steps (13%) done

[Tue Jan 26 21:46:28 2021]
rule calc_shannon_entropy:
    input: apr_evolution/sarcopterygii_mafft_trimmed.faa
    output: apr_evolution/aprs_entropy.csv
    jobid: 47

Select jobs to execute...

[Tue Jan 26 21:46:28 2021]
rule run_tango_predictions:
    input: apr_evolution/sarcopterygii_mafft_trimmed.faa
    output: apr_evolution/aprs_aggregation_scores.csv
    jobid: 46

[Tue Jan 26 21:46:28 2021]
Finished job 47.
9 of 61 steps (15%) done
Select jobs to execute...

[Tue Jan 26 21:46:28 2021]
rule infer_phylogeny:
    input: apr_evolution/sarcopterygii_mafft_trimmed.faa
    output: apr_evolution/sarcopterygii_phylogeny.treefile, apr_evolution/sarcopterygii_phylogeny.state
    jobid: 7

[Tue Jan 26 21:46:35 2021]
Finished job 46.
10 of 61 steps (16%) done
Select jobs to execute...

[Tue Jan 26 21:46:35 2021]
rule trim_nucleotide_alignment:
    input: apr_evolution/sarcopterygii_mafft.fna
    output: apr_evolution/sarcopterygii_mafft_trimmed.fna
    jobid: 51

[Tue Jan 26 21:46:36 2021]
Error in rule trim_nucleotide_alignment:
    jobid: 51
    output: apr_evolution/sarcopterygii_mafft_trimmed.fna
    shell:
        trimal -in apr_evolution/sarcopterygii_mafft.fna -out apr_evolution/sarcopterygii_mafft_trimmed.fna -gt 0.05
        (one of the commands exited with non-zero exit code; note that snakemake uses bash strict mode!)

[Tue Jan 26 22:02:50 2021]
Finished job 7.
11 of 61 steps (18%) done
Shutting down, this might take some time.
Exiting because a job execution failed. Look above for error message
Complete log: /home/tmasson/APOA1_evolution/.snakemake/log/2021-01-26T214613.504832.snakemake.log
