Building DAG of jobs...
Using shell: /usr/bin/bash
Provided cores: 1 (use --cores to define parallelism)
Rules claiming more threads will be scaled down.
Job counts:
	count	jobs
	1	all
	1	compute_msf
	1	plot_aprs_msf_wcn
	3
Select jobs to execute...

[Sat Feb 13 00:24:03 2021]
rule compute_msf:
    input: ancestral_reconstruction/Homo_sapiens_ENSP00000364472_best_model_relaxed.pdb
    output: ancestral_reconstruction/Homo_sapiens_ENSP00000364472_best_model_relaxed.msf, ancestral_reconstruction/msf.csv
    jobid: 11

[Sat Feb 13 00:24:04 2021]
Finished job 11.
1 of 3 steps (33%) done
Select jobs to execute...

[Sat Feb 13 00:24:04 2021]
rule plot_aprs_msf_wcn:
    input: ancestral_reconstruction/msf.csv, ancestral_reconstruction/wcn.csv
    output: viz/panels/aprs_flexibility.svg, viz/panels/aprs_flexibility_profiles.svg
    jobid: 10

[Sat Feb 13 00:24:06 2021]
Finished job 10.
2 of 3 steps (67%) done
Select jobs to execute...

[Sat Feb 13 00:24:06 2021]
localrule all:
    input: apr_evolution/sarcopterygii_phylogeny_suppl.treefile, viz/panels/aprs_conservation.svg, viz/panels/aprs_flexibility.svg, viz/panels/aprs_flexibility_profiles.svg
    jobid: 0

[Sat Feb 13 00:24:06 2021]
Finished job 0.
3 of 3 steps (100%) done
Complete log: /home/tmasson/APOA1_evolution/.snakemake/log/2021-02-13T002402.577905.snakemake.log
