Building DAG of jobs...
Using shell: /usr/bin/bash
Provided cores: 2
Rules claiming more threads will be scaled down.
Job counts:
	count	jobs
	1	all
	1	plot_aprs_evolution
	1	run_tango_predictions
	3
Select jobs to execute...

[Mon Feb  1 00:46:04 2021]
rule run_tango_predictions:
    input: apr_evolution/sarcopterygii_mafft_trimmed.faa
    output: apr_evolution/aprs_aggregation_scores.csv
    jobid: 46


        ./src/run_tango.py apr_evolution/sarcopterygii_mafft_trimmed.faa 40 48 /home/tmasson/tango/tango_x86_64_release APR1 >> apr_evolution/aprs_aggregation_scores.csv
        ./src/run_tango.py apr_evolution/sarcopterygii_mafft_trimmed.faa 79 87 /home/tmasson/tango/tango_x86_64_release APR2 >> apr_evolution/aprs_aggregation_scores.csv
        ./src/run_tango.py apr_evolution/sarcopterygii_mafft_trimmed.faa 93 101 /home/tmasson/tango/tango_x86_64_release APR3 >> apr_evolution/aprs_aggregation_scores.csv
        ./src/run_tango.py apr_evolution/sarcopterygii_mafft_trimmed.faa 253 261 /home/tmasson/tango/tango_x86_64_release APR4 >> apr_evolution/aprs_aggregation_scores.csv
        rm nt=N.txt
        
[Mon Feb  1 00:46:05 2021]
Error in rule run_tango_predictions:
    jobid: 46
    output: apr_evolution/aprs_aggregation_scores.csv
    shell:
        
        ./src/run_tango.py apr_evolution/sarcopterygii_mafft_trimmed.faa 40 48 /home/tmasson/tango/tango_x86_64_release APR1 >> apr_evolution/aprs_aggregation_scores.csv
        ./src/run_tango.py apr_evolution/sarcopterygii_mafft_trimmed.faa 79 87 /home/tmasson/tango/tango_x86_64_release APR2 >> apr_evolution/aprs_aggregation_scores.csv
        ./src/run_tango.py apr_evolution/sarcopterygii_mafft_trimmed.faa 93 101 /home/tmasson/tango/tango_x86_64_release APR3 >> apr_evolution/aprs_aggregation_scores.csv
        ./src/run_tango.py apr_evolution/sarcopterygii_mafft_trimmed.faa 253 261 /home/tmasson/tango/tango_x86_64_release APR4 >> apr_evolution/aprs_aggregation_scores.csv
        rm nt=N.txt
        
        (one of the commands exited with non-zero exit code; note that snakemake uses bash strict mode!)

Removing output files of failed job run_tango_predictions since they might be corrupted:
apr_evolution/aprs_aggregation_scores.csv
Shutting down, this might take some time.
Exiting because a job execution failed. Look above for error message
Complete log: /home/tmasson/APOA1_evolution/.snakemake/log/2021-02-01T004603.817218.snakemake.log
