Building DAG of jobs...
Using shell: /usr/bin/bash
Provided cores: 2
Rules claiming more threads will be scaled down.
Job counts:
	count	jobs
	1	aggregate_hyphy_results
	1	aggregate_msf
	1	aggregate_wcn
	1	all
	1	calc_shannon_entropy
	8	compute_msf
	8	compute_wcn
	1	extract_ancestral_sequences
	1	fel_analysis
	1	fix_treefile_meme
	1	fubar_analysis
	1	infer_phylogeny
	1	mafft2_protein_alignment
	1	mafft_protein_alignment
	1	meme_analysis
	1	merge_sequences
	8	model_refinement
	1	pal2nal_alignment
	1	parse_fel
	1	parse_fubar
	1	parse_meme
	1	plot_aprs_evolution
	1	plot_aprs_msf_wcn
	8	protein_modelling
	1	run_tango_predictions
	1	trim_nucleotide_alignment
	1	trim_protein_alignment
	1	trim_signal_peptide
	56
Select jobs to execute...

[Mon Jan 25 15:32:42 2021]
rule mafft_protein_alignment:
    input: apr_evolution/vertebrates_sequences.faa
    output: apr_evolution/vertebrates_mafft.faa
    jobid: 9

[Mon Jan 25 15:33:15 2021]
Finished job 9.
1 of 56 steps (2%) done
Select jobs to execute...

[Mon Jan 25 15:33:15 2021]
rule pal2nal_alignment:
    input: apr_evolution/vertebrates_mafft.faa, apr_evolution/vertebrates_sequences.fna
    output: apr_evolution/vertebrates_mafft.fna
    jobid: 51


[Mon Jan 25 15:33:15 2021]
rule trim_protein_alignment:
    input: apr_evolution/vertebrates_mafft.faa
    output: apr_evolution/vertebrates_mafft_trimmed.faa
    jobid: 8

[Mon Jan 25 15:33:15 2021]
Error in rule trim_protein_alignment:
    jobid: 8
    output: apr_evolution/vertebrates_mafft_trimmed.faa
    shell:
        trimal -in apr_evolution/vertebrates_mafft.faa -out apr_evolution/vertebrates_mafft_trimmed.faa -gt 0.05
        (one of the commands exited with non-zero exit code; note that snakemake uses bash strict mode!)

[Mon Jan 25 15:33:16 2021]
Finished job 51.
2 of 56 steps (4%) done
Shutting down, this might take some time.
Exiting because a job execution failed. Look above for error message
Complete log: /home/tmasson/APOA1_evolution/.snakemake/log/2021-01-25T153241.627208.snakemake.log
