Building DAG of jobs...
Using shell: /usr/bin/bash
Provided cores: 2
Rules claiming more threads will be scaled down.
Job counts:
	count	jobs
	1	aggregate_msf
	1	aggregate_wcn
	1	all
	17	compute_msf
	17	compute_wcn
	1	extract_extant_sequences
	1	mafft2_protein_alignment
	1	merge_sequences
	17	model_refinement
	1	plot_aprs_msf_wcn
	1	protein_modelling
	1	reconstruct_ancestral_sequences
	1	trim_signal_peptide
	61
Select jobs to execute...

[Tue Feb 23 15:26:54 2021]
rule reconstruct_ancestral_sequences:
    input: apr_evolution/sarcopterygii_phylogeny.state, apr_evolution/sarcopterygii_phylogeny.treefile, apr_evolution/sarcopterygii_mafft.faa
    output: ancestral_reconstruction/ancestral_sequences.faa
    jobid: 6


[Tue Feb 23 15:26:54 2021]
rule extract_extant_sequences:
    input: apr_evolution/sarcopterygii_sequences.faa
    output: ancestral_reconstruction/extant_sequences.faa
    jobid: 20

[Tue Feb 23 15:26:55 2021]
Finished job 20.
1 of 61 steps (2%) done
[Tue Feb 23 15:27:15 2021]
Finished job 6.
2 of 61 steps (3%) done
Select jobs to execute...

[Tue Feb 23 15:27:15 2021]
rule merge_sequences:
    input: ancestral_reconstruction/ancestral_sequences.faa, ancestral_reconstruction/extant_sequences.faa
    output: ancestral_reconstruction/target_sequences.faa
    jobid: 19

[Tue Feb 23 15:27:15 2021]
Finished job 19.
3 of 61 steps (5%) done
Select jobs to execute...

[Tue Feb 23 15:27:15 2021]
rule mafft2_protein_alignment:
    input: ancestral_reconstruction/target_sequences.faa
    output: ancestral_reconstruction/alignment.faa
    jobid: 18

[Tue Feb 23 15:27:15 2021]
Finished job 18.
4 of 61 steps (7%) done
Select jobs to execute...

[Tue Feb 23 15:27:15 2021]
rule trim_signal_peptide:
    input: ancestral_reconstruction/alignment.faa
    output: ancestral_reconstruction/alignment_trimmed.faa
    jobid: 17

[Tue Feb 23 15:27:16 2021]
Finished job 17.
5 of 61 steps (8%) done
Select jobs to execute...

[Tue Feb 23 15:27:16 2021]
rule protein_modelling:
    input: ancestral_reconstruction/alignment_trimmed.faa, apoa1.pdb
    output: ancestral_reconstruction/Homo_sapiens_ENSP00000364472_best_model.pdb, ancestral_reconstruction/Mus_musculus_ENSMUSP00000034588_best_model.pdb, ancestral_reconstruction/Crocodylus_porosus_ENSCPRP00005000967_best_model.pdb, ancestral_reconstruction/Gallus_gallus_ENSGALP00000011510_best_model.pdb, ancestral_reconstruction/Node2_best_model.pdb, ancestral_reconstruction/Node3_best_model.pdb, ancestral_reconstruction/Node4_best_model.pdb, ancestral_reconstruction/Node5_best_model.pdb, ancestral_reconstruction/Node6_best_model.pdb, ancestral_reconstruction/Node7_best_model.pdb, ancestral_reconstruction/Node8_best_model.pdb, ancestral_reconstruction/Node9_best_model.pdb, ancestral_reconstruction/Node10_best_model.pdb, ancestral_reconstruction/Node11_best_model.pdb, ancestral_reconstruction/Node12_best_model.pdb, ancestral_reconstruction/Node13_best_model.pdb, ancestral_reconstruction/Node14_best_model.pdb
    jobid: 16

[Tue Feb 23 16:02:01 2021]
Finished job 16.
6 of 61 steps (10%) done
Select jobs to execute...

[Tue Feb 23 16:02:01 2021]
rule model_refinement:
    input: ancestral_reconstruction/Node13_best_model.pdb
    output: ancestral_reconstruction/Node13_best_model_relaxed.pdb
    jobid: 50
    wildcards: target=Node13


[Tue Feb 23 16:02:01 2021]
rule model_refinement:
    input: ancestral_reconstruction/Node14_best_model.pdb
    output: ancestral_reconstruction/Node14_best_model_relaxed.pdb
    jobid: 52
    wildcards: target=Node14

[Tue Feb 23 16:09:46 2021]
Finished job 52.
7 of 61 steps (11%) done
Select jobs to execute...

[Tue Feb 23 16:09:46 2021]
rule model_refinement:
    input: ancestral_reconstruction/Mus_musculus_ENSMUSP00000034588_best_model.pdb
    output: ancestral_reconstruction/Mus_musculus_ENSMUSP00000034588_best_model_relaxed.pdb
    jobid: 22
    wildcards: target=Mus_musculus_ENSMUSP00000034588

[Tue Feb 23 16:09:52 2021]
Finished job 50.
8 of 61 steps (13%) done
Select jobs to execute...

[Tue Feb 23 16:09:52 2021]
rule compute_msf:
    input: ancestral_reconstruction/Node13_best_model_relaxed.pdb
    output: ancestral_reconstruction/Node13_best_model_relaxed.msf
    jobid: 49
    wildcards: target=Node13

[Tue Feb 23 16:09:57 2021]
Finished job 49.
9 of 61 steps (15%) done
Select jobs to execute...

[Tue Feb 23 16:09:57 2021]
rule model_refinement:
    input: ancestral_reconstruction/Homo_sapiens_ENSP00000364472_best_model.pdb
    output: ancestral_reconstruction/Homo_sapiens_ENSP00000364472_best_model_relaxed.pdb
    jobid: 15
    wildcards: target=Homo_sapiens_ENSP00000364472

[Tue Feb 23 16:16:48 2021]
Finished job 22.
10 of 61 steps (16%) done
Select jobs to execute...

[Tue Feb 23 16:16:48 2021]
rule model_refinement:
    input: ancestral_reconstruction/Node3_best_model.pdb
    output: ancestral_reconstruction/Node3_best_model_relaxed.pdb
    jobid: 30
    wildcards: target=Node3

[Tue Feb 23 16:17:07 2021]
Finished job 15.
11 of 61 steps (18%) done
Select jobs to execute...

[Tue Feb 23 16:17:07 2021]
rule model_refinement:
    input: ancestral_reconstruction/Node7_best_model.pdb
    output: ancestral_reconstruction/Node7_best_model_relaxed.pdb
    jobid: 38
    wildcards: target=Node7

[Tue Feb 23 16:23:43 2021]
Finished job 30.
12 of 61 steps (20%) done
Select jobs to execute...

[Tue Feb 23 16:23:43 2021]
rule compute_msf:
    input: ancestral_reconstruction/Mus_musculus_ENSMUSP00000034588_best_model_relaxed.pdb
    output: ancestral_reconstruction/Mus_musculus_ENSMUSP00000034588_best_model_relaxed.msf
    jobid: 21
    wildcards: target=Mus_musculus_ENSMUSP00000034588

[Tue Feb 23 16:23:44 2021]
Finished job 21.
13 of 61 steps (21%) done
Select jobs to execute...

[Tue Feb 23 16:23:44 2021]
rule compute_wcn:
    input: ancestral_reconstruction/Homo_sapiens_ENSP00000364472_best_model_relaxed.pdb
    output: ancestral_reconstruction/Homo_sapiens_ENSP00000364472_best_model_relaxed.wcn
    jobid: 54
    wildcards: target=Homo_sapiens_ENSP00000364472

[Tue Feb 23 16:23:46 2021]
Finished job 54.
14 of 61 steps (23%) done
Select jobs to execute...

[Tue Feb 23 16:23:47 2021]
rule compute_wcn:
    input: ancestral_reconstruction/Node13_best_model_relaxed.pdb
    output: ancestral_reconstruction/Node13_best_model_relaxed.wcn
    jobid: 69
    wildcards: target=Node13

[Tue Feb 23 16:23:48 2021]
Finished job 69.
15 of 61 steps (25%) done
Select jobs to execute...

[Tue Feb 23 16:23:49 2021]
rule model_refinement:
    input: ancestral_reconstruction/Crocodylus_porosus_ENSCPRP00005000967_best_model.pdb
    output: ancestral_reconstruction/Crocodylus_porosus_ENSCPRP00005000967_best_model_relaxed.pdb
    jobid: 24
    wildcards: target=Crocodylus_porosus_ENSCPRP00005000967

[Tue Feb 23 16:23:58 2021]
Finished job 38.
16 of 61 steps (26%) done
Select jobs to execute...

[Tue Feb 23 16:23:58 2021]
rule model_refinement:
    input: ancestral_reconstruction/Node4_best_model.pdb
    output: ancestral_reconstruction/Node4_best_model_relaxed.pdb
    jobid: 32
    wildcards: target=Node4

[Tue Feb 23 16:29:02 2021]
Finished job 32.
17 of 61 steps (28%) done
Select jobs to execute...

[Tue Feb 23 16:29:02 2021]
rule compute_msf:
    input: ancestral_reconstruction/Node7_best_model_relaxed.pdb
    output: ancestral_reconstruction/Node7_best_model_relaxed.msf
    jobid: 37
    wildcards: target=Node7

[Tue Feb 23 16:29:03 2021]
Finished job 37.
18 of 61 steps (30%) done
Select jobs to execute...

[Tue Feb 23 16:29:03 2021]
rule compute_wcn:
    input: ancestral_reconstruction/Node4_best_model_relaxed.pdb
    output: ancestral_reconstruction/Node4_best_model_relaxed.wcn
    jobid: 60
    wildcards: target=Node4

[Tue Feb 23 16:29:05 2021]
Finished job 60.
19 of 61 steps (31%) done
Select jobs to execute...

[Tue Feb 23 16:29:05 2021]
rule model_refinement:
    input: ancestral_reconstruction/Gallus_gallus_ENSGALP00000011510_best_model.pdb
    output: ancestral_reconstruction/Gallus_gallus_ENSGALP00000011510_best_model_relaxed.pdb
    jobid: 26
    wildcards: target=Gallus_gallus_ENSGALP00000011510

[Tue Feb 23 16:29:18 2021]
Finished job 24.
20 of 61 steps (33%) done
Select jobs to execute...

[Tue Feb 23 16:29:18 2021]
rule compute_wcn:
    input: ancestral_reconstruction/Crocodylus_porosus_ENSCPRP00005000967_best_model_relaxed.pdb
    output: ancestral_reconstruction/Crocodylus_porosus_ENSCPRP00005000967_best_model_relaxed.wcn
    jobid: 56
    wildcards: target=Crocodylus_porosus_ENSCPRP00005000967

[Tue Feb 23 16:29:20 2021]
Finished job 56.
21 of 61 steps (34%) done
Select jobs to execute...

[Tue Feb 23 16:29:20 2021]
rule model_refinement:
    input: ancestral_reconstruction/Node5_best_model.pdb
    output: ancestral_reconstruction/Node5_best_model_relaxed.pdb
    jobid: 34
    wildcards: target=Node5

[Tue Feb 23 16:34:31 2021]
Finished job 26.
22 of 61 steps (36%) done
Select jobs to execute...

[Tue Feb 23 16:34:31 2021]
rule model_refinement:
    input: ancestral_reconstruction/Node2_best_model.pdb
    output: ancestral_reconstruction/Node2_best_model_relaxed.pdb
    jobid: 28
    wildcards: target=Node2

[Tue Feb 23 16:34:37 2021]
Finished job 34.
23 of 61 steps (38%) done
Select jobs to execute...

[Tue Feb 23 16:34:37 2021]
rule compute_wcn:
    input: ancestral_reconstruction/Node5_best_model_relaxed.pdb
    output: ancestral_reconstruction/Node5_best_model_relaxed.wcn
    jobid: 61
    wildcards: target=Node5

[Tue Feb 23 16:34:39 2021]
Finished job 61.
24 of 61 steps (39%) done
Select jobs to execute...

[Tue Feb 23 16:34:39 2021]
rule model_refinement:
    input: ancestral_reconstruction/Node6_best_model.pdb
    output: ancestral_reconstruction/Node6_best_model_relaxed.pdb
    jobid: 36
    wildcards: target=Node6

[Tue Feb 23 16:39:43 2021]
Finished job 28.
25 of 61 steps (41%) done
Select jobs to execute...

[Tue Feb 23 16:39:43 2021]
rule compute_msf:
    input: ancestral_reconstruction/Node4_best_model_relaxed.pdb
    output: ancestral_reconstruction/Node4_best_model_relaxed.msf
    jobid: 31
    wildcards: target=Node4

[Tue Feb 23 16:39:44 2021]
Finished job 31.
26 of 61 steps (43%) done
Select jobs to execute...

[Tue Feb 23 16:39:44 2021]
rule compute_wcn:
    input: ancestral_reconstruction/Node2_best_model_relaxed.pdb
    output: ancestral_reconstruction/Node2_best_model_relaxed.wcn
    jobid: 58
    wildcards: target=Node2

[Tue Feb 23 16:39:46 2021]
Finished job 58.
27 of 61 steps (44%) done
Select jobs to execute...

[Tue Feb 23 16:39:46 2021]
rule compute_msf:
    input: ancestral_reconstruction/Node14_best_model_relaxed.pdb
    output: ancestral_reconstruction/Node14_best_model_relaxed.msf
    jobid: 51
    wildcards: target=Node14

[Tue Feb 23 16:39:47 2021]
Finished job 51.
28 of 61 steps (46%) done
Select jobs to execute...

[Tue Feb 23 16:39:47 2021]
rule compute_msf:
    input: ancestral_reconstruction/Crocodylus_porosus_ENSCPRP00005000967_best_model_relaxed.pdb
    output: ancestral_reconstruction/Crocodylus_porosus_ENSCPRP00005000967_best_model_relaxed.msf
    jobid: 23
    wildcards: target=Crocodylus_porosus_ENSCPRP00005000967

[Tue Feb 23 16:39:48 2021]
Finished job 23.
29 of 61 steps (48%) done
Select jobs to execute...

[Tue Feb 23 16:39:48 2021]
rule compute_wcn:
    input: ancestral_reconstruction/Node7_best_model_relaxed.pdb
    output: ancestral_reconstruction/Node7_best_model_relaxed.wcn
    jobid: 63
    wildcards: target=Node7

[Tue Feb 23 16:39:50 2021]
Finished job 63.
30 of 61 steps (49%) done
Select jobs to execute...

[Tue Feb 23 16:39:50 2021]
rule compute_msf:
    input: ancestral_reconstruction/Node5_best_model_relaxed.pdb
    output: ancestral_reconstruction/Node5_best_model_relaxed.msf
    jobid: 33
    wildcards: target=Node5

[Tue Feb 23 16:39:52 2021]
Finished job 33.
31 of 61 steps (51%) done
Select jobs to execute...

[Tue Feb 23 16:39:52 2021]
rule model_refinement:
    input: ancestral_reconstruction/Node9_best_model.pdb
    output: ancestral_reconstruction/Node9_best_model_relaxed.pdb
    jobid: 42
    wildcards: target=Node9

[Tue Feb 23 16:40:22 2021]
Finished job 36.
32 of 61 steps (52%) done
Select jobs to execute...

[Tue Feb 23 16:40:22 2021]
rule compute_msf:
    input: ancestral_reconstruction/Gallus_gallus_ENSGALP00000011510_best_model_relaxed.pdb
    output: ancestral_reconstruction/Gallus_gallus_ENSGALP00000011510_best_model_relaxed.msf
    jobid: 25
    wildcards: target=Gallus_gallus_ENSGALP00000011510

[Tue Feb 23 16:40:23 2021]
Finished job 25.
33 of 61 steps (54%) done
Select jobs to execute...

[Tue Feb 23 16:40:23 2021]
rule compute_wcn:
    input: ancestral_reconstruction/Gallus_gallus_ENSGALP00000011510_best_model_relaxed.pdb
    output: ancestral_reconstruction/Gallus_gallus_ENSGALP00000011510_best_model_relaxed.wcn
    jobid: 57
    wildcards: target=Gallus_gallus_ENSGALP00000011510

[Tue Feb 23 16:40:25 2021]
Finished job 57.
34 of 61 steps (56%) done
Select jobs to execute...

[Tue Feb 23 16:40:25 2021]
rule model_refinement:
    input: ancestral_reconstruction/Node10_best_model.pdb
    output: ancestral_reconstruction/Node10_best_model_relaxed.pdb
    jobid: 44
    wildcards: target=Node10

[Tue Feb 23 16:46:05 2021]
Finished job 42.
35 of 61 steps (57%) done
Select jobs to execute...

[Tue Feb 23 16:46:05 2021]
rule compute_wcn:
    input: ancestral_reconstruction/Node9_best_model_relaxed.pdb
    output: ancestral_reconstruction/Node9_best_model_relaxed.wcn
    jobid: 65
    wildcards: target=Node9

[Tue Feb 23 16:46:06 2021]
Finished job 65.
36 of 61 steps (59%) done
Select jobs to execute...

[Tue Feb 23 16:46:07 2021]
rule compute_msf:
    input: ancestral_reconstruction/Homo_sapiens_ENSP00000364472_best_model_relaxed.pdb
    output: ancestral_reconstruction/Homo_sapiens_ENSP00000364472_best_model_relaxed.msf
    jobid: 14
    wildcards: target=Homo_sapiens_ENSP00000364472

[Tue Feb 23 16:46:08 2021]
Finished job 14.
37 of 61 steps (61%) done
Select jobs to execute...

[Tue Feb 23 16:46:08 2021]
rule compute_msf:
    input: ancestral_reconstruction/Node3_best_model_relaxed.pdb
    output: ancestral_reconstruction/Node3_best_model_relaxed.msf
    jobid: 29
    wildcards: target=Node3

[Tue Feb 23 16:46:09 2021]
Finished job 29.
38 of 61 steps (62%) done
Select jobs to execute...

[Tue Feb 23 16:46:09 2021]
rule compute_wcn:
    input: ancestral_reconstruction/Node3_best_model_relaxed.pdb
    output: ancestral_reconstruction/Node3_best_model_relaxed.wcn
    jobid: 59
    wildcards: target=Node3

[Tue Feb 23 16:46:11 2021]
Finished job 59.
39 of 61 steps (64%) done
Select jobs to execute...

[Tue Feb 23 16:46:11 2021]
rule compute_msf:
    input: ancestral_reconstruction/Node2_best_model_relaxed.pdb
    output: ancestral_reconstruction/Node2_best_model_relaxed.msf
    jobid: 27
    wildcards: target=Node2

[Tue Feb 23 16:46:12 2021]
Finished job 27.
40 of 61 steps (66%) done
Select jobs to execute...

[Tue Feb 23 16:46:12 2021]
rule compute_msf:
    input: ancestral_reconstruction/Node6_best_model_relaxed.pdb
    output: ancestral_reconstruction/Node6_best_model_relaxed.msf
    jobid: 35
    wildcards: target=Node6

[Tue Feb 23 16:46:13 2021]
Finished job 35.
41 of 61 steps (67%) done
Select jobs to execute...

[Tue Feb 23 16:46:13 2021]
rule compute_wcn:
    input: ancestral_reconstruction/Mus_musculus_ENSMUSP00000034588_best_model_relaxed.pdb
    output: ancestral_reconstruction/Mus_musculus_ENSMUSP00000034588_best_model_relaxed.wcn
    jobid: 55
    wildcards: target=Mus_musculus_ENSMUSP00000034588

[Tue Feb 23 16:46:15 2021]
Finished job 55.
42 of 61 steps (69%) done
Select jobs to execute...

[Tue Feb 23 16:46:15 2021]
rule model_refinement:
    input: ancestral_reconstruction/Node12_best_model.pdb
    output: ancestral_reconstruction/Node12_best_model_relaxed.pdb
    jobid: 48
    wildcards: target=Node12

[Tue Feb 23 16:46:17 2021]
Finished job 44.
43 of 61 steps (70%) done
Select jobs to execute...

[Tue Feb 23 16:46:17 2021]
rule model_refinement:
    input: ancestral_reconstruction/Node8_best_model.pdb
    output: ancestral_reconstruction/Node8_best_model_relaxed.pdb
    jobid: 40
    wildcards: target=Node8

[Tue Feb 23 16:52:26 2021]
Finished job 48.
44 of 61 steps (72%) done
Select jobs to execute...

[Tue Feb 23 16:52:26 2021]
rule compute_wcn:
    input: ancestral_reconstruction/Node14_best_model_relaxed.pdb
    output: ancestral_reconstruction/Node14_best_model_relaxed.wcn
    jobid: 70
    wildcards: target=Node14

[Tue Feb 23 16:52:28 2021]
Finished job 70.
45 of 61 steps (74%) done
Select jobs to execute...

[Tue Feb 23 16:52:28 2021]
rule compute_wcn:
    input: ancestral_reconstruction/Node12_best_model_relaxed.pdb
    output: ancestral_reconstruction/Node12_best_model_relaxed.wcn
    jobid: 68
    wildcards: target=Node12

[Tue Feb 23 16:52:30 2021]
Finished job 68.
46 of 61 steps (75%) done
Select jobs to execute...

[Tue Feb 23 16:52:30 2021]
rule model_refinement:
    input: ancestral_reconstruction/Node11_best_model.pdb
    output: ancestral_reconstruction/Node11_best_model_relaxed.pdb
    jobid: 46
    wildcards: target=Node11

[Tue Feb 23 16:52:30 2021]
Finished job 40.
47 of 61 steps (77%) done
Select jobs to execute...

[Tue Feb 23 16:52:30 2021]
rule compute_msf:
    input: ancestral_reconstruction/Node10_best_model_relaxed.pdb
    output: ancestral_reconstruction/Node10_best_model_relaxed.msf
    jobid: 43
    wildcards: target=Node10

[Tue Feb 23 16:52:32 2021]
Finished job 43.
48 of 61 steps (79%) done
Select jobs to execute...

[Tue Feb 23 16:52:32 2021]
rule compute_wcn:
    input: ancestral_reconstruction/Node10_best_model_relaxed.pdb
    output: ancestral_reconstruction/Node10_best_model_relaxed.wcn
    jobid: 66
    wildcards: target=Node10

[Tue Feb 23 16:52:34 2021]
Finished job 66.
49 of 61 steps (80%) done
Select jobs to execute...

[Tue Feb 23 16:52:34 2021]
rule compute_msf:
    input: ancestral_reconstruction/Node9_best_model_relaxed.pdb
    output: ancestral_reconstruction/Node9_best_model_relaxed.msf
    jobid: 41
    wildcards: target=Node9

[Tue Feb 23 16:52:35 2021]
Finished job 41.
50 of 61 steps (82%) done
Select jobs to execute...

[Tue Feb 23 16:52:35 2021]
rule compute_msf:
    input: ancestral_reconstruction/Node8_best_model_relaxed.pdb
    output: ancestral_reconstruction/Node8_best_model_relaxed.msf
    jobid: 39
    wildcards: target=Node8

[Tue Feb 23 16:52:36 2021]
Finished job 39.
51 of 61 steps (84%) done
Select jobs to execute...

[Tue Feb 23 16:52:36 2021]
rule compute_msf:
    input: ancestral_reconstruction/Node12_best_model_relaxed.pdb
    output: ancestral_reconstruction/Node12_best_model_relaxed.msf
    jobid: 47
    wildcards: target=Node12

[Tue Feb 23 16:52:37 2021]
Finished job 47.
52 of 61 steps (85%) done
Select jobs to execute...

[Tue Feb 23 16:52:37 2021]
rule compute_wcn:
    input: ancestral_reconstruction/Node8_best_model_relaxed.pdb
    output: ancestral_reconstruction/Node8_best_model_relaxed.wcn
    jobid: 64
    wildcards: target=Node8

[Tue Feb 23 16:52:39 2021]
Finished job 64.
53 of 61 steps (87%) done
Select jobs to execute...

[Tue Feb 23 16:52:39 2021]
rule compute_wcn:
    input: ancestral_reconstruction/Node6_best_model_relaxed.pdb
    output: ancestral_reconstruction/Node6_best_model_relaxed.wcn
    jobid: 62
    wildcards: target=Node6

[Tue Feb 23 16:52:41 2021]
Finished job 62.
54 of 61 steps (89%) done
[Tue Feb 23 16:58:03 2021]
Finished job 46.
55 of 61 steps (90%) done
Select jobs to execute...

[Tue Feb 23 16:58:03 2021]
rule compute_msf:
    input: ancestral_reconstruction/Node11_best_model_relaxed.pdb
    output: ancestral_reconstruction/Node11_best_model_relaxed.msf
    jobid: 45
    wildcards: target=Node11


[Tue Feb 23 16:58:03 2021]
rule compute_wcn:
    input: ancestral_reconstruction/Node11_best_model_relaxed.pdb
    output: ancestral_reconstruction/Node11_best_model_relaxed.wcn
    jobid: 67
    wildcards: target=Node11

[Tue Feb 23 16:58:04 2021]
Finished job 45.
56 of 61 steps (92%) done
Select jobs to execute...

[Tue Feb 23 16:58:04 2021]
rule aggregate_msf:
    input: ancestral_reconstruction/Homo_sapiens_ENSP00000364472_best_model_relaxed.msf, ancestral_reconstruction/Mus_musculus_ENSMUSP00000034588_best_model_relaxed.msf, ancestral_reconstruction/Crocodylus_porosus_ENSCPRP00005000967_best_model_relaxed.msf, ancestral_reconstruction/Gallus_gallus_ENSGALP00000011510_best_model_relaxed.msf, ancestral_reconstruction/Node2_best_model_relaxed.msf, ancestral_reconstruction/Node3_best_model_relaxed.msf, ancestral_reconstruction/Node4_best_model_relaxed.msf, ancestral_reconstruction/Node5_best_model_relaxed.msf, ancestral_reconstruction/Node6_best_model_relaxed.msf, ancestral_reconstruction/Node7_best_model_relaxed.msf, ancestral_reconstruction/Node8_best_model_relaxed.msf, ancestral_reconstruction/Node9_best_model_relaxed.msf, ancestral_reconstruction/Node10_best_model_relaxed.msf, ancestral_reconstruction/Node11_best_model_relaxed.msf, ancestral_reconstruction/Node12_best_model_relaxed.msf, ancestral_reconstruction/Node13_best_model_relaxed.msf, ancestral_reconstruction/Node14_best_model_relaxed.msf
    output: ancestral_reconstruction/msf.csv
    jobid: 13

[Tue Feb 23 16:58:04 2021]
Finished job 13.
57 of 61 steps (93%) done
[Tue Feb 23 16:58:05 2021]
Finished job 67.
58 of 61 steps (95%) done
Select jobs to execute...

[Tue Feb 23 16:58:05 2021]
rule aggregate_wcn:
    input: ancestral_reconstruction/Homo_sapiens_ENSP00000364472_best_model_relaxed.wcn, ancestral_reconstruction/Mus_musculus_ENSMUSP00000034588_best_model_relaxed.wcn, ancestral_reconstruction/Crocodylus_porosus_ENSCPRP00005000967_best_model_relaxed.wcn, ancestral_reconstruction/Gallus_gallus_ENSGALP00000011510_best_model_relaxed.wcn, ancestral_reconstruction/Node2_best_model_relaxed.wcn, ancestral_reconstruction/Node3_best_model_relaxed.wcn, ancestral_reconstruction/Node4_best_model_relaxed.wcn, ancestral_reconstruction/Node5_best_model_relaxed.wcn, ancestral_reconstruction/Node6_best_model_relaxed.wcn, ancestral_reconstruction/Node7_best_model_relaxed.wcn, ancestral_reconstruction/Node8_best_model_relaxed.wcn, ancestral_reconstruction/Node9_best_model_relaxed.wcn, ancestral_reconstruction/Node10_best_model_relaxed.wcn, ancestral_reconstruction/Node11_best_model_relaxed.wcn, ancestral_reconstruction/Node12_best_model_relaxed.wcn, ancestral_reconstruction/Node13_best_model_relaxed.wcn, ancestral_reconstruction/Node14_best_model_relaxed.wcn
    output: ancestral_reconstruction/wcn.csv
    jobid: 53

[Tue Feb 23 16:58:05 2021]
Finished job 53.
59 of 61 steps (97%) done
Select jobs to execute...

[Tue Feb 23 16:58:05 2021]
rule plot_aprs_msf_wcn:
    input: ancestral_reconstruction/msf.csv, ancestral_reconstruction/wcn.csv
    output: viz/panels/aprs_flexibility.svg, viz/panels/aprs_flexibility_profiles.svg
    jobid: 12

[Tue Feb 23 16:58:10 2021]
Finished job 12.
60 of 61 steps (98%) done
Select jobs to execute...

[Tue Feb 23 16:58:10 2021]
localrule all:
    input: apr_evolution/sarcopterygii_phylogeny_suppl.treefile, ancestral_reconstruction/ancestral_sequences.faa, viz/panels/aprs_conservation.svg, viz/panels/aprs_flexibility.svg, viz/panels/aprs_flexibility_profiles.svg
    jobid: 0

[Tue Feb 23 16:58:10 2021]
Finished job 0.
61 of 61 steps (100%) done
Complete log: /home/tmasson/APOA1_evolution/.snakemake/log/2021-02-23T152654.163719.snakemake.log
