Building DAG of jobs...
Using shell: /usr/bin/bash
Provided cores: 1 (use --cores to define parallelism)
Rules claiming more threads will be scaled down.
Job counts:
	count	jobs
	1	aggregate_hyphy_results
	1	aggregate_msf
	1	aggregate_wcn
	1	all
	8	compute_msf
	8	compute_wcn
	1	extract_ancestral_sequences
	1	fel_analysis
	1	fubar_analysis
	1	mafft2_protein_alignment
	1	meme_analysis
	1	merge_sequences
	8	model_refinement
	1	parse_fel
	1	parse_fubar
	1	parse_meme
	1	plot_aprs_evolution
	1	plot_aprs_msf_wcn
	8	protein_modelling
	1	trim_nucleotide_alignment
	1	trim_signal_peptide
	49
Select jobs to execute...

[Wed Feb  3 00:04:01 2021]
rule extract_ancestral_sequences:
    input: apr_evolution/sarcopterygii_phylogeny.state, apr_evolution/sarcopterygii_phylogeny.treefile
    output: ancestral_reconstruction/ancestral_sequences.faa
    jobid: 6

[Wed Feb  3 00:04:12 2021]
Finished job 6.
1 of 49 steps (2%) done
Select jobs to execute...

[Wed Feb  3 00:04:12 2021]
rule merge_sequences:
    input: ancestral_reconstruction/ancestral_sequences.faa, ancestral_reconstruction/extant_sequences.faa
    output: ancestral_reconstruction/all_sequences.faa
    jobid: 5

[Wed Feb  3 00:04:12 2021]
Finished job 5.
2 of 49 steps (4%) done
Select jobs to execute...

[Wed Feb  3 00:04:12 2021]
rule trim_nucleotide_alignment:
    input: apr_evolution/sarcopterygii_mafft.fna
    output: apr_evolution/sarcopterygii_mafft_trimmed.fna
    jobid: 51

[Wed Feb  3 00:04:12 2021]
Finished job 51.
3 of 49 steps (6%) done
Select jobs to execute...

[Wed Feb  3 00:04:12 2021]
rule mafft2_protein_alignment:
    input: ancestral_reconstruction/all_sequences.faa
    output: ancestral_reconstruction/alignment.faa
    jobid: 4

[Wed Feb  3 00:04:13 2021]
Finished job 4.
4 of 49 steps (8%) done
Select jobs to execute...

[Wed Feb  3 00:04:13 2021]
rule trim_signal_peptide:
    input: ancestral_reconstruction/alignment.faa
    output: ancestral_reconstruction/alignment_trimmed.faa
    jobid: 3

[Wed Feb  3 00:04:14 2021]
Finished job 3.
5 of 49 steps (10%) done
Select jobs to execute...

[Wed Feb  3 00:04:14 2021]
rule protein_modelling:
    input: ancestral_reconstruction/alignment_trimmed.faa, apoa1.pdb
    output: ancestral_reconstruction/Node10/best_model.pdb
    jobid: 2
    wildcards: target=Node10

Waiting at most 5 seconds for missing files.
MissingOutputException in line 350 of /home/tmasson/APOA1_evolution/Snakefile:
Job Missing files after 5 seconds:
ancestral_reconstruction/Node10/best_model.pdb
This might be due to filesystem latency. If that is the case, consider to increase the wait time with --latency-wait.
Job id: 2 completed successfully, but some output files are missing. 2
  File "/home/tmasson/miniconda3/envs/apoa1/lib/python3.8/site-packages/snakemake/executors/__init__.py", line 583, in handle_job_success
  File "/home/tmasson/miniconda3/envs/apoa1/lib/python3.8/site-packages/snakemake/executors/__init__.py", line 252, in handle_job_success
Shutting down, this might take some time.
Exiting because a job execution failed. Look above for error message
Complete log: /home/tmasson/APOA1_evolution/.snakemake/log/2021-02-03T000401.299836.snakemake.log
