Building DAG of jobs...
Using shell: /usr/bin/bash
Provided cores: 1 (use --cores to define parallelism)
Rules claiming more threads will be scaled down.
Job counts:
	count	jobs
	1	add_extant_sequences
	1	aggregate_hyphy_results
	1	aggregate_msf
	1	aggregate_wcn
	1	all
	1	calc_shannon_entropy
	1	clustalo_protein_alignment
	8	compute_msf
	8	compute_wcn
	1	extract_ancestral_sequences
	1	fel_analysis
	1	filter_cds_ensembl
	1	filter_low_quality_sequences
	1	filter_sarcopterygii_sequences
	1	fix_treefile_meme
	1	fubar_analysis
	1	get_nucleotide_sequences
	1	get_protein_sequences
	1	infer_phylogeny
	1	infer_supplementary_phylogeny
	1	mafft2_protein_alignment
	1	mafft_protein_alignment
	1	meme_analysis
	1	merge_sequences
	8	model_refinement
	1	pal2nal_alignment
	1	parse_fel
	1	parse_fubar
	1	parse_meme
	1	plot_aprs_evolution
	1	plot_aprs_msf_wcn
	8	protein_modelling
	1	run_tango_predictions
	1	trim_signal_peptide
	62
Select jobs to execute...

[Tue Feb  2 21:50:00 2021]
rule get_nucleotide_sequences:
    output: apr_evolution/ensembl_sequences.fna
    jobid: 53

[Tue Feb  2 21:50:24 2021]
Finished job 53.
1 of 62 steps (2%) done
Select jobs to execute...

[Tue Feb  2 21:50:24 2021]
rule get_protein_sequences:
    output: apr_evolution/ensembl_sequences.faa
    jobid: 11

[Tue Feb  2 21:50:31 2021]
Finished job 11.
2 of 62 steps (3%) done
Select jobs to execute...

[Tue Feb  2 21:50:31 2021]
rule filter_sarcopterygii_sequences:
    input: apr_evolution/ensembl_sequences.faa
    output: apr_evolution/raw_sarcopterygii_sequences.faa
    jobid: 10

[Tue Feb  2 21:50:36 2021]
Finished job 10.
3 of 62 steps (5%) done
Select jobs to execute...

[Tue Feb  2 21:50:36 2021]
rule filter_low_quality_sequences:
    input: apr_evolution/raw_sarcopterygii_sequences.faa
    output: apr_evolution/sarcopterygii_sequences.faa
    jobid: 9

[Tue Feb  2 21:50:36 2021]
Finished job 9.
4 of 62 steps (6%) done
Select jobs to execute...

[Tue Feb  2 21:50:36 2021]
rule clustalo_protein_alignment:
    input: apr_evolution/sarcopterygii_sequences.faa
    output: apr_evolution/sarcopterygii_clustalo.faa
    jobid: 44

[Tue Feb  2 21:50:40 2021]
Finished job 44.
5 of 62 steps (8%) done
Select jobs to execute...

[Tue Feb  2 21:50:40 2021]
rule infer_supplementary_phylogeny:
    input: apr_evolution/sarcopterygii_clustalo.faa
    output: apr_evolution/sarcopterygii_phylogeny_suppl.treefile
    jobid: 43

[Tue Feb  2 22:30:16 2021]
Finished job 43.
6 of 62 steps (10%) done
Select jobs to execute...

[Tue Feb  2 22:30:16 2021]
rule add_extant_sequences:
    input: apr_evolution/sarcopterygii_sequences.faa
    output: ancestral_reconstruction/extant_sequences.faa
    jobid: 12

[Tue Feb  2 22:30:17 2021]
Finished job 12.
7 of 62 steps (11%) done
Select jobs to execute...

[Tue Feb  2 22:30:17 2021]
rule filter_cds_ensembl:
    input: apr_evolution/ensembl_sequences.fna, apr_evolution/sarcopterygii_sequences.faa
    output: apr_evolution/sarcopterygii_sequences.fna
    jobid: 52

[Tue Feb  2 22:30:17 2021]
Finished job 52.
8 of 62 steps (13%) done
Select jobs to execute...

[Tue Feb  2 22:30:17 2021]
rule mafft_protein_alignment:
    input: apr_evolution/sarcopterygii_sequences.faa
    output: apr_evolution/sarcopterygii_mafft.faa
    jobid: 8

[Tue Feb  2 22:30:34 2021]
Finished job 8.
9 of 62 steps (15%) done
Select jobs to execute...

[Tue Feb  2 22:30:34 2021]
rule calc_shannon_entropy:
    input: apr_evolution/sarcopterygii_mafft.faa
    output: apr_evolution/aprs_entropy.csv
    jobid: 47

[Tue Feb  2 22:30:34 2021]
Finished job 47.
10 of 62 steps (16%) done
Select jobs to execute...

[Tue Feb  2 22:30:34 2021]
rule run_tango_predictions:
    input: apr_evolution/sarcopterygii_mafft.faa
    output: apr_evolution/aprs_aggregation_scores.csv
    jobid: 46

[Tue Feb  2 22:30:40 2021]
Finished job 46.
11 of 62 steps (18%) done
Select jobs to execute...

[Tue Feb  2 22:30:40 2021]
rule pal2nal_alignment:
    input: apr_evolution/sarcopterygii_mafft.faa, apr_evolution/sarcopterygii_sequences.fna
    output: apr_evolution/sarcopterygii_mafft.fna
    jobid: 51

[Tue Feb  2 22:30:40 2021]
Finished job 51.
12 of 62 steps (19%) done
Select jobs to execute...

[Tue Feb  2 22:30:40 2021]
rule infer_phylogeny:
    input: apr_evolution/sarcopterygii_mafft.faa
    output: apr_evolution/sarcopterygii_phylogeny.treefile, apr_evolution/sarcopterygii_phylogeny.state
    jobid: 7

[Tue Feb  2 23:03:49 2021]
Finished job 7.
13 of 62 steps (21%) done
Select jobs to execute...

[Tue Feb  2 23:03:49 2021]
rule fix_treefile_meme:
    input: apr_evolution/sarcopterygii_phylogeny.treefile
    output: apr_evolution/sarcopterygii_phylogeny_meme.treefile
    jobid: 58

[Tue Feb  2 23:03:49 2021]
Finished job 58.
14 of 62 steps (23%) done
Select jobs to execute...

[Tue Feb  2 23:03:49 2021]
rule fel_analysis:
    input: apr_evolution/sarcopterygii_mafft.fna, apr_evolution/sarcopterygii_phylogeny.treefile
    output: apr_evolution/sarcopterygii_fel.json
    jobid: 50

[Tue Feb  2 23:04:16 2021]
Error in rule fel_analysis:
    jobid: 50
    output: apr_evolution/sarcopterygii_fel.json
    shell:
        hyphy fel --alignment apr_evolution/sarcopterygii_mafft.fna --tree apr_evolution/sarcopterygii_phylogeny.treefile --output apr_evolution/sarcopterygii_fel.json
        (one of the commands exited with non-zero exit code; note that snakemake uses bash strict mode!)

Removing output files of failed job fel_analysis since they might be corrupted:
apr_evolution/sarcopterygii_fel.json
Shutting down, this might take some time.
Exiting because a job execution failed. Look above for error message
Complete log: /home/tmasson/APOA1_evolution/.snakemake/log/2021-02-02T214958.801672.snakemake.log
