Building DAG of jobs...
Using shell: /usr/bin/bash
Provided cores: 2
Rules claiming more threads will be scaled down.
Job counts:
	count	jobs
	1	aggregate_msf
	1	aggregate_wcn
	1	all
	8	compute_msf
	8	compute_wcn
	1	mafft2_protein_alignment
	1	merge_sequences
	8	model_refinement
	1	plot_aprs_msf_wcn
	8	protein_modelling
	1	trim_signal_peptide
	39
Select jobs to execute...

[Mon Feb  1 11:10:41 2021]
rule merge_sequences:
    input: ancestral_reconstruction/ancestral_sequences.faa, ancestral_reconstruction/extant_sequences.faa
    output: ancestral_reconstruction/all_sequences.faa
    jobid: 5

[Mon Feb  1 11:10:41 2021]
Finished job 5.
1 of 39 steps (3%) done
Select jobs to execute...

[Mon Feb  1 11:10:41 2021]
rule mafft2_protein_alignment:
    input: ancestral_reconstruction/all_sequences.faa
    output: ancestral_reconstruction/alignment.faa
    jobid: 4

[Mon Feb  1 11:10:41 2021]
Finished job 4.
2 of 39 steps (5%) done
Select jobs to execute...

[Mon Feb  1 11:10:41 2021]
rule trim_signal_peptide:
    input: ancestral_reconstruction/alignment.faa
    output: ancestral_reconstruction/alignment_trimmed.faa
    jobid: 3

[Mon Feb  1 11:10:42 2021]
Finished job 3.
3 of 39 steps (8%) done
Select jobs to execute...

[Mon Feb  1 11:10:42 2021]
rule protein_modelling:
    input: ancestral_reconstruction/alignment_trimmed.faa, apoa1.pdb
    output: ancestral_reconstruction/Node15/best_model.pdb
    jobid: 15
    wildcards: target=Node15


[Mon Feb  1 11:10:42 2021]
rule protein_modelling:
    input: ancestral_reconstruction/alignment_trimmed.faa, apoa1.pdb
    output: ancestral_reconstruction/Node92/best_model.pdb
    jobid: 17
    wildcards: target=Node92

Terminating processes on user request, this might take some time.
Waiting at most 5 seconds for missing files.
MissingOutputException in line 338 of /home/tmasson/APOA1_evolution/Snakefile:
Job Missing files after 5 seconds:
ancestral_reconstruction/Node92/best_model.pdb
This might be due to filesystem latency. If that is the case, consider to increase the wait time with --latency-wait.
Job id: 17 completed successfully, but some output files are missing. 17
  File "/home/tmasson/miniconda3/envs/apoa1/lib/python3.8/site-packages/snakemake/executors/__init__.py", line 583, in handle_job_success
  File "/home/tmasson/miniconda3/envs/apoa1/lib/python3.8/site-packages/snakemake/executors/__init__.py", line 252, in handle_job_success
Waiting at most 5 seconds for missing files.
MissingOutputException in line 338 of /home/tmasson/APOA1_evolution/Snakefile:
Job Missing files after 5 seconds:
ancestral_reconstruction/Node15/best_model.pdb
This might be due to filesystem latency. If that is the case, consider to increase the wait time with --latency-wait.
Job id: 15 completed successfully, but some output files are missing. 15
  File "/home/tmasson/miniconda3/envs/apoa1/lib/python3.8/site-packages/snakemake/executors/__init__.py", line 583, in handle_job_success
  File "/home/tmasson/miniconda3/envs/apoa1/lib/python3.8/site-packages/snakemake/executors/__init__.py", line 252, in handle_job_success
Complete log: /home/tmasson/APOA1_evolution/.snakemake/log/2021-02-01T111040.750987.snakemake.log
