Building DAG of jobs...
Using shell: /usr/bin/bash
Provided cores: 2
Rules claiming more threads will be scaled down.
Job counts:
	count	jobs
	1	aggregate_msf
	1	aggregate_wcn
	1	all
	4	compute_msf
	4	compute_wcn
	1	extract_target_sequences
	1	mafft2_protein_alignment
	4	model_refinement
	1	plot_aprs_msf_wcn
	4	protein_modelling
	1	reconstruct_ancestral_sequences
	1	trim_signal_peptide
	24
Select jobs to execute...

[Sat Feb 13 14:28:01 2021]
rule extract_target_sequences:
    input: apr_evolution/sarcopterygii_sequences.faa
    output: ancestral_reconstruction/target_sequences.faa
    jobid: 19

[Sat Feb 13 14:28:01 2021]
rule reconstruct_ancestral_sequences:
    input: apr_evolution/sarcopterygii_phylogeny.state, apr_evolution/sarcopterygii_phylogeny.treefile, apr_evolution/sarcopterygii_mafft.faa
    output: ancestral_reconstruction/ancestral_sequences.faa
    jobid: 6

Terminating processes on user request, this might take some time.
[Sat Feb 13 14:28:07 2021]
Error in rule reconstruct_ancestral_sequences:
    jobid: 6
    output: ancestral_reconstruction/ancestral_sequences.faa
    shell:
        
        src/get_ancestral_sequence.py apr_evolution/sarcopterygii_phylogeny.state apr_evolution/sarcopterygii_phylogeny.treefile apr_evolution/sarcopterygii_mafft.faa >> ancestral_reconstruction/ancestral_sequences.faa &&
        mv *.svg ancestral_reconstruction/
        
        (one of the commands exited with non-zero exit code; note that snakemake uses bash strict mode!)

Removing output files of failed job reconstruct_ancestral_sequences since they might be corrupted:
ancestral_reconstruction/ancestral_sequences.faa
Complete log: /home/tmasson/APOA1_evolution/.snakemake/log/2021-02-13T142801.391769.snakemake.log
