Building DAG of jobs...
Using shell: /usr/bin/bash
Provided cores: 2
Rules claiming more threads will be scaled down.
Job counts:
	count	jobs
	1	aggregate_hyphy_results
	1	aggregate_msf
	1	aggregate_wcn
	1	all
	1	calc_shannon_entropy
	8	compute_msf
	8	compute_wcn
	1	extract_ancestral_sequences
	1	fel_analysis
	1	fix_treefile_meme
	1	fubar_analysis
	1	infer_phylogeny
	1	mafft2_protein_alignment
	1	meme_analysis
	1	merge_sequences
	8	model_refinement
	1	parse_fel
	1	parse_fubar
	1	parse_meme
	1	plot_aprs_evolution
	1	plot_aprs_msf_wcn
	8	protein_modelling
	1	run_tango_predictions
	1	trim_nucleotide_alignment
	1	trim_protein_alignment
	1	trim_signal_peptide
	54
Select jobs to execute...

[Mon Jan 25 16:01:20 2021]
rule trim_protein_alignment:
    input: apr_evolution/vertebrates_mafft.faa
    output: apr_evolution/vertebrates_mafft_trimmed.faa
    jobid: 8


[Mon Jan 25 16:01:20 2021]
rule trim_nucleotide_alignment:
    input: apr_evolution/vertebrates_mafft.fna
    output: apr_evolution/vertebrates_mafft_trimmed.fna
    jobid: 50

[Mon Jan 25 16:01:20 2021]
Finished job 8.
1 of 54 steps (2%) done
Select jobs to execute...

[Mon Jan 25 16:01:20 2021]
rule run_tango_predictions:
    input: apr_evolution/vertebrates_mafft_trimmed.faa
    output: apr_evolution/aprs_aggregation_scores.csv
    jobid: 45

[Mon Jan 25 16:01:20 2021]
Finished job 50.
2 of 54 steps (4%) done
Select jobs to execute...

[Mon Jan 25 16:01:20 2021]
rule infer_phylogeny:
    input: apr_evolution/vertebrates_mafft_trimmed.faa
    output: apr_evolution/vertebrates_phylogeny.treefile, apr_evolution/vertebrates_phylogeny.state
    jobid: 7

[Mon Jan 25 16:01:20 2021]
Error in rule infer_phylogeny:
    jobid: 7
    output: apr_evolution/vertebrates_phylogeny.treefile, apr_evolution/vertebrates_phylogeny.state
    shell:
        
        iqtree -s apr_evolution/vertebrates_mafft_trimmed.faa --prefix apr_evolution/vertebrates_phylogeny         -B 1000 --alrt 1000 -nt 4 --ancestral
        
        (one of the commands exited with non-zero exit code; note that snakemake uses bash strict mode!)

[Mon Jan 25 16:01:26 2021]
Error in rule run_tango_predictions:
    jobid: 45
    output: apr_evolution/aprs_aggregation_scores.csv
    shell:
        
        ./src/run_tango.py apr_evolution/vertebrates_mafft_trimmed.faa 54 62 APR1 >> apr_evolution/aprs_aggregation_scores.csv
        ./src/run_tango.py apr_evolution/vertebrates_mafft_trimmed.faa 93 101 APR2 >> apr_evolution/aprs_aggregation_scores.csv
        ./src/run_tango.py apr_evolution/vertebrates_mafft_trimmed.faa 107 115 APR3 >> apr_evolution/aprs_aggregation_scores.csv
        ./src/run_tango.py apr_evolution/vertebrates_mafft_trimmed.faa 267 275 APR4 >> apr_evolution/aprs_aggregation_scores.csv
        rm nt=N.txt
        
        (one of the commands exited with non-zero exit code; note that snakemake uses bash strict mode!)

Removing output files of failed job run_tango_predictions since they might be corrupted:
apr_evolution/aprs_aggregation_scores.csv
Shutting down, this might take some time.
Exiting because a job execution failed. Look above for error message
Complete log: /home/tmasson/APOA1_evolution/.snakemake/log/2021-01-25T160120.157508.snakemake.log
