Building DAG of jobs...
Using shell: /usr/bin/bash
Provided cores: 2
Rules claiming more threads will be scaled down.
Job counts:
	count	jobs
	1	aggregate_msf
	1	aggregate_wcn
	1	all
	4	compute_msf
	4	compute_wcn
	1	extract_target_sequences
	1	mafft2_protein_alignment
	4	model_refinement
	1	plot_aprs_msf_wcn
	4	protein_modelling
	1	reconstruct_ancestral_sequences
	1	trim_signal_peptide
	24
Select jobs to execute...

[Sat Feb 13 14:28:42 2021]
rule extract_target_sequences:
    input: apr_evolution/sarcopterygii_sequences.faa
    output: ancestral_reconstruction/target_sequences.faa
    jobid: 19

[Sat Feb 13 14:28:42 2021]
rule reconstruct_ancestral_sequences:
    input: apr_evolution/sarcopterygii_phylogeny.state, apr_evolution/sarcopterygii_phylogeny.treefile, apr_evolution/sarcopterygii_mafft.faa
    output: ancestral_reconstruction/ancestral_sequences.faa
    jobid: 6

[Sat Feb 13 14:28:43 2021]
Finished job 19.
1 of 24 steps (4%) done
Select jobs to execute...

[Sat Feb 13 14:28:43 2021]
rule mafft2_protein_alignment:
    input: ancestral_reconstruction/target_sequences.faa
    output: ancestral_reconstruction/alignment.faa
    jobid: 18

[Sat Feb 13 14:28:44 2021]
Finished job 18.
2 of 24 steps (8%) done
Select jobs to execute...

[Sat Feb 13 14:28:44 2021]
rule trim_signal_peptide:
    input: ancestral_reconstruction/alignment.faa
    output: ancestral_reconstruction/alignment_trimmed.faa
    jobid: 17

[Sat Feb 13 14:28:45 2021]
Finished job 17.
3 of 24 steps (12%) done
Select jobs to execute...

[Sat Feb 13 14:28:45 2021]
rule protein_modelling:
    input: ancestral_reconstruction/alignment_trimmed.faa, apoa1.pdb
    output: ancestral_reconstruction/Crocodylus_porosus_ENSCPRP00005000967_best_model.pdb
    jobid: 25
    wildcards: target=Crocodylus_porosus_ENSCPRP00005000967

[Sat Feb 13 14:28:52 2021]
Finished job 6.
4 of 24 steps (17%) done
Select jobs to execute...

[Sat Feb 13 14:28:52 2021]
rule protein_modelling:
    input: ancestral_reconstruction/alignment_trimmed.faa, apoa1.pdb
    output: ancestral_reconstruction/Mus_musculus_ENSMUSP00000034588_best_model.pdb
    jobid: 22
    wildcards: target=Mus_musculus_ENSMUSP00000034588

[Sat Feb 13 14:38:30 2021]
Finished job 25.
5 of 24 steps (21%) done
Select jobs to execute...

[Sat Feb 13 14:38:30 2021]
rule model_refinement:
    input: ancestral_reconstruction/Crocodylus_porosus_ENSCPRP00005000967_best_model.pdb
    output: ancestral_reconstruction/Crocodylus_porosus_ENSCPRP00005000967_best_model_relaxed.pdb
    jobid: 24
    wildcards: target=Crocodylus_porosus_ENSCPRP00005000967

[Sat Feb 13 14:38:37 2021]
Finished job 22.
6 of 24 steps (25%) done
Select jobs to execute...

[Sat Feb 13 14:38:37 2021]
rule protein_modelling:
    input: ancestral_reconstruction/alignment_trimmed.faa, apoa1.pdb
    output: ancestral_reconstruction/Gallus_gallus_ENSGALP00000011510_best_model.pdb
    jobid: 28
    wildcards: target=Gallus_gallus_ENSGALP00000011510

Warning: the following output files of rule protein_modelling were not present when the DAG was created:
{'ancestral_reconstruction/Gallus_gallus_ENSGALP00000011510_best_model.pdb'}
[Sat Feb 13 14:45:04 2021]
Finished job 24.
7 of 24 steps (29%) done
Select jobs to execute...

[Sat Feb 13 14:45:04 2021]
rule compute_msf:
    input: ancestral_reconstruction/Crocodylus_porosus_ENSCPRP00005000967_best_model_relaxed.pdb
    output: ancestral_reconstruction/Crocodylus_porosus_ENSCPRP00005000967_best_model_relaxed.msf
    jobid: 23
    wildcards: target=Crocodylus_porosus_ENSCPRP00005000967

[Sat Feb 13 14:45:06 2021]
Finished job 23.
8 of 24 steps (33%) done
Select jobs to execute...

[Sat Feb 13 14:45:06 2021]
rule protein_modelling:
    input: ancestral_reconstruction/alignment_trimmed.faa, apoa1.pdb
    output: ancestral_reconstruction/Homo_sapiens_ENSP00000364472_best_model.pdb
    jobid: 16
    wildcards: target=Homo_sapiens_ENSP00000364472

Warning: the following output files of rule protein_modelling were not present when the DAG was created:
{'ancestral_reconstruction/Homo_sapiens_ENSP00000364472_best_model.pdb'}
[Sat Feb 13 14:47:53 2021]
Finished job 28.
9 of 24 steps (38%) done
Select jobs to execute...

[Sat Feb 13 14:47:53 2021]
rule model_refinement:
    input: ancestral_reconstruction/Gallus_gallus_ENSGALP00000011510_best_model.pdb
    output: ancestral_reconstruction/Gallus_gallus_ENSGALP00000011510_best_model_relaxed.pdb
    jobid: 27
    wildcards: target=Gallus_gallus_ENSGALP00000011510

[Sat Feb 13 14:53:59 2021]
Finished job 16.
10 of 24 steps (42%) done
Select jobs to execute...

[Sat Feb 13 14:53:59 2021]
rule model_refinement:
    input: ancestral_reconstruction/Homo_sapiens_ENSP00000364472_best_model.pdb
    output: ancestral_reconstruction/Homo_sapiens_ENSP00000364472_best_model_relaxed.pdb
    jobid: 15
    wildcards: target=Homo_sapiens_ENSP00000364472

[Sat Feb 13 14:54:07 2021]
Finished job 27.
11 of 24 steps (46%) done
Select jobs to execute...

[Sat Feb 13 14:54:07 2021]
rule compute_msf:
    input: ancestral_reconstruction/Gallus_gallus_ENSGALP00000011510_best_model_relaxed.pdb
    output: ancestral_reconstruction/Gallus_gallus_ENSGALP00000011510_best_model_relaxed.msf
    jobid: 26
    wildcards: target=Gallus_gallus_ENSGALP00000011510

[Sat Feb 13 14:54:08 2021]
Finished job 26.
12 of 24 steps (50%) done
Select jobs to execute...

[Sat Feb 13 14:54:08 2021]
rule compute_wcn:
    input: ancestral_reconstruction/Gallus_gallus_ENSGALP00000011510_best_model_relaxed.pdb
    output: ancestral_reconstruction/Gallus_gallus_ENSGALP00000011510_best_model_relaxed.wcn
    jobid: 33
    wildcards: target=Gallus_gallus_ENSGALP00000011510

[Sat Feb 13 14:54:10 2021]
Finished job 33.
13 of 24 steps (54%) done
Select jobs to execute...

[Sat Feb 13 14:54:10 2021]
rule compute_wcn:
    input: ancestral_reconstruction/Crocodylus_porosus_ENSCPRP00005000967_best_model_relaxed.pdb
    output: ancestral_reconstruction/Crocodylus_porosus_ENSCPRP00005000967_best_model_relaxed.wcn
    jobid: 32
    wildcards: target=Crocodylus_porosus_ENSCPRP00005000967

[Sat Feb 13 14:54:12 2021]
Finished job 32.
14 of 24 steps (58%) done
Select jobs to execute...

[Sat Feb 13 14:54:12 2021]
rule model_refinement:
    input: ancestral_reconstruction/Mus_musculus_ENSMUSP00000034588_best_model.pdb
    output: ancestral_reconstruction/Mus_musculus_ENSMUSP00000034588_best_model_relaxed.pdb
    jobid: 21
    wildcards: target=Mus_musculus_ENSMUSP00000034588

[Sat Feb 13 15:00:46 2021]
Finished job 21.
15 of 24 steps (62%) done
Select jobs to execute...

[Sat Feb 13 15:00:46 2021]
rule compute_msf:
    input: ancestral_reconstruction/Mus_musculus_ENSMUSP00000034588_best_model_relaxed.pdb
    output: ancestral_reconstruction/Mus_musculus_ENSMUSP00000034588_best_model_relaxed.msf
    jobid: 20
    wildcards: target=Mus_musculus_ENSMUSP00000034588

[Sat Feb 13 15:00:48 2021]
Finished job 20.
16 of 24 steps (67%) done
Select jobs to execute...

[Sat Feb 13 15:00:48 2021]
rule compute_wcn:
    input: ancestral_reconstruction/Mus_musculus_ENSMUSP00000034588_best_model_relaxed.pdb
    output: ancestral_reconstruction/Mus_musculus_ENSMUSP00000034588_best_model_relaxed.wcn
    jobid: 31
    wildcards: target=Mus_musculus_ENSMUSP00000034588

[Sat Feb 13 15:00:50 2021]
Finished job 31.
17 of 24 steps (71%) done
[Sat Feb 13 15:01:00 2021]
Finished job 15.
18 of 24 steps (75%) done
Select jobs to execute...

[Sat Feb 13 15:01:00 2021]
rule compute_wcn:
    input: ancestral_reconstruction/Homo_sapiens_ENSP00000364472_best_model_relaxed.pdb
    output: ancestral_reconstruction/Homo_sapiens_ENSP00000364472_best_model_relaxed.wcn
    jobid: 30
    wildcards: target=Homo_sapiens_ENSP00000364472


[Sat Feb 13 15:01:00 2021]
rule compute_msf:
    input: ancestral_reconstruction/Homo_sapiens_ENSP00000364472_best_model_relaxed.pdb
    output: ancestral_reconstruction/Homo_sapiens_ENSP00000364472_best_model_relaxed.msf
    jobid: 14
    wildcards: target=Homo_sapiens_ENSP00000364472

[Sat Feb 13 15:01:02 2021]
Finished job 14.
19 of 24 steps (79%) done
Select jobs to execute...

[Sat Feb 13 15:01:02 2021]
rule aggregate_msf:
    input: ancestral_reconstruction/Homo_sapiens_ENSP00000364472_best_model_relaxed.msf, ancestral_reconstruction/Mus_musculus_ENSMUSP00000034588_best_model_relaxed.msf, ancestral_reconstruction/Crocodylus_porosus_ENSCPRP00005000967_best_model_relaxed.msf, ancestral_reconstruction/Gallus_gallus_ENSGALP00000011510_best_model_relaxed.msf
    output: ancestral_reconstruction/msf.csv
    jobid: 13

[Sat Feb 13 15:01:03 2021]
Finished job 30.
20 of 24 steps (83%) done
Select jobs to execute...

[Sat Feb 13 15:01:03 2021]
rule aggregate_wcn:
    input: ancestral_reconstruction/Homo_sapiens_ENSP00000364472_best_model_relaxed.wcn, ancestral_reconstruction/Mus_musculus_ENSMUSP00000034588_best_model_relaxed.wcn, ancestral_reconstruction/Crocodylus_porosus_ENSCPRP00005000967_best_model_relaxed.wcn, ancestral_reconstruction/Gallus_gallus_ENSGALP00000011510_best_model_relaxed.wcn
    output: ancestral_reconstruction/wcn.csv
    jobid: 29

[Sat Feb 13 15:01:03 2021]
Finished job 29.
21 of 24 steps (88%) done
Shutting down, this might take some time.
Exiting because a job execution failed. Look above for error message
Complete log: /home/tmasson/APOA1_evolution/.snakemake/log/2021-02-13T142842.220846.snakemake.log
