Building DAG of jobs...
Using shell: /usr/bin/bash
Provided cores: 2
Rules claiming more threads will be scaled down.
Job counts:
	count	jobs
	1	aggregate_msf
	1	aggregate_wcn
	1	all
	1	compute_msf
	1	compute_wcn
	1	model_refinement
	1	plot_aprs_msf_wcn
	7
Select jobs to execute...

[Sat Feb 13 15:05:39 2021]
rule model_refinement:
    input: ancestral_reconstruction/Crocodylus_porosus_ENSCPRP00005000967_best_model.pdb
    output: ancestral_reconstruction/Crocodylus_porosus_ENSCPRP00005000967_best_model_relaxed.pdb
    jobid: 24
    wildcards: target=Crocodylus_porosus_ENSCPRP00005000967

[Sat Feb 13 15:11:36 2021]
Finished job 24.
1 of 7 steps (14%) done
Select jobs to execute...

[Sat Feb 13 15:11:36 2021]
rule compute_wcn:
    input: ancestral_reconstruction/Crocodylus_porosus_ENSCPRP00005000967_best_model_relaxed.pdb
    output: ancestral_reconstruction/Crocodylus_porosus_ENSCPRP00005000967_best_model_relaxed.wcn
    jobid: 32
    wildcards: target=Crocodylus_porosus_ENSCPRP00005000967


[Sat Feb 13 15:11:36 2021]
rule compute_msf:
    input: ancestral_reconstruction/Crocodylus_porosus_ENSCPRP00005000967_best_model_relaxed.pdb
    output: ancestral_reconstruction/Crocodylus_porosus_ENSCPRP00005000967_best_model_relaxed.msf
    jobid: 23
    wildcards: target=Crocodylus_porosus_ENSCPRP00005000967

[Sat Feb 13 15:11:37 2021]
Finished job 23.
2 of 7 steps (29%) done
Select jobs to execute...

[Sat Feb 13 15:11:37 2021]
rule aggregate_msf:
    input: ancestral_reconstruction/Homo_sapiens_ENSP00000364472_best_model_relaxed.msf, ancestral_reconstruction/Mus_musculus_ENSMUSP00000034588_best_model_relaxed.msf, ancestral_reconstruction/Crocodylus_porosus_ENSCPRP00005000967_best_model_relaxed.msf, ancestral_reconstruction/Gallus_gallus_ENSGALP00000011510_best_model_relaxed.msf
    output: ancestral_reconstruction/msf.csv
    jobid: 13

[Sat Feb 13 15:11:37 2021]
Finished job 13.
3 of 7 steps (43%) done
[Sat Feb 13 15:11:38 2021]
Finished job 32.
4 of 7 steps (57%) done
Select jobs to execute...

[Sat Feb 13 15:11:38 2021]
rule aggregate_wcn:
    input: ancestral_reconstruction/Homo_sapiens_ENSP00000364472_best_model_relaxed.wcn, ancestral_reconstruction/Mus_musculus_ENSMUSP00000034588_best_model_relaxed.wcn, ancestral_reconstruction/Crocodylus_porosus_ENSCPRP00005000967_best_model_relaxed.wcn, ancestral_reconstruction/Gallus_gallus_ENSGALP00000011510_best_model_relaxed.wcn
    output: ancestral_reconstruction/wcn.csv
    jobid: 29

[Sat Feb 13 15:11:38 2021]
Finished job 29.
5 of 7 steps (71%) done
Select jobs to execute...

[Sat Feb 13 15:11:38 2021]
rule plot_aprs_msf_wcn:
    input: ancestral_reconstruction/msf.csv, ancestral_reconstruction/wcn.csv
    output: viz/panels/aprs_flexibility.svg, viz/panels/aprs_flexibility_profiles.svg
    jobid: 12

[Sat Feb 13 15:11:44 2021]
Finished job 12.
6 of 7 steps (86%) done
Select jobs to execute...

[Sat Feb 13 15:11:44 2021]
localrule all:
    input: apr_evolution/sarcopterygii_phylogeny_suppl.treefile, ancestral_reconstruction/ancestral_sequences.faa, viz/panels/aprs_conservation.svg, viz/panels/aprs_flexibility.svg, viz/panels/aprs_flexibility_profiles.svg
    jobid: 0

[Sat Feb 13 15:11:44 2021]
Finished job 0.
7 of 7 steps (100%) done
Complete log: /home/tmasson/APOA1_evolution/.snakemake/log/2021-02-13T150539.321353.snakemake.log
