Building DAG of jobs...
Using shell: /usr/bin/bash
Provided cores: 1 (use --cores to define parallelism)
Rules claiming more threads will be scaled down.
Job counts:
	count	jobs
	1	aggregate_msf
	1	aggregate_wcn
	1	all
	4	compute_msf
	4	compute_wcn
	4	model_refinement
	1	plot_aprs_msf_wcn
	1	protein_modelling
	17
Select jobs to execute...

[Fri Feb 12 17:51:49 2021]
rule protein_modelling:
    input: ancestral_reconstruction/alignment_trimmed.faa, apoa1.pdb
    output: ancestral_reconstruction/model_*/best_model.pdb
    jobid: 14

Waiting at most 5 seconds for missing files.
MissingOutputException in line 342 of /home/tmasson/APOA1_evolution/Snakefile:
Job Missing files after 5 seconds:
ancestral_reconstruction/model_*/best_model.pdb
This might be due to filesystem latency. If that is the case, consider to increase the wait time with --latency-wait.
Job id: 14 completed successfully, but some output files are missing. 14
  File "/home/tmasson/miniconda3/envs/apoa1/lib/python3.8/site-packages/snakemake/executors/__init__.py", line 583, in handle_job_success
  File "/home/tmasson/miniconda3/envs/apoa1/lib/python3.8/site-packages/snakemake/executors/__init__.py", line 252, in handle_job_success
Shutting down, this might take some time.
Exiting because a job execution failed. Look above for error message
Complete log: /home/tmasson/APOA1_evolution/.snakemake/log/2021-02-12T175149.474562.snakemake.log
